#
# A fatal error has been detected by the Java Runtime Environment:
#
#  EXCEPTION_ACCESS_VIOLATION (0xc0000005) at pc=0x0000000000000000, pid=13944, tid=0x00000000000032a8
#
# JRE version: OpenJDK Runtime Environment (8.0_242-b01) (build 1.8.0_242-release-1644-b01)
# Java VM: OpenJDK 64-Bit Server VM (25.242-b01 mixed mode windows-amd64 compressed oops)
# Problematic frame:
# C  0x0000000000000000
#
# Failed to write core dump. Minidumps are not enabled by default on client versions of Windows
#
# If you would like to submit a bug report, please visit:
#   
#

---------------  T H R E A D  ---------------

Current thread (0x00000000023b8800):  GCTaskThread [stack: 0x0000000011e70000,0x0000000011f70000] [id=12968]

siginfo: ExceptionCode=0xc0000005, ExceptionInformation=0x0000000000000008 0x0000000000000000

Registers:
RAX=0x0000000100087fd8, RBX=0x00000000ec4ad428, RCX=0x00000001004b2cc8, RDX=0x000000000248c700
RSP=0x0000000011f6f648, RBP=0x000000000000003f, RSI=0x000000000248c700, RDI=0x00000000a75dfb18
R8 =0x00000000a75dfb18, R9 =0x00000001004b2cc8, R10=0x0000000000000000, R11=0x00000000a75dfb18
R12=0x0000000011872cbe, R13=0x000000000000000d, R14=0x0000000000000001, R15=0x00000000023b24d0
RIP=0x0000000000000000, EFLAGS=0x0000000000010203

Top of Stack: (sp=0x0000000011f6f648)
0x0000000011f6f648:   0000000062532a31 00000000ec4ad410
0x0000000011f6f658:   0000000000000003 000000000248c700
0x0000000011f6f668:   000000006252f765 00000000f58fc010
0x0000000011f6f678:   0000000000001000 00000000a75df240
0x0000000011f6f688:   0000000000000400 0000000000000000
0x0000000011f6f698:   000000000248c700 0000000011872cbe
0x0000000011f6f6a8:   0000000062532b20 00000000a75dfb0c
0x0000000011f6f6b8:   0000000011872d01 000000000248c700
0x0000000011f6f6c8:   00000000a259c540 00000000a75dfb0c
0x0000000011f6f6d8:   00000000625336c5 00000000e1e31668
0x0000000011f6f6e8:   0000000011872d01 000000000248c700
0x0000000011f6f6f8:   0000000000000003 000000000248c700
0x0000000011f6f708:   00007ffef4cf1e93 00000000a251bfdc
0x0000000011f6f718:   000000006224fdb0 000000000248c700
0x0000000011f6f728:   000000006224e3a3 00000000a25986ad
0x0000000011f6f738:   00000000a25986ad 00000000a259428c 

Instructions: (pc=0x0000000000000000)
0xffffffffffffffe0:   


Register to memory mapping:

RAX=0x0000000100087fd8 is pointing into metadata
RBX=0x00000000ec4ad428 is an oop

[error occurred during error reporting (printing register info), id 0xc0000005]

Stack: [0x0000000011e70000,0x0000000011f70000],  sp=0x0000000011f6f648,  free space=1021k
Native frames: (J=compiled Java code, j=interpreted, Vv=VM code, C=native code)


---------------  P R O C E S S  ---------------

Java Threads: ( => current thread )
  0x000000001f3be000 JavaThread "stdout" [_thread_in_native, id=13752, stack(0x0000000030eb0000,0x0000000030fb0000)]
  0x000000001c105000 JavaThread "stderr" [_thread_in_native, id=11572, stack(0x0000000030db0000,0x0000000030eb0000)]
  0x000000002e7c1000 JavaThread "pool-8-thread-1" [_thread_blocked, id=7212, stack(0x000000002fc40000,0x000000002fd40000)]
  0x000000002e7c0800 JavaThread "WorkerExecutor Queue" [_thread_blocked, id=13940, stack(0x000000002fb40000,0x000000002fc40000)]
  0x000000002e7bd800 JavaThread "Cache worker for execution history cache (E:\SachinWorkspace\TechPlatform-DevOrg-Android\.gradle\6.5\executionHistory)" [_thread_blocked, id=11704, stack(0x0000000024900000,0x0000000024a00000)]
  0x000000002e7bc000 JavaThread "Execution worker for ':' Thread 3" [_thread_blocked, id=12400, stack(0x000000002f510000,0x000000002f610000)]
  0x000000002e7bf000 JavaThread "Execution worker for ':' Thread 2" [_thread_blocked, id=8252, stack(0x000000002c1a0000,0x000000002c2a0000)]
  0x000000002e7bf800 JavaThread "Execution worker for ':'" [_thread_blocked, id=9332, stack(0x0000000024a10000,0x0000000024b10000)]
  0x000000002e7bc800 JavaThread "Cache worker for file content cache (E:\SachinWorkspace\TechPlatform-DevOrg-Android\.gradle\6.5\fileContent)" [_thread_blocked, id=12736, stack(0x0000000020780000,0x0000000020880000)]
  0x000000002e7b9000 JavaThread "Cache worker for Build Output Cleanup Cache (E:\SachinWorkspace\TechPlatform-DevOrg-Android\.gradle\buildOutputCleanup)" [_thread_blocked, id=3760, stack(0x000000002bca0000,0x000000002bda0000)]
  0x000000002e7b4800 JavaThread "jar transforms Thread 324" [_thread_blocked, id=12464, stack(0x000000002ba50000,0x000000002bb50000)]
  0x000000002e7b6800 JavaThread "jar transforms Thread 323" [_thread_blocked, id=14144, stack(0x000000002b270000,0x000000002b370000)]
  0x000000002e7b8000 JavaThread "jar transforms Thread 322" [_thread_blocked, id=10568, stack(0x000000002b170000,0x000000002b270000)]
  0x000000002e7b5000 JavaThread "jar transforms Thread 321" [_thread_blocked, id=13548, stack(0x000000002b070000,0x000000002b170000)]
  0x000000002e7b6000 JavaThread "jar transforms Thread 320" [_thread_blocked, id=9752, stack(0x000000002af70000,0x000000002b070000)]
  0x000000002e7bb000 JavaThread "jar transforms Thread 319" [_thread_blocked, id=284, stack(0x000000002ae70000,0x000000002af70000)]
  0x000000002e7ba800 JavaThread "jar transforms Thread 318" [_thread_blocked, id=8644, stack(0x000000002a090000,0x000000002a190000)]
  0x000000002e7b9800 JavaThread "jar transforms Thread 317" [_thread_blocked, id=348, stack(0x0000000027a70000,0x0000000027b70000)]
  0x000000002e7b7800 JavaThread "jar transforms Thread 316" [_thread_blocked, id=14240, stack(0x0000000027760000,0x0000000027860000)]
  0x000000002e7b3800 JavaThread "jar transforms Thread 315" [_thread_blocked, id=2584, stack(0x0000000027660000,0x0000000027760000)]
  0x000000002e7b3000 JavaThread "jar transforms Thread 314" [_thread_blocked, id=13500, stack(0x0000000027560000,0x0000000027660000)]
  0x000000002e7b2000 JavaThread "jar transforms Thread 313" [_thread_blocked, id=13532, stack(0x0000000027460000,0x0000000027560000)]
  0x000000002cb7d000 JavaThread "jar transforms Thread 312" [_thread_blocked, id=4076, stack(0x0000000027360000,0x0000000027460000)]
  0x000000002cb7c800 JavaThread "jar transforms Thread 311" [_thread_blocked, id=12908, stack(0x0000000027260000,0x0000000027360000)]
  0x000000002cb7b800 JavaThread "jar transforms Thread 310" [_thread_blocked, id=13252, stack(0x0000000027160000,0x0000000027260000)]
  0x000000002cb7b000 JavaThread "jar transforms Thread 309" [_thread_blocked, id=7048, stack(0x0000000027060000,0x0000000027160000)]
  0x000000002cb73800 JavaThread "jar transforms Thread 308" [_thread_blocked, id=13140, stack(0x0000000026f60000,0x0000000027060000)]
  0x000000002cb7a000 JavaThread "jar transforms Thread 307" [_thread_blocked, id=7788, stack(0x0000000026e60000,0x0000000026f60000)]
  0x000000002cb72800 JavaThread "jar transforms Thread 306" [_thread_blocked, id=10752, stack(0x0000000026d60000,0x0000000026e60000)]
  0x000000002cb79800 JavaThread "jar transforms Thread 305" [_thread_blocked, id=13368, stack(0x0000000026c60000,0x0000000026d60000)]
  0x000000002cb78000 JavaThread "jar transforms Thread 304" [_thread_blocked, id=13444, stack(0x0000000026b60000,0x0000000026c60000)]
  0x000000002cb72000 JavaThread "jar transforms Thread 303" [_thread_blocked, id=14320, stack(0x0000000026a60000,0x0000000026b60000)]
  0x000000002cb77000 JavaThread "jar transforms Thread 302" [_thread_blocked, id=13680, stack(0x0000000026960000,0x0000000026a60000)]
  0x000000002cb78800 JavaThread "jar transforms Thread 301" [_thread_blocked, id=7424, stack(0x0000000026860000,0x0000000026960000)]
  0x000000002cb6f800 JavaThread "jar transforms Thread 300" [_thread_blocked, id=11768, stack(0x0000000026760000,0x0000000026860000)]
  0x000000002cb76800 JavaThread "jar transforms Thread 299" [_thread_blocked, id=12640, stack(0x0000000026660000,0x0000000026760000)]
  0x000000002cb6f000 JavaThread "jar transforms Thread 298" [_thread_blocked, id=7576, stack(0x0000000026560000,0x0000000026660000)]
  0x000000002cb71000 JavaThread "jar transforms Thread 297" [_thread_blocked, id=13816, stack(0x0000000026460000,0x0000000026560000)]
  0x000000002cb75800 JavaThread "jar transforms Thread 296" [_thread_blocked, id=13688, stack(0x0000000026360000,0x0000000026460000)]
  0x000000002cb75000 JavaThread "jar transforms Thread 295" [_thread_blocked, id=8368, stack(0x0000000026260000,0x0000000026360000)]
  0x000000002cb70800 JavaThread "jar transforms Thread 294" [_thread_blocked, id=14008, stack(0x0000000026160000,0x0000000026260000)]
  0x000000002cb74000 JavaThread "jar transforms Thread 293" [_thread_blocked, id=3188, stack(0x0000000026060000,0x0000000026160000)]
  0x000000002cb6e000 JavaThread "jar transforms Thread 292" [_thread_blocked, id=14216, stack(0x0000000025f60000,0x0000000026060000)]
  0x0000000019a4d800 JavaThread "jar transforms Thread 291" [_thread_blocked, id=8428, stack(0x0000000025e60000,0x0000000025f60000)]
  0x0000000019a51000 JavaThread "jar transforms Thread 290" [_thread_blocked, id=5216, stack(0x0000000025d60000,0x0000000025e60000)]
  0x0000000019a4b000 JavaThread "jar transforms Thread 289" [_thread_blocked, id=7968, stack(0x0000000025c60000,0x0000000025d60000)]
  0x0000000019a4e000 JavaThread "jar transforms Thread 288" [_thread_blocked, id=13596, stack(0x0000000025b60000,0x0000000025c60000)]
  0x000000001c654000 JavaThread "jar transforms Thread 287" [_thread_blocked, id=188, stack(0x0000000025a60000,0x0000000025b60000)]
  0x000000001c653800 JavaThread "jar transforms Thread 286" [_thread_blocked, id=692, stack(0x0000000025960000,0x0000000025a60000)]
  0x000000001c656800 JavaThread "jar transforms Thread 285" [_thread_blocked, id=2996, stack(0x0000000025860000,0x0000000025960000)]
  0x000000001c64f800 JavaThread "jar transforms Thread 284" [_thread_blocked, id=11652, stack(0x0000000025760000,0x0000000025860000)]
  0x000000001c655000 JavaThread "jar transforms Thread 283" [_thread_blocked, id=4964, stack(0x0000000025660000,0x0000000025760000)]
  0x000000001c64a000 JavaThread "jar transforms Thread 282" [_thread_blocked, id=11584, stack(0x0000000025560000,0x0000000025660000)]
  0x000000001c64b800 JavaThread "jar transforms Thread 281" [_thread_blocked, id=4080, stack(0x0000000025460000,0x0000000025560000)]
  0x000000001c64f000 JavaThread "jar transforms Thread 280" [_thread_blocked, id=10288, stack(0x0000000025360000,0x0000000025460000)]
  0x000000001c647000 JavaThread "jar transforms Thread 279" [_thread_blocked, id=13568, stack(0x0000000025260000,0x0000000025360000)]
  0x000000001c649800 JavaThread "jar transforms Thread 278" [_thread_blocked, id=12708, stack(0x0000000025160000,0x0000000025260000)]
  0x000000001c64d000 JavaThread "jar transforms Thread 277" [_thread_blocked, id=13988, stack(0x0000000025060000,0x0000000025160000)]
  0x000000001c648800 JavaThread "jar transforms Thread 276" [_thread_blocked, id=8176, stack(0x0000000024f60000,0x0000000025060000)]
  0x000000001a085800 JavaThread "jar transforms Thread 275" [_thread_blocked, id=12188, stack(0x0000000024e60000,0x0000000024f60000)]
  0x000000001a07e000 JavaThread "jar transforms Thread 274" [_thread_blocked, id=12144, stack(0x0000000024d60000,0x0000000024e60000)]
  0x000000001a084800 JavaThread "jar transforms Thread 273" [_thread_blocked, id=12200, stack(0x0000000024c60000,0x0000000024d60000)]
  0x000000001a084000 JavaThread "jar transforms Thread 272" [_thread_blocked, id=12584, stack(0x0000000024b60000,0x0000000024c60000)]
  0x000000001a07f800 JavaThread "jar transforms Thread 271" [_thread_blocked, id=7084, stack(0x000000001e330000,0x000000001e430000)]
  0x000000001a083000 JavaThread "jar transforms Thread 270" [_thread_blocked, id=13304, stack(0x0000000024800000,0x0000000024900000)]
  0x000000001a082800 JavaThread "jar transforms Thread 269" [_thread_blocked, id=10456, stack(0x0000000024700000,0x0000000024800000)]
  0x000000001a07d000 JavaThread "jar transforms Thread 268" [_thread_blocked, id=960, stack(0x0000000024600000,0x0000000024700000)]
  0x000000001a07e800 JavaThread "jar transforms Thread 267" [_thread_blocked, id=14064, stack(0x0000000024500000,0x0000000024600000)]
  0x000000001a081800 JavaThread "jar transforms Thread 266" [_thread_blocked, id=10364, stack(0x0000000024400000,0x0000000024500000)]
  0x000000001a080000 JavaThread "jar transforms Thread 265" [_thread_blocked, id=544, stack(0x0000000024300000,0x0000000024400000)]
  0x000000001a081000 JavaThread "jar transforms Thread 264" [_thread_blocked, id=12280, stack(0x0000000024200000,0x0000000024300000)]
  0x000000001a076800 JavaThread "jar transforms Thread 263" [_thread_blocked, id=10468, stack(0x0000000024100000,0x0000000024200000)]
  0x000000001a07b800 JavaThread "jar transforms Thread 262" [_thread_blocked, id=12964, stack(0x0000000024000000,0x0000000024100000)]
  0x000000001a07c800 JavaThread "jar transforms Thread 261" [_thread_blocked, id=13692, stack(0x0000000023f00000,0x0000000024000000)]
  0x000000001a078800 JavaThread "jar transforms Thread 260" [_thread_blocked, id=10680, stack(0x0000000023e00000,0x0000000023f00000)]
  0x000000001a078000 JavaThread "jar transforms Thread 259" [_thread_blocked, id=12080, stack(0x0000000023d00000,0x0000000023e00000)]
  0x000000001a077000 JavaThread "jar transforms Thread 258" [_thread_blocked, id=216, stack(0x0000000023c00000,0x0000000023d00000)]
  0x000000002942a800 JavaThread "jar transforms Thread 257" [_thread_blocked, id=12632, stack(0x0000000023b00000,0x0000000023c00000)]
  0x0000000029423800 JavaThread "jar transforms Thread 256" [_thread_blocked, id=12752, stack(0x0000000023a00000,0x0000000023b00000)]
  0x0000000029429800 JavaThread "jar transforms Thread 255" [_thread_blocked, id=14236, stack(0x0000000023900000,0x0000000023a00000)]
  0x0000000029429000 JavaThread "jar transforms Thread 254" [_thread_blocked, id=12824, stack(0x0000000023800000,0x0000000023900000)]
  0x0000000029426800 JavaThread "jar transforms Thread 253" [_thread_blocked, id=5968, stack(0x0000000023700000,0x0000000023800000)]
  0x0000000029428000 JavaThread "jar transforms Thread 252" [_thread_blocked, id=13652, stack(0x0000000023600000,0x0000000023700000)]
  0x0000000029420000 JavaThread "jar transforms Thread 251" [_thread_blocked, id=13412, stack(0x0000000023500000,0x0000000023600000)]
  0x000000002941f000 JavaThread "jar transforms Thread 250" [_thread_blocked, id=14168, stack(0x0000000023400000,0x0000000023500000)]
  0x0000000029426000 JavaThread "jar transforms Thread 249" [_thread_blocked, id=12448, stack(0x0000000023300000,0x0000000023400000)]
  0x0000000029424800 JavaThread "jar transforms Thread 248" [_thread_blocked, id=12776, stack(0x0000000023200000,0x0000000023300000)]
  0x000000002941e800 JavaThread "jar transforms Thread 247" [_thread_blocked, id=4696, stack(0x0000000023100000,0x0000000023200000)]
  0x000000002941c000 JavaThread "jar transforms Thread 246" [_thread_blocked, id=13784, stack(0x0000000023000000,0x0000000023100000)]
  0x0000000029423000 JavaThread "jar transforms Thread 245" [_thread_blocked, id=10492, stack(0x0000000022f00000,0x0000000023000000)]
  0x0000000029420800 JavaThread "jar transforms Thread 244" [_thread_blocked, id=7704, stack(0x0000000022e00000,0x0000000022f00000)]
  0x0000000029422000 JavaThread "jar transforms Thread 243" [_thread_blocked, id=12516, stack(0x0000000022d00000,0x0000000022e00000)]
  0x0000000029421800 JavaThread "jar transforms Thread 242" [_thread_blocked, id=7020, stack(0x0000000022c00000,0x0000000022d00000)]
  0x000000002941d800 JavaThread "jar transforms Thread 241" [_thread_blocked, id=13336, stack(0x0000000022b00000,0x0000000022c00000)]
  0x000000002941d000 JavaThread "jar transforms Thread 240" [_thread_blocked, id=14244, stack(0x0000000022a00000,0x0000000022b00000)]
  0x000000001c10a800 JavaThread "jar transforms Thread 239" [_thread_blocked, id=12368, stack(0x0000000022900000,0x0000000022a00000)]
  0x000000001c10b000 JavaThread "jar transforms Thread 238" [_thread_blocked, id=8412, stack(0x0000000022800000,0x0000000022900000)]
  0x000000001c109800 JavaThread "jar transforms Thread 237" [_thread_blocked, id=13400, stack(0x0000000022700000,0x0000000022800000)]
  0x000000001c109000 JavaThread "jar transforms Thread 236" [_thread_blocked, id=10400, stack(0x0000000022600000,0x0000000022700000)]
  0x000000001c108000 JavaThread "jar transforms Thread 235" [_thread_blocked, id=12856, stack(0x0000000022500000,0x0000000022600000)]
  0x000000001c100800 JavaThread "jar transforms Thread 234" [_thread_blocked, id=13236, stack(0x0000000022400000,0x0000000022500000)]
  0x000000001c107800 JavaThread "jar transforms Thread 233" [_thread_blocked, id=8824, stack(0x0000000022300000,0x0000000022400000)]
  0x000000001c100000 JavaThread "jar transforms Thread 232" [_thread_blocked, id=14096, stack(0x0000000022200000,0x0000000022300000)]
  0x000000001c106800 JavaThread "jar transforms Thread 231" [_thread_blocked, id=12008, stack(0x0000000022100000,0x0000000022200000)]
  0x000000001c106000 JavaThread "jar transforms Thread 230" [_thread_blocked, id=12684, stack(0x0000000022000000,0x0000000022100000)]
  0x000000001c0fd800 JavaThread "jar transforms Thread 229" [_thread_blocked, id=14124, stack(0x0000000021f00000,0x0000000022000000)]
  0x000000001c0ff000 JavaThread "jar transforms Thread 228" [_thread_blocked, id=5820, stack(0x0000000021e00000,0x0000000021f00000)]
  0x000000001c101800 JavaThread "jar transforms Thread 227" [_thread_blocked, id=14180, stack(0x0000000021d00000,0x0000000021e00000)]
  0x000000001c102000 JavaThread "jar transforms Thread 226" [_thread_blocked, id=12800, stack(0x0000000021c00000,0x0000000021d00000)]
  0x000000001c104800 JavaThread "jar transforms Thread 225" [_thread_blocked, id=2024, stack(0x0000000021b00000,0x0000000021c00000)]
  0x000000001c0fd000 JavaThread "jar transforms Thread 224" [_thread_blocked, id=14300, stack(0x0000000021a00000,0x0000000021b00000)]
  0x000000001c103800 JavaThread "jar transforms Thread 223" [_thread_blocked, id=11336, stack(0x0000000021900000,0x0000000021a00000)]
  0x000000001c0fe800 JavaThread "jar transforms Thread 222" [_thread_blocked, id=14204, stack(0x0000000021620000,0x0000000021720000)]
  0x000000001c0fc000 JavaThread "jar transforms Thread 221" [_thread_blocked, id=13096, stack(0x0000000021520000,0x0000000021620000)]
  0x000000001c4e6800 JavaThread "jar transforms Thread 220" [_thread_blocked, id=12932, stack(0x0000000021180000,0x0000000021280000)]
  0x000000001c4e9800 JavaThread "jar transforms Thread 219" [_thread_blocked, id=13132, stack(0x0000000021080000,0x0000000021180000)]
  0x000000001c4e8800 JavaThread "jar transforms Thread 218" [_thread_blocked, id=13884, stack(0x0000000020b60000,0x0000000020c60000)]
  0x000000001c4e7000 JavaThread "jar transforms Thread 217" [_thread_blocked, id=12124, stack(0x0000000020a60000,0x0000000020b60000)]
  0x000000001c4e8000 JavaThread "Build operations Thread 4" [_thread_blocked, id=3244, stack(0x0000000020960000,0x0000000020a60000)]
  0x000000001c4e5800 JavaThread "Build operations Thread 3" [_thread_blocked, id=13116, stack(0x000000001ff80000,0x0000000020080000)]
  0x000000001c4e5000 JavaThread "Build operations Thread 2" [_thread_blocked, id=14148, stack(0x000000001fa80000,0x000000001fb80000)]
  0x000000001c4e4000 JavaThread "Build operations" [_thread_blocked, id=220, stack(0x000000001f680000,0x000000001f780000)]
  0x000000001c4dc800 JavaThread "Cache worker for cache directory md-rule (C:\Users\Sachin\.gradle\caches\6.5\md-rule)" [_thread_blocked, id=11072, stack(0x000000001e230000,0x000000001e330000)]
  0x000000001c4e2800 JavaThread "Cache worker for cache directory md-supplier (C:\Users\Sachin\.gradle\caches\6.5\md-supplier)" [_thread_blocked, id=5076, stack(0x000000001b890000,0x000000001b990000)]
  0x000000001c4e0800 JavaThread "Cache worker for checksums cache (E:\SachinWorkspace\TechPlatform-DevOrg-Android\.gradle\checksums)" [_thread_blocked, id=11204, stack(0x000000001b790000,0x000000001b890000)]
  0x000000001c4e2000 JavaThread "Cache worker for file hash cache (E:\SachinWorkspace\TechPlatform-DevOrg-Android\.gradle\6.5\fileHashes)" [_thread_blocked, id=3912, stack(0x000000001b690000,0x000000001b790000)]
  0x000000001c4df000 JavaThread "Thread-304" [_thread_blocked, id=8928, stack(0x000000001b590000,0x000000001b690000)]
  0x000000001c4dc000 JavaThread "Stdin handler" [_thread_blocked, id=12248, stack(0x000000001b490000,0x000000001b590000)]
  0x000000001c4dd800 JavaThread "Asynchronous log dispatcher for DefaultDaemonConnection: socket connection from /127.0.0.1:57564 to /127.0.0.1:58634" [_thread_blocked, id=3360, stack(0x000000001b390000,0x000000001b490000)]
  0x000000001c4df800 JavaThread "Daemon worker Thread 3" [_thread_blocked, id=9848, stack(0x000000001b290000,0x000000001b390000)]
  0x000000001c4de000 JavaThread "Cancel handler" [_thread_blocked, id=10876, stack(0x000000001ac50000,0x000000001ad50000)]
  0x000000001c4e1000 JavaThread "Handler for socket connection from /127.0.0.1:57564 to /127.0.0.1:58634" [_thread_in_native, id=2736, stack(0x000000001ab50000,0x000000001ac50000)]
  0x000000001c4da800 JavaThread "Daemon Thread 3" [_thread_blocked, id=12152, stack(0x00000000021a0000,0x00000000022a0000)]
  0x000000001c655800 JavaThread "Cache worker for Java compile cache (C:\Users\Sachin\.gradle\caches\6.5\javaCompile)" [_thread_blocked, id=13332, stack(0x000000002bba0000,0x000000002bca0000)]
  0x000000001c64e000 JavaThread "Memory manager" [_thread_blocked, id=8220, stack(0x000000002a210000,0x000000002a310000)]
  0x0000000019a4c000 JavaThread "Cache worker for file content cache (C:\Users\Sachin\.gradle\caches\6.5\fileContent)" [_thread_blocked, id=13812, stack(0x0000000020080000,0x0000000020180000)]
  0x0000000019a4f800 JavaThread "Cache worker for execution history cache (C:\Users\Sachin\.gradle\caches\6.5\executionHistory)" [_thread_blocked, id=6984, stack(0x000000001f780000,0x000000001f880000)]
  0x0000000019a4c800 JavaThread "Cache worker for file hash cache (C:\Users\Sachin\.gradle\caches\6.5\fileHashes)" [_thread_blocked, id=5128, stack(0x000000001bd90000,0x000000001be90000)]
  0x0000000019a4f000 JavaThread "File lock request listener" [_thread_in_native, id=9560, stack(0x000000001bc90000,0x000000001bd90000)]
  0x0000000017b25000 JavaThread "Cache worker for journal cache (C:\Users\Sachin\.gradle\caches\journal-1)" [_thread_blocked, id=9468, stack(0x000000001bb90000,0x000000001bc90000)]
  0x000000001992b000 JavaThread "Daemon periodic checks" [_thread_blocked, id=13464, stack(0x000000001af90000,0x000000001b090000)]
  0x0000000019928000 JavaThread "Incoming local TCP Connector on port 57564" [_thread_in_native, id=12016, stack(0x000000001ad50000,0x000000001ae50000)]
  0x0000000019842000 JavaThread "Daemon health stats" [_thread_blocked, id=1324, stack(0x000000001a710000,0x000000001a810000)]
  0x0000000017798800 JavaThread "Service Thread" daemon [_thread_blocked, id=12956, stack(0x0000000017b70000,0x0000000017c70000)]
  0x0000000015e2a800 JavaThread "C1 CompilerThread2" daemon [_thread_blocked, id=13660, stack(0x0000000017670000,0x0000000017770000)]
  0x0000000015e1b000 JavaThread "C2 CompilerThread1" daemon [_thread_blocked, id=13580, stack(0x0000000017570000,0x0000000017670000)]
  0x0000000015e18000 JavaThread "C2 CompilerThread0" daemon [_thread_blocked, id=14076, stack(0x0000000017470000,0x0000000017570000)]
  0x0000000015e14000 JavaThread "Attach Listener" daemon [_thread_blocked, id=12320, stack(0x0000000017370000,0x0000000017470000)]
  0x0000000015e13000 JavaThread "Signal Dispatcher" daemon [_thread_blocked, id=2712, stack(0x0000000017270000,0x0000000017370000)]
  0x0000000015df8800 JavaThread "Finalizer" daemon [_thread_blocked, id=11948, stack(0x0000000017070000,0x0000000017170000)]
  0x0000000002492000 JavaThread "Reference Handler" daemon [_thread_blocked, id=12704, stack(0x0000000016f70000,0x0000000017070000)]
  0x000000000219d800 JavaThread "main" [_thread_blocked, id=536, stack(0x00000000022a0000,0x00000000023a0000)]

Other Threads:
  0x0000000015dd6000 VMThread [stack: 0x0000000016e70000,0x0000000016f70000] [id=12312]
  0x0000000015e6d800 WatcherThread [stack: 0x0000000017c70000,0x0000000017d70000] [id=5236]

=>0x00000000023b8800 (exited) GCTaskThread [stack: 0x0000000011e70000,0x0000000011f70000] [id=12968]

VM state:at safepoint (normal execution)

VM Mutex/Monitor currently owned by a thread:  ([mutex/lock_event])
[0x000000000219c600] Threads_lock - owner thread: 0x0000000015dd6000
[0x000000000219ce80] Heap_lock - owner thread: 0x000000001c4e5800

heap address: 0x00000000a0000000, size: 1536 MB, Compressed Oops mode: 32-bit
Narrow klass base: 0x0000000000000000, Narrow klass shift: 3
Compressed class space size: 1073741824 Address: 0x0000000100000000

Heap:
 PSYoungGen      total 347136K, used 244274K [0x00000000e0000000, 0x00000000fea80000, 0x0000000100000000)
  eden space 188928K, 99% used [0x00000000e0000000,0x00000000eb87f230,0x00000000eb880000)
  from space 158208K, 34% used [0x00000000eb880000,0x00000000eee8d6d8,0x00000000f5300000)
  to   space 150528K, 2% used [0x00000000f5780000,0x00000000f5b2e1c0,0x00000000fea80000)
 ParOldGen       total 423424K, used 154484K [0x00000000a0000000, 0x00000000b9d80000, 0x00000000e0000000)
  object space 423424K, 36% used [0x00000000a0000000,0x00000000a96dd3a0,0x00000000b9d80000)
 Metaspace       used 115808K, capacity 121346K, committed 122152K, reserved 1155072K
  class space    used 14443K, capacity 15425K, committed 15664K, reserved 1048576K

Card table byte_map: [0x0000000011860000,0x0000000011b70000] byte_map_base: 0x0000000011360000

Marking Bits: (ParMarkBitMap*) 0x000000006292f030
 Begin Bits: [0x0000000012170000, 0x0000000013970000)
 End Bits:   [0x0000000013970000, 0x0000000015170000)

Polling page: 0x0000000000880000

CodeCache: size=245760Kb used=82417Kb max_used=82496Kb free=163342Kb
 bounds [0x00000000024a0000, 0x00000000076c0000, 0x00000000114a0000]
 total_blobs=23130 nmethods=22221 adapters=817
 compilation: enabled

Compilation events (10 events):
Event: 3305.173 Thread 0x0000000015e2a800 30012       3       org.gradle.api.internal.tasks.execution.ExecuteActionsTaskExecuter$TaskExecution::getExecutionHistoryStore (29 bytes)
Event: 3305.174 Thread 0x0000000015e2a800 nmethod 30012 0x0000000004e10e50 code [0x0000000004e11000, 0x0000000004e115e8]
Event: 3305.175 Thread 0x0000000015e2a800 30013       3       org.gradle.execution.plan.DefaultExecutionPlan::getOverLappedPath (83 bytes)
Event: 3305.176 Thread 0x0000000015e2a800 nmethod 30013 0x0000000004aa5690 code [0x0000000004aa5880, 0x0000000004aa64a8]
Event: 3305.181 Thread 0x0000000015e18000 30014       4       org.gradle.internal.service.DefaultServiceRegistry::serviceRequested (42 bytes)
Event: 3305.183 Thread 0x0000000015e18000 nmethod 30014 0x0000000006ba04d0 code [0x0000000006ba0620, 0x0000000006ba0718]
Event: 3305.186 Thread 0x0000000015e2a800 30015       3       org.gradle.api.tasks.util.PatternSet::isEmpty (82 bytes)
Event: 3305.187 Thread 0x0000000015e2a800 nmethod 30015 0x0000000004e10410 code [0x0000000004e105c0, 0x0000000004e10c18]
Event: 3305.188 Thread 0x0000000015e1b000 30016       4       org.gradle.api.internal.provider.AbstractProperty::calculateOwnValue (15 bytes)
Event: 3305.194 Thread 0x0000000015e1b000 nmethod 30016 0x0000000004d51e10 code [0x0000000004d51fa0, 0x0000000004d522d8]

GC Heap History (10 events):
Event: 3145.761 GC heap after
Heap after GC invocations=36 (full 4):
 PSYoungGen      total 356864K, used 75760K [0x00000000e0000000, 0x0000000100000000, 0x0000000100000000)
  eden space 182272K, 0% used [0x00000000e0000000,0x00000000e0000000,0x00000000eb200000)
  from space 174592K, 43% used [0x00000000f5580000,0x00000000f9f7c2a8,0x0000000100000000)
  to   space 167424K, 0% used [0x00000000eb200000,0x00000000eb200000,0x00000000f5580000)
 ParOldGen       total 435712K, used 368460K [0x00000000a0000000, 0x00000000ba980000, 0x00000000e0000000)
  object space 435712K, 84% used [0x00000000a0000000,0x00000000b67d3260,0x00000000ba980000)
 Metaspace       used 115770K, capacity 121472K, committed 121896K, reserved 1155072K
  class space    used 14525K, capacity 15582K, committed 15664K, reserved 1048576K
}
Event: 3147.570 GC heap before
{Heap before GC invocations=37 (full 4):
 PSYoungGen      total 356864K, used 258032K [0x00000000e0000000, 0x0000000100000000, 0x0000000100000000)
  eden space 182272K, 100% used [0x00000000e0000000,0x00000000eb200000,0x00000000eb200000)
  from space 174592K, 43% used [0x00000000f5580000,0x00000000f9f7c2a8,0x0000000100000000)
  to   space 167424K, 0% used [0x00000000eb200000,0x00000000eb200000,0x00000000f5580000)
 ParOldGen       total 435712K, used 368460K [0x00000000a0000000, 0x00000000ba980000, 0x00000000e0000000)
  object space 435712K, 84% used [0x00000000a0000000,0x00000000b67d3260,0x00000000ba980000)
 Metaspace       used 115896K, capacity 121642K, committed 121896K, reserved 1155072K
  class space    used 14542K, capacity 15609K, committed 15664K, reserved 1048576K
Event: 3147.730 GC heap after
Heap after GC invocations=37 (full 4):
 PSYoungGen      total 214016K, used 31474K [0x00000000e0000000, 0x00000000ff400000, 0x0000000100000000)
  eden space 182272K, 0% used [0x00000000e0000000,0x00000000e0000000,0x00000000eb200000)
  from space 31744K, 99% used [0x00000000eb200000,0x00000000ed0bcbe8,0x00000000ed100000)
  to   space 164864K, 0% used [0x00000000f5300000,0x00000000f5300000,0x00000000ff400000)
 ParOldGen       total 435712K, used 424318K [0x00000000a0000000, 0x00000000ba980000, 0x00000000e0000000)
  object space 435712K, 97% used [0x00000000a0000000,0x00000000b9e5f940,0x00000000ba980000)
 Metaspace       used 115896K, capacity 121642K, committed 121896K, reserved 1155072K
  class space    used 14542K, capacity 15609K, committed 15664K, reserved 1048576K
}
Event: 3147.730 GC heap before
{Heap before GC invocations=38 (full 5):
 PSYoungGen      total 214016K, used 31474K [0x00000000e0000000, 0x00000000ff400000, 0x0000000100000000)
  eden space 182272K, 0% used [0x00000000e0000000,0x00000000e0000000,0x00000000eb200000)
  from space 31744K, 99% used [0x00000000eb200000,0x00000000ed0bcbe8,0x00000000ed100000)
  to   space 164864K, 0% used [0x00000000f5300000,0x00000000f5300000,0x00000000ff400000)
 ParOldGen       total 435712K, used 424318K [0x00000000a0000000, 0x00000000ba980000, 0x00000000e0000000)
  object space 435712K, 97% used [0x00000000a0000000,0x00000000b9e5f940,0x00000000ba980000)
 Metaspace       used 115896K, capacity 121642K, committed 121896K, reserved 1155072K
  class space    used 14542K, capacity 15609K, committed 15664K, reserved 1048576K
Event: 3148.187 GC heap after
Heap after GC invocations=38 (full 5):
 PSYoungGen      total 214016K, used 0K [0x00000000e0000000, 0x00000000ff400000, 0x0000000100000000)
  eden space 182272K, 0% used [0x00000000e0000000,0x00000000e0000000,0x00000000eb200000)
  from space 31744K, 0% used [0x00000000eb200000,0x00000000eb200000,0x00000000ed100000)
  to   space 164864K, 0% used [0x00000000f5300000,0x00000000f5300000,0x00000000ff400000)
 ParOldGen       total 423424K, used 112818K [0x00000000a0000000, 0x00000000b9d80000, 0x00000000e0000000)
  object space 423424K, 26% used [0x00000000a0000000,0x00000000a6e2ca10,0x00000000b9d80000)
 Metaspace       used 115029K, capacity 120048K, committed 121896K, reserved 1155072K
  class space    used 14319K, capacity 15224K, committed 15664K, reserved 1048576K
}
Event: 3149.285 GC heap before
{Heap before GC invocations=39 (full 5):
 PSYoungGen      total 214016K, used 179162K [0x00000000e0000000, 0x00000000ff400000, 0x0000000100000000)
  eden space 182272K, 98% used [0x00000000e0000000,0x00000000eaef6920,0x00000000eb200000)
  from space 31744K, 0% used [0x00000000eb200000,0x00000000eb200000,0x00000000ed100000)
  to   space 164864K, 0% used [0x00000000f5300000,0x00000000f5300000,0x00000000ff400000)
 ParOldGen       total 423424K, used 112818K [0x00000000a0000000, 0x00000000b9d80000, 0x00000000e0000000)
  object space 423424K, 26% used [0x00000000a0000000,0x00000000a6e2ca10,0x00000000b9d80000)
 Metaspace       used 115031K, capacity 120048K, committed 121896K, reserved 1155072K
  class space    used 14319K, capacity 15224K, committed 15664K, reserved 1048576K
Event: 3149.355 GC heap after
Heap after GC invocations=39 (full 5):
 PSYoungGen      total 353792K, used 47864K [0x00000000e0000000, 0x0000000100000000, 0x0000000100000000)
  eden space 188928K, 0% used [0x00000000e0000000,0x00000000e0000000,0x00000000eb880000)
  from space 164864K, 29% used [0x00000000f5300000,0x00000000f81be0f8,0x00000000ff400000)
  to   space 158208K, 0% used [0x00000000eb880000,0x00000000eb880000,0x00000000f5300000)
 ParOldGen       total 423424K, used 112818K [0x00000000a0000000, 0x00000000b9d80000, 0x00000000e0000000)
  object space 423424K, 26% used [0x00000000a0000000,0x00000000a6e2ca10,0x00000000b9d80000)
 Metaspace       used 115031K, capacity 120048K, committed 121896K, reserved 1155072K
  class space    used 14319K, capacity 15224K, committed 15664K, reserved 1048576K
}
Event: 3303.335 GC heap before
{Heap before GC invocations=40 (full 5):
 PSYoungGen      total 353792K, used 236792K [0x00000000e0000000, 0x0000000100000000, 0x0000000100000000)
  eden space 188928K, 100% used [0x00000000e0000000,0x00000000eb880000,0x00000000eb880000)
  from space 164864K, 29% used [0x00000000f5300000,0x00000000f81be0f8,0x00000000ff400000)
  to   space 158208K, 0% used [0x00000000eb880000,0x00000000eb880000,0x00000000f5300000)
 ParOldGen       total 423424K, used 112818K [0x00000000a0000000, 0x00000000b9d80000, 0x00000000e0000000)
  object space 423424K, 26% used [0x00000000a0000000,0x00000000a6e2ca10,0x00000000b9d80000)
 Metaspace       used 115697K, capacity 121134K, committed 122152K, reserved 1155072K
  class space    used 14433K, capacity 15409K, committed 15664K, reserved 1048576K
Event: 3303.413 GC heap after
Heap after GC invocations=40 (full 5):
 PSYoungGen      total 347136K, used 55349K [0x00000000e0000000, 0x00000000fea80000, 0x0000000100000000)
  eden space 188928K, 0% used [0x00000000e0000000,0x00000000e0000000,0x00000000eb880000)
  from space 158208K, 34% used [0x00000000eb880000,0x00000000eee8d6d8,0x00000000f5300000)
  to   space 150528K, 0% used [0x00000000f5780000,0x00000000f5780000,0x00000000fea80000)
 ParOldGen       total 423424K, used 112826K [0x00000000a0000000, 0x00000000b9d80000, 0x00000000e0000000)
  object space 423424K, 26% used [0x00000000a0000000,0x00000000a6e2ea10,0x00000000b9d80000)
 Metaspace       used 115697K, capacity 121134K, committed 122152K, reserved 1155072K
  class space    used 14433K, capacity 15409K, committed 15664K, reserved 1048576K
}
Event: 3305.227 GC heap before
{Heap before GC invocations=41 (full 5):
 PSYoungGen      total 347136K, used 244274K [0x00000000e0000000, 0x00000000fea80000, 0x0000000100000000)
  eden space 188928K, 99% used [0x00000000e0000000,0x00000000eb87f230,0x00000000eb880000)
  from space 158208K, 34% used [0x00000000eb880000,0x00000000eee8d6d8,0x00000000f5300000)
  to   space 150528K, 0% used [0x00000000f5780000,0x00000000f5780000,0x00000000fea80000)
 ParOldGen       total 423424K, used 112826K [0x00000000a0000000, 0x00000000b9d80000, 0x00000000e0000000)
  object space 423424K, 26% used [0x00000000a0000000,0x00000000a6e2ea10,0x00000000b9d80000)
 Metaspace       used 115808K, capacity 121346K, committed 122152K, reserved 1155072K
  class space    used 14443K, capacity 15425K, committed 15664K, reserved 1048576K

Deoptimization events (10 events):
Event: 3303.759 Thread 0x000000001c4e5800 Uncommon trap: reason=unstable_if action=reinterpret pc=0x000000000401f2e0 method=java.lang.ref.SoftReference.get()Ljava/lang/Object; @ 6
Event: 3303.842 Thread 0x000000002e7bf800 Uncommon trap: reason=unstable_if action=reinterpret pc=0x0000000003ca2190 method=org.apache.xerces.impl.XMLNSDocumentScannerImpl.scanStartElement()Z @ 42
Event: 3303.843 Thread 0x000000002e7bf800 Uncommon trap: reason=unstable_if action=reinterpret pc=0x0000000002a19d0c method=org.apache.xerces.util.XMLAttributesImpl.addAttributeNS(Lorg/apache/xerces/xni/QName;Ljava/lang/String;Ljava/lang/String;)V @ 22
Event: 3303.883 Thread 0x000000002e7bf800 Uncommon trap: reason=unstable_if action=reinterpret pc=0x0000000003c9af50 method=org.apache.xerces.impl.XMLScanner.scanAttributeValue(Lorg/apache/xerces/xni/XMLString;Lorg/apache/xerces/xni/XMLString;Ljava/lang/String;ZLjava/lang/String;)Z @ 632
Event: 3303.986 Thread 0x000000002e7bf800 Uncommon trap: reason=unstable_if action=reinterpret pc=0x0000000003cf6c60 method=org.apache.xerces.dom.DeferredDocumentImpl.getChunkIndex([[III)I @ 3
Event: 3304.049 Thread 0x000000002e7bf800 Uncommon trap: reason=unstable_if action=reinterpret pc=0x000000000466f514 method=java.lang.ref.SoftReference.get()Ljava/lang/Object; @ 6
Event: 3304.121 Thread 0x000000002e7bf800 Uncommon trap: reason=unstable_if action=reinterpret pc=0x0000000003e2fb50 method=com.android.ide.common.resources.DataMerger.mergeData(Lcom/android/ide/common/resources/MergeConsumer;Z)V @ 95
Event: 3304.155 Thread 0x000000002e7bf800 Uncommon trap: reason=bimorphic action=maybe_recompile pc=0x0000000003def014 method=org.apache.xerces.dom.ParentNode.internalInsertBefore(Lorg/w3c/dom/Node;Lorg/w3c/dom/Node;Z)Lorg/w3c/dom/Node; @ 555
Event: 3304.156 Thread 0x000000002e7bf800 Uncommon trap: reason=null_check action=make_not_entrant pc=0x0000000003e12c84 method=com.android.ide.common.resources.NodeUtils.processSingleNodeNamespace(Lorg/w3c/dom/Node;Lorg/w3c/dom/Document;)Z @ 8
Event: 3304.165 Thread 0x000000002e7bf800 Uncommon trap: reason=null_check action=make_not_entrant pc=0x0000000005a442ec method=org.apache.xerces.dom.NamedNodeMapImpl.findNamePoint(Ljava/lang/String;Ljava/lang/String;)I @ 87

Classes redefined (0 events):
No events

Internal exceptions (10 events):
Event: 3302.484 Thread 0x000000001c4df800 Exception <a 'java/lang/ClassNotFoundException': groovy/runtime/metaclass/[Ljava/lang/String;MetaClass> (0x00000000e8896468) thrown at [C:\src\AOSP-openjdk-git\hotspot\src\share\vm\prims\jni.cpp, line 737]
Event: 3302.695 Thread 0x000000001c4df800 Exception <a 'sun/nio/fs/WindowsException'> (0x00000000e9999b28) thrown at [C:\src\AOSP-openjdk-git\hotspot\src\share\vm\prims\jni.cpp, line 710]
Event: 3302.839 Thread 0x000000002e7bf800 Exception <a 'java/lang/NoSuchMethodError': <clinit>> (0x00000000e9ecb828) thrown at [C:\src\AOSP-openjdk-git\hotspot\src\share\vm\prims\jni.cpp, line 1615]
Event: 3303.759 Thread 0x000000001c4e5800 Implicit null exception at 0x000000000401dbff to 0x000000000401f2c9
Event: 3303.986 Thread 0x000000002e7bf800 Implicit null exception at 0x0000000003cf3fc0 to 0x0000000003cf6c45
Event: 3304.156 Thread 0x000000002e7bf800 Implicit null exception at 0x0000000003e107cf to 0x0000000003e12c69
Event: 3304.165 Thread 0x000000002e7bf800 Implicit null exception at 0x0000000005a4388f to 0x0000000005a442d5
Event: 3304.272 Thread 0x000000002e7bf800 Exception <a 'java/lang/NoSuchMethodError': <clinit>> (0x00000000e6b0b328) thrown at [C:\src\AOSP-openjdk-git\hotspot\src\share\vm\prims\jni.cpp, line 1615]
Event: 3304.273 Thread 0x000000002e7bf800 Exception <a 'java/lang/NoSuchMethodError': <clinit>> (0x00000000e6b1b688) thrown at [C:\src\AOSP-openjdk-git\hotspot\src\share\vm\prims\jni.cpp, line 1615]
Event: 3304.275 Thread 0x000000002e7bf800 Exception <a 'java/lang/NoSuchMethodError': <clinit>> (0x00000000e6b2eb60) thrown at [C:\src\AOSP-openjdk-git\hotspot\src\share\vm\prims\jni.cpp, line 1615]

Events (10 events):
Event: 3304.550 Thread 0x0000000015e2a800 flushing nmethod 0x0000000006b8aa90
Event: 3304.550 Thread 0x0000000015e2a800 flushing nmethod 0x0000000006b8cd90
Event: 3304.550 Thread 0x0000000015e2a800 flushing nmethod 0x0000000006b8d390
Event: 3304.550 Thread 0x0000000015e2a800 flushing nmethod 0x0000000006b8ed50
Event: 3304.550 Thread 0x0000000015e2a800 flushing nmethod 0x0000000006b91850
Event: 3304.550 Thread 0x0000000015e2a800 flushing nmethod 0x0000000006b96a90
Event: 3304.550 Thread 0x0000000015e2a800 flushing nmethod 0x0000000006b9c490
Event: 3304.550 Thread 0x0000000015e2a800 flushing nmethod 0x0000000006ba04d0
Event: 3304.550 Thread 0x0000000015e2a800 flushing nmethod 0x0000000006c28250
Event: 3305.226 Executing VM operation: ParallelGCFailedAllocation


Dynamic libraries:
0x00007ff6c0650000 - 0x00007ff6c0681000 	C:\Program Files\Android\Android Studio\jre\bin\java.exe
0x00007ffef7ce0000 - 0x00007ffef7ed0000 	C:\WINDOWS\SYSTEM32\ntdll.dll
0x00007ffef62d0000 - 0x00007ffef6382000 	C:\WINDOWS\System32\KERNEL32.DLL
0x00007ffef4cb0000 - 0x00007ffef4f55000 	C:\WINDOWS\System32\KERNELBASE.dll
0x00007ffef7520000 - 0x00007ffef75c3000 	C:\WINDOWS\System32\ADVAPI32.dll
0x00007ffef7680000 - 0x00007ffef771e000 	C:\WINDOWS\System32\msvcrt.dll
0x00007ffef7b90000 - 0x00007ffef7c27000 	C:\WINDOWS\System32\sechost.dll
0x00007ffef66c0000 - 0x00007ffef67df000 	C:\WINDOWS\System32\RPCRT4.dll
0x00007ffef6100000 - 0x00007ffef6294000 	C:\WINDOWS\System32\USER32.dll
0x00007ffef55e0000 - 0x00007ffef5601000 	C:\WINDOWS\System32\win32u.dll
0x00007ffef71b0000 - 0x00007ffef71d6000 	C:\WINDOWS\System32\GDI32.dll
0x00007ffef52f0000 - 0x00007ffef5488000 	C:\WINDOWS\System32\gdi32full.dll
0x00007ffef51c0000 - 0x00007ffef525e000 	C:\WINDOWS\System32\msvcp_win.dll
0x00007ffef4ff0000 - 0x00007ffef50ea000 	C:\WINDOWS\System32\ucrtbase.dll
0x00007ffee5eb0000 - 0x00007ffee6134000 	C:\WINDOWS\WinSxS\amd64_microsoft.windows.common-controls_6595b64144ccf1df_6.0.18362.1316_none_9e7a364fe461dbd7\COMCTL32.dll
0x00007ffef71e0000 - 0x00007ffef7517000 	C:\WINDOWS\System32\combase.dll
0x00007ffef4f60000 - 0x00007ffef4fe1000 	C:\WINDOWS\System32\bcryptPrimitives.dll
0x00007ffef62a0000 - 0x00007ffef62ce000 	C:\WINDOWS\System32\IMM32.DLL
0x0000000061530000 - 0x0000000061602000 	C:\Program Files\Android\Android Studio\jre\jre\bin\msvcr100.dll
0x0000000062160000 - 0x00000000629ab000 	C:\Program Files\Android\Android Studio\jre\jre\bin\server\jvm.dll
0x00007ffef5d90000 - 0x00007ffef5d98000 	C:\WINDOWS\System32\PSAPI.DLL
0x00007ffedf6a0000 - 0x00007ffedf6a9000 	C:\WINDOWS\SYSTEM32\WSOCK32.dll
0x00007ffef1910000 - 0x00007ffef1934000 	C:\WINDOWS\SYSTEM32\WINMM.dll
0x00007ffeeeb00000 - 0x00007ffeeeb0a000 	C:\WINDOWS\SYSTEM32\VERSION.dll
0x00007ffef70c0000 - 0x00007ffef712f000 	C:\WINDOWS\System32\WS2_32.dll
0x00007ffef18e0000 - 0x00007ffef190d000 	C:\WINDOWS\SYSTEM32\WINMMBASE.dll
0x00007ffef4c60000 - 0x00007ffef4caa000 	C:\WINDOWS\System32\cfgmgr32.dll
0x00007ffeeb380000 - 0x00007ffeeb38f000 	C:\Program Files\Android\Android Studio\jre\jre\bin\verify.dll
0x00007ffeeb350000 - 0x00007ffeeb379000 	C:\Program Files\Android\Android Studio\jre\jre\bin\java.dll
0x00007ffeeb270000 - 0x00007ffeeb286000 	C:\Program Files\Android\Android Studio\jre\jre\bin\zip.dll
0x00007ffef6890000 - 0x00007ffef6f78000 	C:\WINDOWS\System32\SHELL32.dll
0x00007ffef67e0000 - 0x00007ffef6887000 	C:\WINDOWS\System32\shcore.dll
0x00007ffef5610000 - 0x00007ffef5d8b000 	C:\WINDOWS\System32\windows.storage.dll
0x00007ffef4bf0000 - 0x00007ffef4c13000 	C:\WINDOWS\System32\profapi.dll
0x00007ffef4ba0000 - 0x00007ffef4bea000 	C:\WINDOWS\System32\powrprof.dll
0x00007ffef4b90000 - 0x00007ffef4ba0000 	C:\WINDOWS\System32\UMPDC.dll
0x00007ffef7050000 - 0x00007ffef70a2000 	C:\WINDOWS\System32\shlwapi.dll
0x00007ffef4c40000 - 0x00007ffef4c51000 	C:\WINDOWS\System32\kernel.appcore.dll
0x00007ffef50f0000 - 0x00007ffef5107000 	C:\WINDOWS\System32\cryptsp.dll
0x00007ffee7f10000 - 0x00007ffee7f2a000 	C:\Program Files\Android\Android Studio\jre\jre\bin\net.dll
0x00007ffef43d0000 - 0x00007ffef4437000 	C:\WINDOWS\system32\mswsock.dll
0x00007ffee7df0000 - 0x00007ffee7e03000 	C:\Program Files\Android\Android Studio\jre\jre\bin\nio.dll
0x00007ffef0e90000 - 0x00007ffef0eb7000 	C:\Users\Sachin\.gradle\native\f6784746aeab05261644944871eae4fe03e0ef1612fff0a4a95f87b438bc6780\windows-amd64\native-platform.dll
0x00007ffeeb2a0000 - 0x00007ffeeb2ad000 	C:\Program Files\Android\Android Studio\jre\jre\bin\management.dll
0x00007ffef3f50000 - 0x00007ffef3f83000 	C:\WINDOWS\system32\rsaenh.dll
0x00007ffef5260000 - 0x00007ffef5286000 	C:\WINDOWS\System32\bcrypt.dll
0x00007ffef4ab0000 - 0x00007ffef4ad5000 	C:\WINDOWS\SYSTEM32\USERENV.dll
0x00007ffef45a0000 - 0x00007ffef45ac000 	C:\WINDOWS\SYSTEM32\CRYPTBASE.dll
0x00007ffef40e0000 - 0x00007ffef411a000 	C:\WINDOWS\SYSTEM32\IPHLPAPI.DLL
0x00007ffef7c30000 - 0x00007ffef7c38000 	C:\WINDOWS\System32\NSI.dll
0x00007ffeecac0000 - 0x00007ffeecad6000 	C:\WINDOWS\SYSTEM32\dhcpcsvc6.DLL
0x00007ffeed370000 - 0x00007ffeed38c000 	C:\WINDOWS\SYSTEM32\dhcpcsvc.DLL
0x00007ffef4120000 - 0x00007ffef41eb000 	C:\WINDOWS\SYSTEM32\DNSAPI.dll
0x00007ffeed390000 - 0x00007ffeed39b000 	C:\WINDOWS\SYSTEM32\WINNSI.DLL
0x00007ffee0d20000 - 0x00007ffee0f14000 	C:\WINDOWS\SYSTEM32\dbghelp.dll

VM Arguments:
jvm_args: -Xmx1536m -Dfile.encoding=windows-1252 -Duser.country=US -Duser.language=en -Duser.variant 
java_command: org.gradle.launcher.daemon.bootstrap.GradleDaemon 6.5
java_class_path (initial): C:\Users\Sachin\.gradle\wrapper\dists\gradle-6.5-bin\6nifqtx7604sqp1q6g8wikw7p\gradle-6.5\lib\gradle-launcher-6.5.jar
Launcher Type: SUN_STANDARD

Environment Variables:
PATH=C:\Program Files (x86)\Common Files\Oracle\Java\javapath;C:\WINDOWS\system32;C:\WINDOWS;C:\WINDOWS\System32\Wbem;C:\WINDOWS\System32\WindowsPowerShell\v1.0\;C:\WINDOWS\System32\OpenSSH\;C:\Android;C:\Windows\System32;C:\Program Files\nodejs\;C:\Program Files\TortoiseSVN\bin;C:\Users\Sachin\AppData\Local\Microsoft\WindowsApps;C:\Users\Sachin\AppData\Local\Programs\Git\cmd;C:\Users\Sachin\AppData\Local\Programs\Microsoft VS Code\bin;C:\Users\Sachin\AppData\Roaming\npm;
USERNAME=Sachin
OS=Windows_NT
PROCESSOR_IDENTIFIER=Intel64 Family 6 Model 61 Stepping 4, GenuineIntel



---------------  S Y S T E M  ---------------

OS: Windows 10.0 , 64 bit Build 18362 (10.0.18362.1316)

CPU:total 4 (initial active 4) (2 cores per cpu, 2 threads per core) family 6 model 61 stepping 4, cmov, cx8, fxsr, mmx, sse, sse2, sse3, ssse3, sse4.1, sse4.2, popcnt, avx, avx2, aes, clmul, erms, 3dnowpref, lzcnt, ht, tsc, tscinvbit, bmi1, bmi2, adx

Memory: 4k page, physical 16671028k(8246648k free), swap 19161396k(8506940k free)

vm_info: OpenJDK 64-Bit Server VM (25.242-b01) for windows-amd64 JRE (1.8.0_242-release-1644-b01), built by "builder" with MS VC++ 10.0 (VS2010)

time: Tue Mar 02 18:50:54 2021
timezone: India Standard Time
elapsed time: 3305 seconds (0d 0h 55m 5s)

