#
# A fatal error has been detected by the Java Runtime Environment:
#
#  EXCEPTION_ACCESS_VIOLATION (0xc0000005) at pc=0x0000000068c85ab8, pid=3336, tid=0x0000000000002370
#
# JRE version: OpenJDK Runtime Environment (8.0_242-b01) (build 1.8.0_242-release-1644-b01)
# Java VM: OpenJDK 64-Bit Server VM (25.242-b01 mixed mode windows-amd64 compressed oops)
# Problematic frame:
# V  [jvm.dll+0x115ab8]
#
# Failed to write core dump. Minidumps are not enabled by default on client versions of Windows
#
# If you would like to submit a bug report, please visit:
#   
#

---------------  T H R E A D  ---------------

Current thread (0x00000000024e8800):  GCTaskThread [stack: 0x0000000011fa0000,0x00000000120a0000] [id=9072]

siginfo: ExceptionCode=0xc0000005, reading address 0xffffffffffffffff

Registers:
RAX=0x00000000122a0000, RBX=0x0000000000001cf3, RCX=0x0000000000000000, RDX=0x0000000000000020
RSP=0x000000001209f310, RBP=0x00000000025bb150, RSI=0x00000000a2c89430, RDI=0x0000000000000100
R8 =0x007fffffffb00000, R9 =0x0000000000000000, R10=0x000000000000000c, R11=0x0000000000000000
R12=0x00000000a2c89440, R13=0x0000000000000010, R14=0x00000000a2c893f0, R15=0x0000000000000010
RIP=0x0000000068c85ab8, EFLAGS=0x0000000000010202

Top of Stack: (sp=0x000000001209f310)
0x000000001209f310:   00000000025bb150 0000000068c5f85a
0x000000001209f320:   000000010002a420 00000000a2c895ac
0x000000001209f330:   00000000025bb150 0000000068c85bd3
0x000000001209f340:   0000000000000000 00000000000083b0
0x000000001209f350:   0000000032793658 0000000015e165e0
0x000000001209f360:   0000000000001cf3 0000000068f39af0
0x000000001209f370:   00000000025bb150 00000000024de1a0
0x000000001209f380:   000000003278c030 000000003278c030
0x000000001209f390:   0000000000000000 0000000000000c00
0x000000001209f3a0:   0000000000000000 0000000000000000
0x000000001209f3b0:   0000000000000000 000000001ced4000
0x000000001209f3c0:   0000000000000001 0000000000000001
0x000000001209f3d0:   00002740e3f85ec0 0000000032793658
0x000000001209f3e0:   00000000024e9080 00000000000083b0
0x000000001209f3f0:   000000003278c030 00000000024de1a0
0x000000001209f400:   000000003278b670 0000000015e165e0 

Instructions: (pc=0x0000000068c85ab8)
0x0000000068c85a98:   05 93 95 6b 00 49 c1 e8 03 49 d3 e8 41 0f b6 c0
0x0000000068c85aa8:   49 c1 e8 06 24 3f 0f b6 d0 48 8b 05 a8 95 6b 00
0x0000000068c85ab8:   4a 8b 0c c0 48 0f a3 d1 72 3e 48 8b cf e8 36 1d
0x0000000068c85ac8:   fd ff 84 c0 74 32 48 8b d7 48 8b cd e8 f7 dd fc 


Register to memory mapping:

RAX=0x00000000122a0000 is an unknown value
RBX=0x0000000000001cf3 is an unknown value
RCX=0x0000000000000000 is an unknown value
RDX=0x0000000000000020 is an unknown value
RSP=0x000000001209f310 is an unknown value
RBP=0x00000000025bb150 is an unknown value
RSI=0x00000000a2c89430 is pointing into object: 0x00000000a2c893f0
[Ljava.util.HashMap$Node; 
 - klass: 'java/util/HashMap$Node'[]
 - length: 16
RDI=0x0000000000000100 is an unknown value
R8 =0x007fffffffb00000 is an unknown value
R9 =0x0000000000000000 is an unknown value
R10=0x000000000000000c is an unknown value
R11=0x0000000000000000 is an unknown value
R12=0x00000000a2c89440 is an oop
java.util.LinkedHashMap$Entry 
 - klass: 'java/util/LinkedHashMap$Entry'
R13=0x0000000000000010 is an unknown value
R14=0x00000000a2c893f0 is an oop
[Ljava.util.HashMap$Node; 
 - klass: 'java/util/HashMap$Node'[]
 - length: 16
R15=0x0000000000000010 is an unknown value


Stack: [0x0000000011fa0000,0x00000000120a0000],  sp=0x000000001209f310,  free space=1020k
Native frames: (J=compiled Java code, j=interpreted, Vv=VM code, C=native code)
V  [jvm.dll+0x115ab8]
V  [jvm.dll+0x3c9af0]
V  [jvm.dll+0x3c6a93]
V  [jvm.dll+0x3c482e]
V  [jvm.dll+0x27276a]
C  [msvcr100.dll+0x21d9f]
C  [msvcr100.dll+0x21e3b]
C  [KERNEL32.DLL+0x17c24]
C  [ntdll.dll+0x6d721]


---------------  P R O C E S S  ---------------

Java Threads: ( => current thread )
  0x000000001f35d000 JavaThread "Cache worker for Java compile cache (E:\SachinWorkspace\TechPlatform-DevOrg-Android\.gradle\6.5\javaCompile)" [_thread_blocked, id=1284, stack(0x0000000030470000,0x0000000030570000)]
  0x000000001ced4000 JavaThread "stdout" [_thread_in_native, id=13212, stack(0x0000000030370000,0x0000000030470000)]
  0x000000001ced3800 JavaThread "stderr" [_thread_in_native, id=13304, stack(0x0000000030270000,0x0000000030370000)]
  0x000000001ced7000 JavaThread "stdout" [_thread_in_native, id=6272, stack(0x0000000030170000,0x0000000030270000)]
  0x000000001ced2000 JavaThread "stderr" [_thread_in_native, id=9608, stack(0x0000000030070000,0x0000000030170000)]
  0x000000001ced2800 JavaThread "stdout" [_thread_in_native, id=2668, stack(0x000000002ff70000,0x0000000030070000)]
  0x000000001ceca800 JavaThread "stderr" [_thread_in_native, id=8232, stack(0x000000002fe70000,0x000000002ff70000)]
  0x000000001cecf000 JavaThread "stdout" [_thread_in_native, id=13244, stack(0x000000002fd70000,0x000000002fe70000)]
  0x000000001ced1000 JavaThread "stderr" [_thread_in_native, id=13276, stack(0x000000002f930000,0x000000002fa30000)]
  0x000000001cec8000 JavaThread "pool-6-thread-1" [_thread_blocked, id=1876, stack(0x000000002f580000,0x000000002f680000)]
  0x000000001cecc000 JavaThread "MarlinRenderer Disposer" daemon [_thread_blocked, id=2764, stack(0x000000002f480000,0x000000002f580000)]
  0x000000001ced0800 JavaThread "Java2D Disposer" daemon [_thread_blocked, id=5572, stack(0x000000002fa70000,0x000000002fb70000)]
  0x000000001cecb000 JavaThread "WorkerExecutor Queue Thread 4" [_thread_blocked, id=10028, stack(0x000000002f180000,0x000000002f280000)]
  0x000000001cec9000 JavaThread "WorkerExecutor Queue Thread 3" [_thread_blocked, id=13444, stack(0x000000002f080000,0x000000002f180000)]
  0x000000001cecd800 JavaThread "WorkerExecutor Queue Thread 2" [_thread_blocked, id=116, stack(0x000000002ef80000,0x000000002f080000)]
  0x0000000018f7d800 JavaThread "WorkerExecutor Queue" [_thread_blocked, id=5100, stack(0x000000002ee80000,0x000000002ef80000)]
  0x0000000018f7c800 JavaThread "Cache worker for execution history cache (E:\SachinWorkspace\TechPlatform-DevOrg-Android\.gradle\6.5\executionHistory)" [_thread_blocked, id=6012, stack(0x000000002eb80000,0x000000002ec80000)]
  0x0000000018f70800 JavaThread "Execution worker for ':' Thread 3" [_thread_blocked, id=7708, stack(0x000000002ea80000,0x000000002eb80000)]
  0x0000000018f73800 JavaThread "Execution worker for ':' Thread 2" [_thread_blocked, id=1352, stack(0x000000002e980000,0x000000002ea80000)]
  0x0000000018f72800 JavaThread "Execution worker for ':'" [_thread_blocked, id=8944, stack(0x000000002e880000,0x000000002e980000)]
  0x0000000018f76800 JavaThread "Cache worker for file content cache (E:\SachinWorkspace\TechPlatform-DevOrg-Android\.gradle\6.5\fileContent)" [_thread_blocked, id=13692, stack(0x000000002e780000,0x000000002e880000)]
  0x0000000018f77800 JavaThread "Cache worker for Build Output Cleanup Cache (E:\SachinWorkspace\TechPlatform-DevOrg-Android\.gradle\buildOutputCleanup)" [_thread_blocked, id=2564, stack(0x000000002e680000,0x000000002e780000)]
  0x0000000018f72000 JavaThread "Build operations Thread 4" [_thread_blocked, id=11508, stack(0x0000000020be0000,0x0000000020ce0000)]
  0x0000000018f76000 JavaThread "Build operations Thread 3" [_thread_blocked, id=12520, stack(0x0000000020ae0000,0x0000000020be0000)]
  0x0000000018f6f000 JavaThread "Build operations Thread 2" [_thread_blocked, id=14204, stack(0x00000000209e0000,0x0000000020ae0000)]
  0x000000001c7c9800 JavaThread "Build operations" [_thread_blocked, id=6140, stack(0x00000000208e0000,0x00000000209e0000)]
  0x000000001c7c8000 JavaThread "Cache worker for cache directory md-rule (C:\Users\Sachin\.gradle\caches\6.5\md-rule)" [_thread_blocked, id=3608, stack(0x00000000200e0000,0x00000000201e0000)]
  0x000000001c7ce800 JavaThread "Cache worker for cache directory md-supplier (C:\Users\Sachin\.gradle\caches\6.5\md-supplier)" [_thread_blocked, id=2600, stack(0x000000001f8e0000,0x000000001f9e0000)]
  0x000000001c7ce000 JavaThread "Cache worker for checksums cache (E:\SachinWorkspace\TechPlatform-DevOrg-Android\.gradle\checksums)" [_thread_blocked, id=14056, stack(0x000000001e570000,0x000000001e670000)]
  0x000000001c7cb000 JavaThread "Cache worker for file hash cache (E:\SachinWorkspace\TechPlatform-DevOrg-Android\.gradle\6.5\fileHashes)" [_thread_blocked, id=12332, stack(0x000000001e470000,0x000000001e570000)]
  0x000000001c7cd000 JavaThread "Thread-400" [_thread_blocked, id=11576, stack(0x000000001bfb0000,0x000000001c0b0000)]
  0x000000001c7cc800 JavaThread "Asynchronous log dispatcher for DefaultDaemonConnection: socket connection from /127.0.0.1:53566 to /127.0.0.1:53992" [_thread_blocked, id=13608, stack(0x000000001b6b0000,0x000000001b7b0000)]
  0x000000001c7cb800 JavaThread "Cancel handler" [_thread_blocked, id=13996, stack(0x000000001ad70000,0x000000001ae70000)]
  0x000000001c7ca000 JavaThread "Handler for socket connection from /127.0.0.1:53566 to /127.0.0.1:53992" [_thread_in_native, id=9032, stack(0x000000001ac70000,0x000000001ad70000)]
  0x0000000018f71000 JavaThread "Daemon worker Thread 2" [_thread_blocked, id=13148, stack(0x000000001b3b0000,0x000000001b4b0000)]
  0x0000000018f6f800 JavaThread "Daemon Thread 2" [_thread_blocked, id=10364, stack(0x0000000000aa0000,0x0000000000ba0000)]
  0x000000001ec85000 JavaThread "Cache worker for Java compile cache (C:\Users\Sachin\.gradle\caches\6.5\javaCompile)" [_thread_blocked, id=12824, stack(0x000000002b350000,0x000000002b450000)]
  0x0000000017aea800 JavaThread "Memory manager" [_thread_blocked, id=11212, stack(0x00000000282c0000,0x00000000283c0000)]
  0x0000000019bbd000 JavaThread "Cache worker for file content cache (C:\Users\Sachin\.gradle\caches\6.5\fileContent)" [_thread_blocked, id=10616, stack(0x00000000201e0000,0x00000000202e0000)]
  0x0000000019bc3000 JavaThread "Cache worker for execution history cache (C:\Users\Sachin\.gradle\caches\6.5\executionHistory)" [_thread_blocked, id=8980, stack(0x000000001f9e0000,0x000000001fae0000)]
  0x0000000019bc2000 JavaThread "Cache worker for file hash cache (C:\Users\Sachin\.gradle\caches\6.5\fileHashes)" [_thread_blocked, id=13348, stack(0x000000001beb0000,0x000000001bfb0000)]
  0x0000000019bc0800 JavaThread "File lock request listener" [_thread_in_native, id=14152, stack(0x000000001bdb0000,0x000000001beb0000)]
  0x0000000017c4f000 JavaThread "Cache worker for journal cache (C:\Users\Sachin\.gradle\caches\journal-1)" [_thread_blocked, id=4416, stack(0x000000001bcb0000,0x000000001bdb0000)]
  0x0000000019ab3000 JavaThread "Daemon periodic checks" [_thread_blocked, id=4232, stack(0x000000001b0b0000,0x000000001b1b0000)]
  0x0000000019a60000 JavaThread "Incoming local TCP Connector on port 53566" [_thread_in_native, id=10732, stack(0x000000001ae70000,0x000000001af70000)]
  0x00000000199ea000 JavaThread "Daemon health stats" [_thread_blocked, id=12468, stack(0x000000001a830000,0x000000001a930000)]
  0x00000000178c0800 JavaThread "Service Thread" daemon [_thread_blocked, id=11388, stack(0x0000000017c90000,0x0000000017d90000)]
  0x0000000015f5b000 JavaThread "C1 CompilerThread2" daemon [_thread_blocked, id=14012, stack(0x0000000017790000,0x0000000017890000)]
  0x0000000015f4b000 JavaThread "C2 CompilerThread1" daemon [_thread_blocked, id=3224, stack(0x0000000017690000,0x0000000017790000)]
  0x0000000015f42800 JavaThread "C2 CompilerThread0" daemon [_thread_blocked, id=12024, stack(0x0000000017590000,0x0000000017690000)]
  0x0000000015f41000 JavaThread "Attach Listener" daemon [_thread_blocked, id=1344, stack(0x0000000017490000,0x0000000017590000)]
  0x0000000015f45800 JavaThread "Signal Dispatcher" daemon [_thread_blocked, id=12304, stack(0x0000000017390000,0x0000000017490000)]
  0x00000000025cc000 JavaThread "Finalizer" daemon [_thread_blocked, id=488, stack(0x0000000017190000,0x0000000017290000)]
  0x0000000015f29000 JavaThread "Reference Handler" daemon [_thread_blocked, id=11484, stack(0x0000000017090000,0x0000000017190000)]
  0x000000000077d800 JavaThread "main" [_thread_blocked, id=12200, stack(0x0000000000ba0000,0x0000000000ca0000)]

Other Threads:
  0x0000000015f06800 VMThread [stack: 0x0000000016f90000,0x0000000017090000] [id=4016]
  0x0000000015f9c800 WatcherThread [stack: 0x0000000017d90000,0x0000000017e90000] [id=11504]

=>0x00000000024e8800 (exited) GCTaskThread [stack: 0x0000000011fa0000,0x00000000120a0000] [id=9072]

VM state:at safepoint (normal execution)

VM Mutex/Monitor currently owned by a thread:  ([mutex/lock_event])
[0x000000000077cb00] Threads_lock - owner thread: 0x0000000015f06800
[0x000000000077ca80] Heap_lock - owner thread: 0x000000001cecd800

heap address: 0x00000000a0000000, size: 1536 MB, Compressed Oops mode: 32-bit
Narrow klass base: 0x0000000000000000, Narrow klass shift: 3
Compressed class space size: 1073741824 Address: 0x0000000100000000

Heap:
 PSYoungGen      total 361984K, used 11964K [0x00000000e0000000, 0x00000000fff80000, 0x0000000100000000)
  eden space 203264K, 0% used [0x00000000e0000000,0x00000000e0000000,0x00000000ec680000)
  from space 158720K, 7% used [0x00000000f6480000,0x00000000f702f150,0x00000000fff80000)
  to   space 160256K, 0% used [0x00000000ec680000,0x00000000ec680000,0x00000000f6300000)
 ParOldGen       total 486912K, used 447763K [0x00000000a0000000, 0x00000000bdb80000, 0x00000000e0000000)
  object space 486912K, 91% used [0x00000000a0000000,0x00000000bb544e50,0x00000000bdb80000)
 Metaspace       used 122813K, capacity 128542K, committed 128808K, reserved 1161216K
  class space    used 15261K, capacity 16377K, committed 16432K, reserved 1048576K

Card table byte_map: [0x0000000011990000,0x0000000011ca0000] byte_map_base: 0x0000000011490000

Marking Bits: (ParMarkBitMap*) 0x000000006933f030
 Begin Bits: [0x00000000122a0000, 0x0000000013aa0000)
 End Bits:   [0x0000000013aa0000, 0x00000000152a0000)

Polling page: 0x0000000000720000

CodeCache: size=245760Kb used=82678Kb max_used=83300Kb free=163081Kb
 bounds [0x00000000025d0000, 0x00000000077e0000, 0x00000000115d0000]
 total_blobs=23519 nmethods=22463 adapters=966
 compilation: enabled

Compilation events (10 events):
Event: 588.929 Thread 0x0000000015f5b000 29817       2       com.android.tools.r8.ir.optimize.info.t::z (8 bytes)
Event: 588.930 Thread 0x0000000015f5b000 nmethod 29817 0x000000000548cf90 code [0x000000000548d0e0, 0x000000000548d250]
Event: 588.933 Thread 0x0000000015f5b000 29818       1       com.android.tools.r8.s.b.z0::I2 (3 bytes)
Event: 588.933 Thread 0x0000000015f5b000 nmethod 29818 0x0000000005268a10 code [0x0000000005268b60, 0x0000000005268c70]
Event: 588.933 Thread 0x0000000015f5b000 29819       1       com.android.tools.r8.s.b.z0::X1 (2 bytes)
Event: 588.933 Thread 0x0000000015f5b000 nmethod 29819 0x0000000004888d50 code [0x0000000004888ea0, 0x0000000004888fb0]
Event: 588.933 Thread 0x0000000015f5b000 29820       2       com.android.tools.r8.ir.optimize.g0::equals (42 bytes)
Event: 588.934 Thread 0x0000000015f5b000 nmethod 29820 0x0000000004683ad0 code [0x0000000004683c20, 0x0000000004683e30]
Event: 588.945 Thread 0x0000000015f5b000 29821       1       com.android.tools.r8.s.b.o0::U2 (5 bytes)
Event: 588.946 Thread 0x0000000015f5b000 nmethod 29821 0x0000000004888a50 code [0x0000000004888ba0, 0x0000000004888cb0]

GC Heap History (10 events):
Event: 580.274 GC heap after
Heap after GC invocations=34 (full 4):
 PSYoungGen      total 347648K, used 110773K [0x00000000e0000000, 0x0000000100000000, 0x0000000100000000)
  eden space 183296K, 0% used [0x00000000e0000000,0x00000000e0000000,0x00000000eb300000)
  from space 164352K, 67% used [0x00000000f5f80000,0x00000000fcbad7b0,0x0000000100000000)
  to   space 170496K, 0% used [0x00000000eb300000,0x00000000eb300000,0x00000000f5980000)
 ParOldGen       total 486912K, used 311079K [0x00000000a0000000, 0x00000000bdb80000, 0x00000000e0000000)
  object space 486912K, 63% used [0x00000000a0000000,0x00000000b2fc9e58,0x00000000bdb80000)
 Metaspace       used 122191K, capacity 127944K, committed 128296K, reserved 1161216K
  class space    used 15239K, capacity 16334K, committed 16432K, reserved 1048576K
}
Event: 584.163 GC heap before
{Heap before GC invocations=35 (full 4):
 PSYoungGen      total 347648K, used 294069K [0x00000000e0000000, 0x0000000100000000, 0x0000000100000000)
  eden space 183296K, 100% used [0x00000000e0000000,0x00000000eb300000,0x00000000eb300000)
  from space 164352K, 67% used [0x00000000f5f80000,0x00000000fcbad7b0,0x0000000100000000)
  to   space 170496K, 0% used [0x00000000eb300000,0x00000000eb300000,0x00000000f5980000)
 ParOldGen       total 486912K, used 311079K [0x00000000a0000000, 0x00000000bdb80000, 0x00000000e0000000)
  object space 486912K, 63% used [0x00000000a0000000,0x00000000b2fc9e58,0x00000000bdb80000)
 Metaspace       used 122332K, capacity 128032K, committed 128296K, reserved 1161216K
  class space    used 15250K, capacity 16336K, committed 16432K, reserved 1048576K
Event: 584.312 GC heap after
Heap after GC invocations=35 (full 4):
 PSYoungGen      total 353792K, used 93709K [0x00000000e0000000, 0x0000000100000000, 0x0000000100000000)
  eden space 183296K, 0% used [0x00000000e0000000,0x00000000e0000000,0x00000000eb300000)
  from space 170496K, 54% used [0x00000000eb300000,0x00000000f0e834c0,0x00000000f5980000)
  to   space 167936K, 0% used [0x00000000f5c00000,0x00000000f5c00000,0x0000000100000000)
 ParOldGen       total 486912K, used 342813K [0x00000000a0000000, 0x00000000bdb80000, 0x00000000e0000000)
  object space 486912K, 70% used [0x00000000a0000000,0x00000000b4ec75c0,0x00000000bdb80000)
 Metaspace       used 122332K, capacity 128032K, committed 128296K, reserved 1161216K
  class space    used 15250K, capacity 16336K, committed 16432K, reserved 1048576K
}
Event: 585.318 GC heap before
{Heap before GC invocations=36 (full 4):
 PSYoungGen      total 353792K, used 277005K [0x00000000e0000000, 0x0000000100000000, 0x0000000100000000)
  eden space 183296K, 100% used [0x00000000e0000000,0x00000000eb300000,0x00000000eb300000)
  from space 170496K, 54% used [0x00000000eb300000,0x00000000f0e834c0,0x00000000f5980000)
  to   space 167936K, 0% used [0x00000000f5c00000,0x00000000f5c00000,0x0000000100000000)
 ParOldGen       total 486912K, used 342813K [0x00000000a0000000, 0x00000000bdb80000, 0x00000000e0000000)
  object space 486912K, 70% used [0x00000000a0000000,0x00000000b4ec75c0,0x00000000bdb80000)
 Metaspace       used 122602K, capacity 128348K, committed 128552K, reserved 1161216K
  class space    used 15253K, capacity 16368K, committed 16432K, reserved 1048576K
Event: 585.635 GC heap after
Heap after GC invocations=36 (full 4):
 PSYoungGen      total 338944K, used 58301K [0x00000000e0000000, 0x00000000ff180000, 0x0000000100000000)
  eden space 185856K, 0% used [0x00000000e0000000,0x00000000e0000000,0x00000000eb580000)
  from space 153088K, 38% used [0x00000000f5c00000,0x00000000f94ef5c8,0x00000000ff180000)
  to   space 161792K, 0% used [0x00000000eb580000,0x00000000eb580000,0x00000000f5380000)
 ParOldGen       total 486912K, used 406801K [0x00000000a0000000, 0x00000000bdb80000, 0x00000000e0000000)
  object space 486912K, 83% used [0x00000000a0000000,0x00000000b8d446c8,0x00000000bdb80000)
 Metaspace       used 122602K, capacity 128348K, committed 128552K, reserved 1161216K
  class space    used 15253K, capacity 16368K, committed 16432K, reserved 1048576K
}
Event: 587.579 GC heap before
{Heap before GC invocations=37 (full 4):
 PSYoungGen      total 338944K, used 244157K [0x00000000e0000000, 0x00000000ff180000, 0x0000000100000000)
  eden space 185856K, 100% used [0x00000000e0000000,0x00000000eb580000,0x00000000eb580000)
  from space 153088K, 38% used [0x00000000f5c00000,0x00000000f94ef5c8,0x00000000ff180000)
  to   space 161792K, 0% used [0x00000000eb580000,0x00000000eb580000,0x00000000f5380000)
 ParOldGen       total 486912K, used 406801K [0x00000000a0000000, 0x00000000bdb80000, 0x00000000e0000000)
  object space 486912K, 83% used [0x00000000a0000000,0x00000000b8d446c8,0x00000000bdb80000)
 Metaspace       used 122746K, capacity 128452K, committed 128808K, reserved 1161216K
  class space    used 15259K, capacity 16374K, committed 16432K, reserved 1048576K
Event: 587.706 GC heap after
Heap after GC invocations=37 (full 4):
 PSYoungGen      total 347648K, used 37253K [0x00000000e0000000, 0x0000000100000000, 0x0000000100000000)
  eden space 185856K, 0% used [0x00000000e0000000,0x00000000e0000000,0x00000000eb580000)
  from space 161792K, 23% used [0x00000000eb580000,0x00000000ed9e1430,0x00000000f5380000)
  to   space 159232K, 0% used [0x00000000f6480000,0x00000000f6480000,0x0000000100000000)
 ParOldGen       total 486912K, used 419389K [0x00000000a0000000, 0x00000000bdb80000, 0x00000000e0000000)
  object space 486912K, 86% used [0x00000000a0000000,0x00000000b998f5c0,0x00000000bdb80000)
 Metaspace       used 122746K, capacity 128452K, committed 128808K, reserved 1161216K
  class space    used 15259K, capacity 16374K, committed 16432K, reserved 1048576K
}
Event: 588.948 GC heap before
{Heap before GC invocations=38 (full 4):
 PSYoungGen      total 347648K, used 223109K [0x00000000e0000000, 0x0000000100000000, 0x0000000100000000)
  eden space 185856K, 100% used [0x00000000e0000000,0x00000000eb580000,0x00000000eb580000)
  from space 161792K, 23% used [0x00000000eb580000,0x00000000ed9e1430,0x00000000f5380000)
  to   space 159232K, 0% used [0x00000000f6480000,0x00000000f6480000,0x0000000100000000)
 ParOldGen       total 486912K, used 419389K [0x00000000a0000000, 0x00000000bdb80000, 0x00000000e0000000)
  object space 486912K, 86% used [0x00000000a0000000,0x00000000b998f5c0,0x00000000bdb80000)
 Metaspace       used 122813K, capacity 128542K, committed 128808K, reserved 1161216K
  class space    used 15261K, capacity 16377K, committed 16432K, reserved 1048576K
Event: 589.038 GC heap after
Heap after GC invocations=38 (full 4):
 PSYoungGen      total 361984K, used 11964K [0x00000000e0000000, 0x00000000fff80000, 0x0000000100000000)
  eden space 203264K, 0% used [0x00000000e0000000,0x00000000e0000000,0x00000000ec680000)
  from space 158720K, 7% used [0x00000000f6480000,0x00000000f702f150,0x00000000fff80000)
  to   space 160256K, 0% used [0x00000000ec680000,0x00000000ec680000,0x00000000f6300000)
 ParOldGen       total 486912K, used 447763K [0x00000000a0000000, 0x00000000bdb80000, 0x00000000e0000000)
  object space 486912K, 91% used [0x00000000a0000000,0x00000000bb544e50,0x00000000bdb80000)
 Metaspace       used 122813K, capacity 128542K, committed 128808K, reserved 1161216K
  class space    used 15261K, capacity 16377K, committed 16432K, reserved 1048576K
}
Event: 589.038 GC heap before
{Heap before GC invocations=39 (full 5):
 PSYoungGen      total 361984K, used 11964K [0x00000000e0000000, 0x00000000fff80000, 0x0000000100000000)
  eden space 203264K, 0% used [0x00000000e0000000,0x00000000e0000000,0x00000000ec680000)
  from space 158720K, 7% used [0x00000000f6480000,0x00000000f702f150,0x00000000fff80000)
  to   space 160256K, 0% used [0x00000000ec680000,0x00000000ec680000,0x00000000f6300000)
 ParOldGen       total 486912K, used 447763K [0x00000000a0000000, 0x00000000bdb80000, 0x00000000e0000000)
  object space 486912K, 91% used [0x00000000a0000000,0x00000000bb544e50,0x00000000bdb80000)
 Metaspace       used 122813K, capacity 128542K, committed 128808K, reserved 1161216K
  class space    used 15261K, capacity 16377K, committed 16432K, reserved 1048576K

Deoptimization events (10 events):
Event: 586.841 Thread 0x000000001cecd800 Uncommon trap: reason=unstable_if action=reinterpret pc=0x000000000704c720 method=com.android.tools.r8.ir.regalloc.b.compareTo(Ljava/lang/Object;)I @ 64
Event: 587.022 Thread 0x000000001cecd800 Uncommon trap: reason=unstable_if action=reinterpret pc=0x00000000047abdf4 method=java.util.ArrayList.remove(Ljava/lang/Object;)Z @ 46
Event: 587.066 Thread 0x000000001cecb000 Uncommon trap: reason=unstable_if action=reinterpret pc=0x0000000007052af0 method=com.android.tools.r8.s.b.q1.v()Lcom/android/tools/r8/s/b/q1; @ 6
Event: 587.712 Thread 0x000000001cecb000 Uncommon trap: reason=unstable_if action=reinterpret pc=0x0000000006e24920 method=com.android.tools.r8.ir.conversion.o.e(I)Lcom/android/tools/r8/graph/s; @ 4
Event: 587.712 Thread 0x000000001cecb000 Uncommon trap: reason=unstable_if action=reinterpret pc=0x0000000006d55580 method=com.android.tools.r8.ir.conversion.o.d(I)Lcom/android/tools/r8/s/b/W0; @ 3
Event: 587.781 Thread 0x000000001cecd800 Uncommon trap: reason=class_check action=maybe_recompile pc=0x000000000544dd44 method=com.android.tools.r8.s.a.h.e.b(Lcom/android/tools/r8/s/b/k0;)V @ 379
Event: 587.817 Thread 0x000000001cecd800 Uncommon trap: reason=unstable_if action=reinterpret pc=0x000000000403e3cc method=com.android.tools.r8.graph.i0.a(C)I @ 1
Event: 587.818 Thread 0x000000001cecd800 Uncommon trap: reason=unstable_if action=reinterpret pc=0x0000000006776dac method=com.android.tools.r8.graph.i0.a(C[BI)I @ 1
Event: 588.874 Thread 0x000000001cecb000 Uncommon trap: reason=class_check action=maybe_recompile pc=0x000000000510b748 method=com.android.tools.r8.ir.optimize.K.a(Lcom/android/tools/r8/s/b/k0;)Z @ 93
Event: 588.874 Thread 0x000000001cecb000 Uncommon trap: reason=class_check action=maybe_recompile pc=0x000000000510b748 method=com.android.tools.r8.ir.optimize.K.a(Lcom/android/tools/r8/s/b/k0;)Z @ 93

Classes redefined (0 events):
No events

Internal exceptions (10 events):
Event: 562.103 Thread 0x0000000018f71000 Exception <a 'sun/nio/fs/WindowsException'> (0x00000000f273f1f8) thrown at [C:\src\AOSP-openjdk-git\hotspot\src\share\vm\prims\jni.cpp, line 710]
Event: 562.103 Thread 0x0000000018f71000 Exception <a 'sun/nio/fs/WindowsException'> (0x00000000f2741c00) thrown at [C:\src\AOSP-openjdk-git\hotspot\src\share\vm\prims\jni.cpp, line 710]
Event: 562.103 Thread 0x0000000018f71000 Exception <a 'sun/nio/fs/WindowsException'> (0x00000000f27434c8) thrown at [C:\src\AOSP-openjdk-git\hotspot\src\share\vm\prims\jni.cpp, line 710]
Event: 563.347 Thread 0x0000000018f71000 Implicit null exception at 0x0000000004ac6934 to 0x0000000004ac8dff
Event: 571.975 Thread 0x0000000018f71000 Implicit null exception at 0x00000000075ef8a8 to 0x00000000075f2911
Event: 576.608 Thread 0x0000000018f71000 Implicit null exception at 0x00000000068c34ec to 0x00000000068c36d9
Event: 576.634 Thread 0x0000000018f71000 Implicit null exception at 0x00000000040f8e38 to 0x00000000040f90c1
Event: 581.484 Thread 0x0000000018f71000 Exception <a 'sun/nio/fs/WindowsException'> (0x00000000e6ef0548) thrown at [C:\src\AOSP-openjdk-git\hotspot\src\share\vm\prims\jni.cpp, line 710]
Event: 584.503 Thread 0x000000001cecb000 Exception <a 'sun/nio/fs/WindowsException'> (0x00000000e24c9068) thrown at [C:\src\AOSP-openjdk-git\hotspot\src\share\vm\prims\jni.cpp, line 710]
Event: 584.659 Thread 0x000000001cecd800 Exception <a 'sun/nio/fs/WindowsException'> (0x00000000e3f56e40) thrown at [C:\src\AOSP-openjdk-git\hotspot\src\share\vm\prims\jni.cpp, line 710]

Events (10 events):
Event: 588.861 Thread 0x000000001cecb000 DEOPT UNPACKING pc=0x00000000026175d0 sp=0x000000002f27c878 mode 0
Event: 588.874 Thread 0x000000001cecb000 Uncommon trap: trap_request=0xffffffde fr.pc=0x000000000510b748
Event: 588.874 Thread 0x000000001cecb000 DEOPT PACKING pc=0x000000000510b748 sp=0x000000002f27c6a0
Event: 588.874 Thread 0x000000001cecb000 DEOPT UNPACKING pc=0x000000000261557b sp=0x000000002f27c660 mode 2
Event: 588.874 Thread 0x000000001cecb000 Uncommon trap: trap_request=0xffffffde fr.pc=0x000000000510b748
Event: 588.874 Thread 0x000000001cecb000 DEOPT PACKING pc=0x000000000510b748 sp=0x000000002f27c6a0
Event: 588.874 Thread 0x000000001cecb000 DEOPT UNPACKING pc=0x000000000261557b sp=0x000000002f27c660 mode 2
Event: 588.937 Thread 0x000000001cecd800 DEOPT PACKING pc=0x0000000006d686ac sp=0x000000002f07c5c0
Event: 588.937 Thread 0x000000001cecd800 DEOPT UNPACKING pc=0x00000000026175d0 sp=0x000000002f07c700 mode 0
Event: 588.948 Executing VM operation: ParallelGCFailedAllocation


Dynamic libraries:
0x00007ff600d80000 - 0x00007ff600db1000 	C:\Program Files\Android\Android Studio\jre\bin\java.exe
0x00007fffb1480000 - 0x00007fffb1670000 	C:\WINDOWS\SYSTEM32\ntdll.dll
0x00007fffb0970000 - 0x00007fffb0a22000 	C:\WINDOWS\System32\KERNEL32.DLL
0x00007fffae9b0000 - 0x00007fffaec55000 	C:\WINDOWS\System32\KERNELBASE.dll
0x00007fffb06f0000 - 0x00007fffb0793000 	C:\WINDOWS\System32\ADVAPI32.dll
0x00007fffaff90000 - 0x00007fffb002e000 	C:\WINDOWS\System32\msvcrt.dll
0x00007fffb0e50000 - 0x00007fffb0ee7000 	C:\WINDOWS\System32\sechost.dll
0x00007fffb0850000 - 0x00007fffb096f000 	C:\WINDOWS\System32\RPCRT4.dll
0x00007fffaf6f0000 - 0x00007fffaf884000 	C:\WINDOWS\System32\USER32.dll
0x00007fffae5d0000 - 0x00007fffae5f1000 	C:\WINDOWS\System32\win32u.dll
0x00007fffb0ae0000 - 0x00007fffb0b06000 	C:\WINDOWS\System32\GDI32.dll
0x00007fffae810000 - 0x00007fffae9a8000 	C:\WINDOWS\System32\gdi32full.dll
0x00007fffae480000 - 0x00007fffae51e000 	C:\WINDOWS\System32\msvcp_win.dll
0x00007fffaec60000 - 0x00007fffaed5a000 	C:\WINDOWS\System32\ucrtbase.dll
0x00007fff9b820000 - 0x00007fff9baa4000 	C:\WINDOWS\WinSxS\amd64_microsoft.windows.common-controls_6595b64144ccf1df_6.0.18362.1440_none_9e7dbfb9e45e8e67\COMCTL32.dll
0x00007fffb0b10000 - 0x00007fffb0e46000 	C:\WINDOWS\System32\combase.dll
0x00007fffae3f0000 - 0x00007fffae471000 	C:\WINDOWS\System32\bcryptPrimitives.dll
0x00007fffb0aa0000 - 0x00007fffb0ace000 	C:\WINDOWS\System32\IMM32.DLL
0x0000000068020000 - 0x00000000680f2000 	C:\Program Files\Android\Android Studio\jre\jre\bin\msvcr100.dll
0x0000000068b70000 - 0x00000000693bb000 	C:\Program Files\Android\Android Studio\jre\jre\bin\server\jvm.dll
0x00007fffb10f0000 - 0x00007fffb10f8000 	C:\WINDOWS\System32\PSAPI.DLL
0x00007fff92de0000 - 0x00007fff92de9000 	C:\WINDOWS\SYSTEM32\WSOCK32.dll
0x00007fffaacf0000 - 0x00007fffaad14000 	C:\WINDOWS\SYSTEM32\WINMM.dll
0x00007fffa4880000 - 0x00007fffa488a000 	C:\WINDOWS\SYSTEM32\VERSION.dll
0x00007fffb0030000 - 0x00007fffb009f000 	C:\WINDOWS\System32\WS2_32.dll
0x00007fffaacc0000 - 0x00007fffaaced000 	C:\WINDOWS\SYSTEM32\winmmbase.dll
0x00007fffaf4e0000 - 0x00007fffaf52a000 	C:\WINDOWS\System32\cfgmgr32.dll
0x00007fffaaee0000 - 0x00007fffaaeef000 	C:\Program Files\Android\Android Studio\jre\jre\bin\verify.dll
0x00007fff9d530000 - 0x00007fff9d559000 	C:\Program Files\Android\Android Studio\jre\jre\bin\java.dll
0x00007fff9d890000 - 0x00007fff9d8a6000 	C:\Program Files\Android\Android Studio\jre\jre\bin\zip.dll
0x00007fffaf890000 - 0x00007fffaff78000 	C:\WINDOWS\System32\SHELL32.dll
0x00007fffb0640000 - 0x00007fffb06e7000 	C:\WINDOWS\System32\shcore.dll
0x00007fffaed60000 - 0x00007fffaf4db000 	C:\WINDOWS\System32\windows.storage.dll
0x00007fffae380000 - 0x00007fffae39e000 	C:\WINDOWS\System32\profapi.dll
0x00007fffae3a0000 - 0x00007fffae3ea000 	C:\WINDOWS\System32\powrprof.dll
0x00007fffae330000 - 0x00007fffae340000 	C:\WINDOWS\System32\UMPDC.dll
0x00007fffb13e0000 - 0x00007fffb1432000 	C:\WINDOWS\System32\shlwapi.dll
0x00007fffae340000 - 0x00007fffae351000 	C:\WINDOWS\System32\kernel.appcore.dll
0x00007fffae7f0000 - 0x00007fffae807000 	C:\WINDOWS\System32\cryptsp.dll
0x00007fff9d820000 - 0x00007fff9d83a000 	C:\Program Files\Android\Android Studio\jre\jre\bin\net.dll
0x00007fffadb70000 - 0x00007fffadbd7000 	C:\WINDOWS\system32\mswsock.dll
0x00007fff918f0000 - 0x00007fff91903000 	C:\Program Files\Android\Android Studio\jre\jre\bin\nio.dll
0x00007fff86d70000 - 0x00007fff86d97000 	C:\Users\Sachin\.gradle\native\f6784746aeab05261644944871eae4fe03e0ef1612fff0a4a95f87b438bc6780\windows-amd64\native-platform.dll
0x00007fffaaeb0000 - 0x00007fffaaebd000 	C:\Program Files\Android\Android Studio\jre\jre\bin\management.dll
0x00007fffad6f0000 - 0x00007fffad723000 	C:\WINDOWS\system32\rsaenh.dll
0x00007fffae760000 - 0x00007fffae786000 	C:\WINDOWS\System32\bcrypt.dll
0x00007fffae250000 - 0x00007fffae275000 	C:\WINDOWS\SYSTEM32\USERENV.dll
0x00007fffadd40000 - 0x00007fffadd4c000 	C:\WINDOWS\SYSTEM32\CRYPTBASE.dll
0x00007fffad880000 - 0x00007fffad8ba000 	C:\WINDOWS\SYSTEM32\IPHLPAPI.DLL
0x00007fffaff80000 - 0x00007fffaff88000 	C:\WINDOWS\System32\NSI.dll
0x00007fffa3200000 - 0x00007fffa3216000 	C:\WINDOWS\SYSTEM32\dhcpcsvc6.DLL
0x00007fffa3a10000 - 0x00007fffa3a2c000 	C:\WINDOWS\SYSTEM32\dhcpcsvc.DLL
0x00007fffad8c0000 - 0x00007fffad98b000 	C:\WINDOWS\SYSTEM32\DNSAPI.dll
0x00007fffa65e0000 - 0x00007fffa65eb000 	C:\WINDOWS\SYSTEM32\WINNSI.DLL
0x00007fff8cf40000 - 0x00007fff8cf64000 	C:\Program Files\Android\Android Studio\jre\jre\bin\sunec.dll
0x00007fff99540000 - 0x00007fff9954a000 	C:\Windows\System32\rasadhlp.dll
0x00007fffa2b10000 - 0x00007fffa2b87000 	C:\WINDOWS\System32\fwpuclnt.dll
0x00007fff9f940000 - 0x00007fff9f94b000 	C:\Program Files\Android\Android Studio\jre\jre\bin\sunmscapi.dll
0x00007fffae600000 - 0x00007fffae751000 	C:\WINDOWS\System32\CRYPT32.dll
0x00007fffae360000 - 0x00007fffae372000 	C:\WINDOWS\System32\MSASN1.dll
0x0000000066e00000 - 0x0000000066f03000 	C:\Users\Sachin\AppData\Local\Temp\room-3c5aad09-b3fb-4ac4-a1ab-92befdefe4f3\sqlite-3.25.2-66fc776b-26af-46d6-a836-cd29d90e4037-sqlitejdbc.dll
0x00007fff6e810000 - 0x00007fff6e9ac000 	C:\Program Files\Android\Android Studio\jre\jre\bin\awt.dll
0x00007fffb12b0000 - 0x00007fffb1375000 	C:\WINDOWS\System32\OLEAUT32.dll
0x00007fffaca60000 - 0x00007fffaca8d000 	C:\WINDOWS\SYSTEM32\dwmapi.dll
0x00007fffaaf50000 - 0x00007fffab510000 	C:\WINDOWS\SYSTEM32\d2d1.dll
0x00007fffac3f0000 - 0x00007fffac47f000 	C:\WINDOWS\SYSTEM32\apphelp.dll
0x00007fffac5a0000 - 0x00007fffac639000 	C:\WINDOWS\system32\uxtheme.dll
0x00007fffad3f0000 - 0x00007fffad421000 	C:\WINDOWS\SYSTEM32\ntmarta.dll
0x0000000030970000 - 0x0000000030a73000 	C:\Users\Sachin\AppData\Local\Temp\room-13429101-9011-418a-ab5d-1a937ac5e89f\sqlite-3.25.2-d8ef7c04-a983-4c20-8248-47c4e66ceab1-sqlitejdbc.dll
0x00007fff93cb0000 - 0x00007fff93ea4000 	C:\WINDOWS\SYSTEM32\dbghelp.dll

VM Arguments:
jvm_args: -Xmx1536m -Dfile.encoding=windows-1252 -Duser.country=US -Duser.language=en -Duser.variant 
java_command: org.gradle.launcher.daemon.bootstrap.GradleDaemon 6.5
java_class_path (initial): C:\Users\Sachin\.gradle\wrapper\dists\gradle-6.5-bin\6nifqtx7604sqp1q6g8wikw7p\gradle-6.5\lib\gradle-launcher-6.5.jar
Launcher Type: SUN_STANDARD

Environment Variables:
PATH=C:\Program Files (x86)\Common Files\Oracle\Java\javapath;C:\WINDOWS\system32;C:\WINDOWS;C:\WINDOWS\System32\Wbem;C:\WINDOWS\System32\WindowsPowerShell\v1.0\;C:\WINDOWS\System32\OpenSSH\;C:\Android;C:\Windows\System32;C:\Program Files\nodejs\;C:\Program Files\TortoiseSVN\bin;C:\Users\Sachin\AppData\Local\Microsoft\WindowsApps;C:\Users\Sachin\AppData\Local\Programs\Git\cmd;C:\Users\Sachin\AppData\Local\Programs\Microsoft VS Code\bin;C:\Users\Sachin\AppData\Roaming\npm;
USERNAME=Sachin
OS=Windows_NT
PROCESSOR_IDENTIFIER=Intel64 Family 6 Model 61 Stepping 4, GenuineIntel



---------------  S Y S T E M  ---------------

OS: Windows 10.0 , 64 bit Build 18362 (10.0.18362.1350)

CPU:total 4 (initial active 4) (2 cores per cpu, 2 threads per core) family 6 model 61 stepping 4, cmov, cx8, fxsr, mmx, sse, sse2, sse3, ssse3, sse4.1, sse4.2, popcnt, avx, avx2, aes, clmul, erms, 3dnowpref, lzcnt, ht, tsc, tscinvbit, bmi1, bmi2, adx

Memory: 4k page, physical 16671028k(7559392k free), swap 19161396k(7193744k free)

vm_info: OpenJDK 64-Bit Server VM (25.242-b01) for windows-amd64 JRE (1.8.0_242-release-1644-b01), built by "builder" with MS VC++ 10.0 (VS2010)

time: Tue Mar 30 12:50:16 2021
timezone: India Standard Time
elapsed time: 589 seconds (0d 0h 9m 49s)

