#
# A fatal error has been detected by the Java Runtime Environment:
#
#  EXCEPTION_ACCESS_VIOLATION (0xc0000005) at pc=0x0000000100001088, pid=9716, tid=0x00000000000022d8
#
# JRE version: OpenJDK Runtime Environment (8.0_242-b01) (build 1.8.0_242-release-1644-b01)
# Java VM: OpenJDK 64-Bit Server VM (25.242-b01 mixed mode windows-amd64 compressed oops)
# Problematic frame:
# C  0x0000000100001088
#
# Failed to write core dump. Minidumps are not enabled by default on client versions of Windows
#
# If you would like to submit a bug report, please visit:
#   
#

---------------  T H R E A D  ---------------

Current thread (0x0000000002f5a000):  GCTaskThread [stack: 0x0000000012b10000,0x0000000012c10000] [id=8920]

siginfo: ExceptionCode=0xc0000005, ExceptionInformation=0x0000000000000008 0x0000000100001088

Registers:
RAX=0x000000010011bc88, RBX=0x00000000fb558428, RCX=0x0000000100011b40, RDX=0x00000000fb558428
RSP=0x0000000012c0f7a8, RBP=0x000000001240a081, RSI=0x000000000302b980, RDI=0x00000000a140dcf8
R8 =0x0000000000000000, R9 =0x0000000100011b40, R10=0x000000000000000c, R11=0x000000000000000c
R12=0x000000001240a06c, R13=0x0000000000000011, R14=0x0000000000000000, R15=0x0000000002f524d0
RIP=0x0000000100001088, EFLAGS=0x0000000000010246

Top of Stack: (sp=0x0000000012c0f7a8)
0x0000000012c0f7a8:   000000006f3927b2 00000000fb558410
0x0000000012c0f7b8:   0000000000000003 000000000302b980
0x0000000012c0f7c8:   00000000b0c5566d 00000000f3400000
0x0000000012c0f7d8:   000000006f392efb 00000000b1856740
0x0000000012c0f7e8:   0000000000000400 0000000000000000
0x0000000012c0f7f8:   000000000302b900 000000001240a06c
0x0000000012c0f808:   000000006f392b20 00000000b185725c
0x0000000012c0f818:   000000001240a081 000000000302b980
0x0000000012c0f828:   00000000a140dcf8 00000000b185725c
0x0000000012c0f838:   000000006f3936c5 00000000fb49e1b8
0x0000000012c0f848:   000000001240a081 000000000302b980
0x0000000012c0f858:   0000000000000005 000000000302b980
0x0000000012c0f868:   0000000002f4e700 00000000a12406b4
0x0000000012c0f878:   000000006f0afcc7 000000000302b980
0x0000000012c0f888:   000000006f0ae3a3 00000000a140db29
0x0000000012c0f898:   00000000a140db29 00000000a1282f18 

Instructions: (pc=0x0000000100001088)
0x0000000100001068:   40 06 01 16 00 00 00 00 78 07 01 16 00 00 00 00
0x0000000100001078:   00 00 00 00 00 00 00 00 00 00 00 00 00 00 00 00
0x0000000100001088:   28 fa 58 6f 00 00 00 00 11 00 00 00 18 00 00 00
0x0000000100001098:   20 5a f8 02 00 00 00 00 00 00 00 00 00 00 00 00 


Register to memory mapping:

RAX=0x000000010011bc88 is pointing into metadata
RBX=0x00000000fb558428 is an oop

[error occurred during error reporting (printing register info), id 0xc0000005]

Stack: [0x0000000012b10000,0x0000000012c10000],  sp=0x0000000012c0f7a8,  free space=1021k
Native frames: (J=compiled Java code, j=interpreted, Vv=VM code, C=native code)
C  0x0000000100001088


---------------  P R O C E S S  ---------------

Java Threads: ( => current thread )
  0x000000001ac77800 JavaThread "Cache worker for Java compile cache (E:\SachinWorkspace\TechPlatform-DevOrg-Android\.gradle\6.5\javaCompile)" [_thread_blocked, id=13808, stack(0x0000000030c40000,0x0000000030d40000)]
  0x000000001ac7b000 JavaThread "Cache worker for execution history cache (E:\SachinWorkspace\TechPlatform-DevOrg-Android\.gradle\6.5\executionHistory)" [_thread_blocked, id=10400, stack(0x0000000030b40000,0x0000000030c40000)]
  0x000000001ac7c000 JavaThread "Execution worker for ':' Thread 3" [_thread_blocked, id=8692, stack(0x000000002da90000,0x000000002db90000)]
  0x000000001ac7a800 JavaThread "Execution worker for ':' Thread 2" [_thread_blocked, id=5472, stack(0x000000002bcf0000,0x000000002bdf0000)]
  0x000000001ac7e000 JavaThread "Execution worker for ':'" [_thread_blocked, id=12756, stack(0x000000002b550000,0x000000002b650000)]
  0x000000001ac7d800 JavaThread "Cache worker for file content cache (E:\SachinWorkspace\TechPlatform-DevOrg-Android\.gradle\6.5\fileContent)" [_thread_blocked, id=6972, stack(0x0000000028840000,0x0000000028940000)]
  0x000000001ac79800 JavaThread "Cache worker for Build Output Cleanup Cache (E:\SachinWorkspace\TechPlatform-DevOrg-Android\.gradle\buildOutputCleanup)" [_thread_blocked, id=12204, stack(0x0000000028740000,0x0000000028840000)]
  0x000000001ac7c800 JavaThread "jar transforms Thread 652" [_thread_blocked, id=7636, stack(0x0000000028640000,0x0000000028740000)]
  0x000000001f834800 JavaThread "jar transforms Thread 651" [_thread_blocked, id=13588, stack(0x0000000028540000,0x0000000028640000)]
  0x000000001f833000 JavaThread "jar transforms Thread 650" [_thread_blocked, id=13292, stack(0x0000000028440000,0x0000000028540000)]
  0x000000001f831800 JavaThread "jar transforms Thread 649" [_thread_blocked, id=12408, stack(0x0000000028340000,0x0000000028440000)]
  0x000000001f830800 JavaThread "jar transforms Thread 648" [_thread_blocked, id=8976, stack(0x0000000028240000,0x0000000028340000)]
  0x000000001f832000 JavaThread "jar transforms Thread 647" [_thread_blocked, id=9964, stack(0x0000000028140000,0x0000000028240000)]
  0x000000001f836000 JavaThread "jar transforms Thread 646" [_thread_blocked, id=13260, stack(0x0000000028040000,0x0000000028140000)]
  0x000000001f835000 JavaThread "jar transforms Thread 645" [_thread_blocked, id=14176, stack(0x0000000027f40000,0x0000000028040000)]
  0x000000001f833800 JavaThread "jar transforms Thread 644" [_thread_blocked, id=10160, stack(0x0000000027e40000,0x0000000027f40000)]
  0x000000001f829000 JavaThread "jar transforms Thread 643" [_thread_blocked, id=928, stack(0x0000000027d40000,0x0000000027e40000)]
  0x000000001f830000 JavaThread "jar transforms Thread 642" [_thread_blocked, id=2780, stack(0x0000000027c40000,0x0000000027d40000)]
  0x000000001f828800 JavaThread "jar transforms Thread 641" [_thread_blocked, id=1684, stack(0x0000000027b40000,0x0000000027c40000)]
  0x000000001f82f000 JavaThread "jar transforms Thread 640" [_thread_blocked, id=3320, stack(0x0000000027a40000,0x0000000027b40000)]
  0x000000001f82c000 JavaThread "jar transforms Thread 639" [_thread_blocked, id=8140, stack(0x0000000027940000,0x0000000027a40000)]
  0x000000001f827800 JavaThread "jar transforms Thread 638" [_thread_blocked, id=2080, stack(0x0000000027840000,0x0000000027940000)]
  0x000000001f82b800 JavaThread "jar transforms Thread 637" [_thread_blocked, id=12296, stack(0x0000000027740000,0x0000000027840000)]
  0x000000001f82a000 JavaThread "jar transforms Thread 636" [_thread_blocked, id=764, stack(0x0000000027640000,0x0000000027740000)]
  0x000000001a065800 JavaThread "jar transforms Thread 635" [_thread_blocked, id=14200, stack(0x0000000027540000,0x0000000027640000)]
  0x000000001a066000 JavaThread "jar transforms Thread 634" [_thread_blocked, id=12896, stack(0x0000000027440000,0x0000000027540000)]
  0x000000001a063000 JavaThread "jar transforms Thread 633" [_thread_blocked, id=13848, stack(0x0000000027340000,0x0000000027440000)]
  0x000000001a062800 JavaThread "jar transforms Thread 632" [_thread_blocked, id=4180, stack(0x0000000027240000,0x0000000027340000)]
  0x000000001a05a000 JavaThread "jar transforms Thread 631" [_thread_blocked, id=10216, stack(0x0000000027140000,0x0000000027240000)]
  0x000000001a061000 JavaThread "jar transforms Thread 630" [_thread_blocked, id=7432, stack(0x0000000027040000,0x0000000027140000)]
  0x000000001a059800 JavaThread "jar transforms Thread 629" [_thread_blocked, id=14092, stack(0x0000000026f40000,0x0000000027040000)]
  0x000000001a060000 JavaThread "jar transforms Thread 628" [_thread_blocked, id=13552, stack(0x0000000026e40000,0x0000000026f40000)]
  0x000000001a05f800 JavaThread "jar transforms Thread 627" [_thread_blocked, id=720, stack(0x0000000026d40000,0x0000000026e40000)]
  0x000000001a05e800 JavaThread "jar transforms Thread 626" [_thread_blocked, id=8356, stack(0x0000000026c40000,0x0000000026d40000)]
  0x000000001a057000 JavaThread "jar transforms Thread 625" [_thread_blocked, id=11992, stack(0x0000000026b40000,0x0000000026c40000)]
  0x000000001a058800 JavaThread "jar transforms Thread 624" [_thread_blocked, id=13320, stack(0x0000000026a40000,0x0000000026b40000)]
  0x000000001a05e000 JavaThread "jar transforms Thread 623" [_thread_blocked, id=1360, stack(0x0000000026940000,0x0000000026a40000)]
  0x000000001a058000 JavaThread "jar transforms Thread 622" [_thread_blocked, id=9016, stack(0x0000000026840000,0x0000000026940000)]
  0x000000001a05b000 JavaThread "jar transforms Thread 621" [_thread_blocked, id=120, stack(0x0000000026740000,0x0000000026840000)]
  0x000000001a05b800 JavaThread "jar transforms Thread 620" [_thread_blocked, id=8080, stack(0x0000000026640000,0x0000000026740000)]
  0x000000001a05c800 JavaThread "jar transforms Thread 619" [_thread_blocked, id=7440, stack(0x0000000026540000,0x0000000026640000)]
  0x000000001a05d000 JavaThread "jar transforms Thread 618" [_thread_blocked, id=12348, stack(0x0000000026440000,0x0000000026540000)]
  0x000000001e20b800 JavaThread "jar transforms Thread 617" [_thread_blocked, id=13524, stack(0x0000000026340000,0x0000000026440000)]
  0x000000001e20a800 JavaThread "jar transforms Thread 616" [_thread_blocked, id=12372, stack(0x0000000026240000,0x0000000026340000)]
  0x000000001e20a000 JavaThread "jar transforms Thread 615" [_thread_blocked, id=13620, stack(0x0000000026140000,0x0000000026240000)]
  0x000000001e209000 JavaThread "jar transforms Thread 614" [_thread_blocked, id=11200, stack(0x0000000026040000,0x0000000026140000)]
  0x000000001e208800 JavaThread "jar transforms Thread 613" [_thread_blocked, id=9084, stack(0x0000000025f40000,0x0000000026040000)]
  0x000000001e20c000 JavaThread "jar transforms Thread 612" [_thread_blocked, id=2188, stack(0x0000000025e40000,0x0000000025f40000)]
  0x000000001e207800 JavaThread "jar transforms Thread 611" [_thread_blocked, id=7784, stack(0x0000000025d40000,0x0000000025e40000)]
  0x000000001e200000 JavaThread "jar transforms Thread 610" [_thread_blocked, id=1132, stack(0x0000000025c40000,0x0000000025d40000)]
  0x000000001e207000 JavaThread "jar transforms Thread 609" [_thread_blocked, id=9944, stack(0x0000000025b40000,0x0000000025c40000)]
  0x000000001e206000 JavaThread "jar transforms Thread 608" [_thread_blocked, id=12796, stack(0x0000000025a40000,0x0000000025b40000)]
  0x000000001e1fd000 JavaThread "jar transforms Thread 607" [_thread_blocked, id=11236, stack(0x0000000025940000,0x0000000025a40000)]
  0x000000001e200800 JavaThread "jar transforms Thread 606" [_thread_blocked, id=13648, stack(0x0000000025840000,0x0000000025940000)]
  0x000000001e201800 JavaThread "jar transforms Thread 605" [_thread_blocked, id=1652, stack(0x0000000025740000,0x0000000025840000)]
  0x000000001e204000 JavaThread "jar transforms Thread 604" [_thread_blocked, id=13204, stack(0x0000000025640000,0x0000000025740000)]
  0x000000001e1ff000 JavaThread "jar transforms Thread 603" [_thread_blocked, id=10772, stack(0x0000000025540000,0x0000000025640000)]
  0x000000001e1fe800 JavaThread "jar transforms Thread 602" [_thread_blocked, id=10976, stack(0x0000000025440000,0x0000000025540000)]
  0x000000001e202000 JavaThread "jar transforms Thread 601" [_thread_blocked, id=7728, stack(0x0000000025340000,0x0000000025440000)]
  0x000000001e1fd800 JavaThread "jar transforms Thread 600" [_thread_blocked, id=14172, stack(0x0000000025240000,0x0000000025340000)]
  0x0000000018b9c800 JavaThread "jar transforms Thread 599" [_thread_blocked, id=13904, stack(0x0000000025140000,0x0000000025240000)]
  0x0000000018b9b000 JavaThread "jar transforms Thread 598" [_thread_blocked, id=13100, stack(0x0000000025040000,0x0000000025140000)]
  0x0000000018b9a000 JavaThread "jar transforms Thread 597" [_thread_blocked, id=9320, stack(0x0000000024f40000,0x0000000025040000)]
  0x0000000018b99800 JavaThread "jar transforms Thread 596" [_thread_blocked, id=10296, stack(0x0000000024e40000,0x0000000024f40000)]
  0x0000000018b9f800 JavaThread "jar transforms Thread 595" [_thread_blocked, id=9752, stack(0x0000000024d40000,0x0000000024e40000)]
  0x0000000018b98800 JavaThread "jar transforms Thread 594" [_thread_blocked, id=12928, stack(0x0000000024c40000,0x0000000024d40000)]
  0x0000000018b98000 JavaThread "jar transforms Thread 593" [_thread_blocked, id=13272, stack(0x0000000024b40000,0x0000000024c40000)]
  0x0000000018b9e800 JavaThread "jar transforms Thread 592" [_thread_blocked, id=12708, stack(0x0000000024a40000,0x0000000024b40000)]
  0x0000000018b9e000 JavaThread "jar transforms Thread 591" [_thread_blocked, id=13120, stack(0x0000000024940000,0x0000000024a40000)]
  0x0000000018b9b800 JavaThread "jar transforms Thread 590" [_thread_blocked, id=5072, stack(0x0000000024840000,0x0000000024940000)]
  0x0000000018b90800 JavaThread "jar transforms Thread 589" [_thread_blocked, id=13148, stack(0x0000000024740000,0x0000000024840000)]
  0x0000000018b92800 JavaThread "jar transforms Thread 588" [_thread_blocked, id=7448, stack(0x0000000024640000,0x0000000024740000)]
  0x0000000018b97000 JavaThread "jar transforms Thread 587" [_thread_blocked, id=11160, stack(0x0000000024540000,0x0000000024640000)]
  0x0000000018b95800 JavaThread "jar transforms Thread 586" [_thread_blocked, id=8824, stack(0x0000000024440000,0x0000000024540000)]
  0x0000000018b94000 JavaThread "jar transforms Thread 585" [_thread_blocked, id=12224, stack(0x0000000024340000,0x0000000024440000)]
  0x0000000018b92000 JavaThread "jar transforms Thread 584" [_thread_blocked, id=3256, stack(0x0000000024240000,0x0000000024340000)]
  0x0000000018b93800 JavaThread "jar transforms Thread 583" [_thread_blocked, id=3672, stack(0x0000000024140000,0x0000000024240000)]
  0x0000000018b95000 JavaThread "jar transforms Thread 582" [_thread_blocked, id=10644, stack(0x0000000024040000,0x0000000024140000)]
  0x0000000018b96800 JavaThread "jar transforms Thread 581" [_thread_blocked, id=6776, stack(0x0000000023f40000,0x0000000024040000)]
  0x0000000018b91000 JavaThread "jar transforms Thread 580" [_thread_blocked, id=11860, stack(0x0000000023e40000,0x0000000023f40000)]
  0x000000001e58e000 JavaThread "jar transforms Thread 579" [_thread_blocked, id=4252, stack(0x0000000023d40000,0x0000000023e40000)]
  0x000000001e58d800 JavaThread "jar transforms Thread 578" [_thread_blocked, id=10524, stack(0x0000000023c40000,0x0000000023d40000)]
  0x000000001e594000 JavaThread "jar transforms Thread 577" [_thread_blocked, id=12424, stack(0x0000000023b40000,0x0000000023c40000)]
  0x000000001e593800 JavaThread "jar transforms Thread 576" [_thread_blocked, id=1396, stack(0x0000000023a40000,0x0000000023b40000)]
  0x000000001e592800 JavaThread "jar transforms Thread 575" [_thread_blocked, id=9780, stack(0x0000000023940000,0x0000000023a40000)]
  0x000000001e592000 JavaThread "jar transforms Thread 574" [_thread_blocked, id=13084, stack(0x0000000023840000,0x0000000023940000)]
  0x000000001e58c800 JavaThread "jar transforms Thread 573" [_thread_blocked, id=10056, stack(0x0000000023740000,0x0000000023840000)]
  0x000000001e591000 JavaThread "jar transforms Thread 572" [_thread_blocked, id=5268, stack(0x0000000023640000,0x0000000023740000)]
  0x000000001e58f000 JavaThread "jar transforms Thread 571" [_thread_blocked, id=2744, stack(0x0000000023540000,0x0000000023640000)]
  0x000000001e590800 JavaThread "jar transforms Thread 570" [_thread_blocked, id=6720, stack(0x0000000023440000,0x0000000023540000)]
  0x000000001e58f800 JavaThread "jar transforms Thread 569" [_thread_blocked, id=9332, stack(0x0000000023340000,0x0000000023440000)]
  0x000000001e585000 JavaThread "jar transforms Thread 568" [_thread_blocked, id=14268, stack(0x0000000023240000,0x0000000023340000)]
  0x000000001e58c000 JavaThread "jar transforms Thread 567" [_thread_blocked, id=12212, stack(0x0000000022f30000,0x0000000023030000)]
  0x000000001e58b000 JavaThread "jar transforms Thread 566" [_thread_blocked, id=13200, stack(0x00000000229d0000,0x0000000022ad0000)]
  0x000000001e58a800 JavaThread "jar transforms Thread 565" [_thread_blocked, id=2016, stack(0x00000000228d0000,0x00000000229d0000)]
  0x000000001e589800 JavaThread "jar transforms Thread 564" [_thread_blocked, id=13344, stack(0x00000000221b0000,0x00000000222b0000)]
  0x000000001e589000 JavaThread "jar transforms Thread 563" [_thread_blocked, id=12588, stack(0x00000000218b0000,0x00000000219b0000)]
  0x000000001e582000 JavaThread "jar transforms Thread 562" [_thread_blocked, id=11128, stack(0x00000000217b0000,0x00000000218b0000)]
  0x000000001e581000 JavaThread "jar transforms Thread 561" [_thread_blocked, id=10384, stack(0x00000000216b0000,0x00000000217b0000)]
  0x000000001e588000 JavaThread "jar transforms Thread 560" [_thread_blocked, id=12604, stack(0x00000000212b0000,0x00000000213b0000)]
  0x000000001e587800 JavaThread "jar transforms Thread 559" [_thread_blocked, id=12684, stack(0x00000000211b0000,0x00000000212b0000)]
  0x000000001e584800 JavaThread "jar transforms Thread 558" [_thread_blocked, id=72, stack(0x00000000210b0000,0x00000000211b0000)]
  0x000000001e586000 JavaThread "jar transforms Thread 557" [_thread_blocked, id=7916, stack(0x0000000020fb0000,0x00000000210b0000)]
  0x000000001e586800 JavaThread "jar transforms Thread 556" [_thread_blocked, id=9560, stack(0x0000000020eb0000,0x0000000020fb0000)]
  0x000000001e583000 JavaThread "jar transforms Thread 555" [_thread_blocked, id=6764, stack(0x0000000020db0000,0x0000000020eb0000)]
  0x000000001e583800 JavaThread "jar transforms Thread 554" [_thread_blocked, id=11492, stack(0x0000000020cb0000,0x0000000020db0000)]
  0x000000001e57a800 JavaThread "jar transforms Thread 553" [_thread_blocked, id=12024, stack(0x0000000020bb0000,0x0000000020cb0000)]
  0x000000001e580800 JavaThread "jar transforms Thread 552" [_thread_blocked, id=9608, stack(0x0000000020ab0000,0x0000000020bb0000)]
  0x000000001e57f800 JavaThread "jar transforms Thread 551" [_thread_blocked, id=1196, stack(0x00000000209b0000,0x0000000020ab0000)]
  0x000000001e578000 JavaThread "jar transforms Thread 550" [_thread_blocked, id=13180, stack(0x00000000208b0000,0x00000000209b0000)]
  0x000000001e57b000 JavaThread "jar transforms Thread 549" [_thread_blocked, id=11636, stack(0x00000000207b0000,0x00000000208b0000)]
  0x000000001e57f000 JavaThread "jar transforms Thread 548" [_thread_blocked, id=13496, stack(0x00000000206b0000,0x00000000207b0000)]
  0x000000001e576000 JavaThread "jar transforms Thread 547" [_thread_blocked, id=11348, stack(0x00000000205b0000,0x00000000206b0000)]
  0x000000001e579000 JavaThread "jar transforms Thread 546" [_thread_blocked, id=6032, stack(0x00000000204b0000,0x00000000205b0000)]
  0x000000001e577800 JavaThread "jar transforms Thread 545" [_thread_blocked, id=1364, stack(0x00000000203b0000,0x00000000204b0000)]
  0x000000001e57c800 JavaThread "Build operations Thread 4" [_thread_blocked, id=2828, stack(0x00000000202b0000,0x00000000203b0000)]
  0x0000000019f8f800 JavaThread "Build operations Thread 3" [_thread_blocked, id=14072, stack(0x000000001ef50000,0x000000001f050000)]
  0x0000000019f8d000 JavaThread "Build operations Thread 2" [_thread_blocked, id=13224, stack(0x000000001ee50000,0x000000001ef50000)]
  0x0000000019f8c800 JavaThread "Build operations" [_thread_blocked, id=14304, stack(0x000000001ed50000,0x000000001ee50000)]
  0x0000000019f8b800 JavaThread "Cache worker for cache directory md-rule (C:\Users\Sachin\.gradle\caches\6.5\md-rule)" [_thread_blocked, id=10364, stack(0x000000001ec50000,0x000000001ed50000)]
  0x0000000019f8e800 JavaThread "Cache worker for cache directory md-supplier (C:\Users\Sachin\.gradle\caches\6.5\md-supplier)" [_thread_blocked, id=5352, stack(0x000000001c4b0000,0x000000001c5b0000)]
  0x0000000019f8b000 JavaThread "Cache worker for checksums cache (E:\SachinWorkspace\TechPlatform-DevOrg-Android\.gradle\checksums)" [_thread_blocked, id=7072, stack(0x000000001c3b0000,0x000000001c4b0000)]
  0x0000000019f8e000 JavaThread "Cache worker for file hash cache (E:\SachinWorkspace\TechPlatform-DevOrg-Android\.gradle\6.5\fileHashes)" [_thread_blocked, id=11828, stack(0x000000001c2b0000,0x000000001c3b0000)]
  0x0000000019f90000 JavaThread "Thread-661" [_thread_blocked, id=13080, stack(0x000000001c1b0000,0x000000001c2b0000)]
  0x0000000019f83800 JavaThread "Stdin handler" [_thread_blocked, id=14096, stack(0x000000001beb0000,0x000000001bfb0000)]
  0x0000000019f86800 JavaThread "Asynchronous log dispatcher for DefaultDaemonConnection: socket connection from /127.0.0.1:65125 to /127.0.0.1:49940" [_thread_blocked, id=13220, stack(0x000000001b870000,0x000000001b970000)]
  0x0000000019f8a000 JavaThread "Daemon worker Thread 5" [_thread_blocked, id=14272, stack(0x000000001b770000,0x000000001b870000)]
  0x0000000019f88800 JavaThread "Cancel handler" [_thread_blocked, id=1588, stack(0x0000000001310000,0x0000000001410000)]
  0x0000000019f85000 JavaThread "Handler for socket connection from /127.0.0.1:65125 to /127.0.0.1:49940" [_thread_in_native, id=8524, stack(0x0000000001210000,0x0000000001310000)]
  0x0000000019f81000 JavaThread "Daemon Thread 5" [_thread_blocked, id=5176, stack(0x0000000001110000,0x0000000001210000)]
  0x0000000019f85800 JavaThread "Cache worker for Java compile cache (C:\Users\Sachin\.gradle\caches\6.5\javaCompile)" [_thread_blocked, id=13424, stack(0x0000000028d80000,0x0000000028e80000)]
  0x0000000019f88000 JavaThread "Memory manager" [_thread_blocked, id=7092, stack(0x000000002b210000,0x000000002b310000)]
  0x000000001ac80800 JavaThread "Cache worker for file content cache (C:\Users\Sachin\.gradle\caches\6.5\fileContent)" [_thread_blocked, id=6904, stack(0x00000000220b0000,0x00000000221b0000)]
  0x000000001ac81000 JavaThread "Cache worker for execution history cache (C:\Users\Sachin\.gradle\caches\6.5\executionHistory)" [_thread_blocked, id=628, stack(0x0000000021bb0000,0x0000000021cb0000)]
  0x000000001ab82000 JavaThread "Cache worker for file hash cache (C:\Users\Sachin\.gradle\caches\6.5\fileHashes)" [_thread_blocked, id=13752, stack(0x000000001c9b0000,0x000000001cab0000)]
  0x000000001ab83800 JavaThread "File lock request listener" [_thread_in_native, id=13724, stack(0x000000001c8b0000,0x000000001c9b0000)]
  0x000000001a8d9800 JavaThread "Cache worker for journal cache (C:\Users\Sachin\.gradle\caches\journal-1)" [_thread_blocked, id=1952, stack(0x000000001c7b0000,0x000000001c8b0000)]
  0x000000001a7f4800 JavaThread "Daemon periodic checks" [_thread_blocked, id=13976, stack(0x000000001bbb0000,0x000000001bcb0000)]
  0x000000001a7d4800 JavaThread "Incoming local TCP Connector on port 65125" [_thread_in_native, id=14280, stack(0x000000001b970000,0x000000001ba70000)]
  0x000000001a785800 JavaThread "Daemon health stats" [_thread_blocked, id=12292, stack(0x000000001b330000,0x000000001b430000)]
  0x0000000016a0e800 JavaThread "Service Thread" daemon [_thread_blocked, id=12188, stack(0x0000000018730000,0x0000000018830000)]
  0x00000000169c2000 JavaThread "C1 CompilerThread2" daemon [_thread_blocked, id=11852, stack(0x0000000018230000,0x0000000018330000)]
  0x00000000169ba000 JavaThread "C2 CompilerThread1" daemon [_thread_blocked, id=14148, stack(0x0000000018130000,0x0000000018230000)]
  0x00000000169b5800 JavaThread "C2 CompilerThread0" daemon [_thread_blocked, id=9988, stack(0x0000000018030000,0x0000000018130000)]
  0x00000000169b4800 JavaThread "Attach Listener" daemon [_thread_blocked, id=13980, stack(0x0000000017f30000,0x0000000018030000)]
  0x00000000169b0000 JavaThread "Signal Dispatcher" daemon [_thread_blocked, id=14028, stack(0x0000000017e30000,0x0000000017f30000)]
  0x000000000303b000 JavaThread "Finalizer" daemon [_thread_blocked, id=7436, stack(0x0000000017c30000,0x0000000017d30000)]
  0x0000000016999000 JavaThread "Reference Handler" daemon [_thread_blocked, id=1424, stack(0x0000000017b30000,0x0000000017c30000)]
  0x0000000002dcd800 JavaThread "main" [_thread_blocked, id=14008, stack(0x0000000002e40000,0x0000000002f40000)]

Other Threads:
  0x0000000016976000 VMThread [stack: 0x0000000017a30000,0x0000000017b30000] [id=12216]
  0x000000001835f800 WatcherThread [stack: 0x0000000018830000,0x0000000018930000] [id=13232]

=>0x0000000002f5a000 (exited) GCTaskThread [stack: 0x0000000012b10000,0x0000000012c10000] [id=8920]

VM state:at safepoint (normal execution)

VM Mutex/Monitor currently owned by a thread:  ([mutex/lock_event])
[0x0000000002dcc5f0] Threads_lock - owner thread: 0x0000000016976000
[0x0000000002dccaf0] Heap_lock - owner thread: 0x000000001ac7e000

heap address: 0x00000000a0000000, size: 1536 MB, Compressed Oops mode: 32-bit
Narrow klass base: 0x0000000000000000, Narrow klass shift: 3
Compressed class space size: 1073741824 Address: 0x0000000100000000

Heap:
 PSYoungGen      total 394240K, used 394223K [0x00000000e0000000, 0x0000000100000000, 0x0000000100000000)
  eden space 315392K, 100% used [0x00000000e0000000,0x00000000f3400000,0x00000000f3400000)
  from space 78848K, 99% used [0x00000000fb280000,0x00000000fff7bf08,0x00000000fff80000)
  to   space 104448K, 68% used [0x00000000f3400000,0x00000000f7a40370,0x00000000f9a00000)
 ParOldGen       total 484864K, used 301228K [0x00000000a0000000, 0x00000000bd980000, 0x00000000e0000000)
  object space 484864K, 62% used [0x00000000a0000000,0x00000000b262d1f0,0x00000000bd980000)
 Metaspace       used 157941K, capacity 164654K, committed 165580K, reserved 1193984K
  class space    used 20204K, capacity 21547K, committed 21748K, reserved 1048576K

Card table byte_map: [0x0000000012400000,0x0000000012710000] byte_map_base: 0x0000000011f00000

Marking Bits: (ParMarkBitMap*) 0x000000006f78f030
 Begin Bits: [0x0000000012d10000, 0x0000000014510000)
 End Bits:   [0x0000000014510000, 0x0000000015d10000)

Polling page: 0x0000000001460000

CodeCache: size=245760Kb used=82385Kb max_used=82385Kb free=163375Kb
 bounds [0x0000000003040000, 0x0000000008110000, 0x0000000012040000]
 total_blobs=23872 nmethods=22912 adapters=870
 compilation: enabled

Compilation events (10 events):
Event: 2395.108 Thread 0x00000000169c2000 29088       3       com.sun.tools.javac.tree.TreeCopier::copy (62 bytes)
Event: 2395.109 Thread 0x00000000169c2000 nmethod 29088 0x00000000081099d0 code [0x0000000008109c00, 0x000000000810a9f8]
Event: 2395.112 Thread 0x00000000169c2000 29089       3       com.sun.tools.javac.tree.TreeScanner::visitSwitch (17 bytes)
Event: 2395.112 Thread 0x00000000169c2000 nmethod 29089 0x000000000810b050 code [0x000000000810b1c0, 0x000000000810b498]
Event: 2395.120 Thread 0x00000000169c2000 29090       3       com.sun.tools.javac.tree.TreeTranslator::visitNewClass (63 bytes)
Event: 2395.121 Thread 0x00000000169c2000 nmethod 29090 0x000000000810b590 code [0x000000000810b740, 0x000000000810bef8]
Event: 2395.121 Thread 0x00000000169c2000 29091       3       com.sun.tools.javac.comp.LambdaToMethod$LambdaAnalyzerPreprocessor::lambdaFieldAccessFilter (102 bytes)
Event: 2395.122 Thread 0x00000000169c2000 nmethod 29091 0x000000000810c090 code [0x000000000810c260, 0x000000000810cb08]
Event: 2395.123 Thread 0x00000000169c2000 29093       3       com.sun.tools.javac.jvm.Code::emitop1w (104 bytes)
Event: 2395.124 Thread 0x00000000169c2000 nmethod 29093 0x000000000810cdd0 code [0x000000000810cfc0, 0x000000000810d568]

GC Heap History (10 events):
Event: 2159.475 GC heap after
Heap after GC invocations=27 (full 5):
 PSYoungGen      total 430080K, used 14083K [0x00000000e0000000, 0x00000000ffa00000, 0x0000000100000000)
  eden space 349184K, 0% used [0x00000000e0000000,0x00000000e0000000,0x00000000f5500000)
  from space 80896K, 17% used [0x00000000fab00000,0x00000000fb8c0ec8,0x00000000ffa00000)
  to   space 84480K, 0% used [0x00000000f5500000,0x00000000f5500000,0x00000000fa780000)
 ParOldGen       total 484864K, used 230655K [0x00000000a0000000, 0x00000000bd980000, 0x00000000e0000000)
  object space 484864K, 47% used [0x00000000a0000000,0x00000000ae13fc60,0x00000000bd980000)
 Metaspace       used 140355K, capacity 145772K, committed 148556K, reserved 1177600K
  class space    used 17973K, capacity 19084K, committed 19572K, reserved 1048576K
}
Event: 2163.576 GC heap before
{Heap before GC invocations=28 (full 5):
 PSYoungGen      total 430080K, used 363267K [0x00000000e0000000, 0x00000000ffa00000, 0x0000000100000000)
  eden space 349184K, 100% used [0x00000000e0000000,0x00000000f5500000,0x00000000f5500000)
  from space 80896K, 17% used [0x00000000fab00000,0x00000000fb8c0ec8,0x00000000ffa00000)
  to   space 84480K, 0% used [0x00000000f5500000,0x00000000f5500000,0x00000000fa780000)
 ParOldGen       total 484864K, used 230655K [0x00000000a0000000, 0x00000000bd980000, 0x00000000e0000000)
  object space 484864K, 47% used [0x00000000a0000000,0x00000000ae13fc60,0x00000000bd980000)
 Metaspace       used 148545K, capacity 154876K, committed 155980K, reserved 1185792K
  class space    used 19192K, capacity 20458K, committed 20596K, reserved 1048576K
Event: 2163.671 GC heap after
Heap after GC invocations=28 (full 5):
 PSYoungGen      total 433664K, used 42920K [0x00000000e0000000, 0x0000000100000000, 0x0000000100000000)
  eden space 349184K, 0% used [0x00000000e0000000,0x00000000e0000000,0x00000000f5500000)
  from space 84480K, 50% used [0x00000000f5500000,0x00000000f7eea230,0x00000000fa780000)
  to   space 83968K, 0% used [0x00000000fae00000,0x00000000fae00000,0x0000000100000000)
 ParOldGen       total 484864K, used 242707K [0x00000000a0000000, 0x00000000bd980000, 0x00000000e0000000)
  object space 484864K, 50% used [0x00000000a0000000,0x00000000aed04e28,0x00000000bd980000)
 Metaspace       used 148545K, capacity 154876K, committed 155980K, reserved 1185792K
  class space    used 19192K, capacity 20458K, committed 20596K, reserved 1048576K
}
Event: 2219.357 GC heap before
{Heap before GC invocations=29 (full 5):
 PSYoungGen      total 433664K, used 392104K [0x00000000e0000000, 0x0000000100000000, 0x0000000100000000)
  eden space 349184K, 100% used [0x00000000e0000000,0x00000000f5500000,0x00000000f5500000)
  from space 84480K, 50% used [0x00000000f5500000,0x00000000f7eea230,0x00000000fa780000)
  to   space 83968K, 0% used [0x00000000fae00000,0x00000000fae00000,0x0000000100000000)
 ParOldGen       total 484864K, used 242707K [0x00000000a0000000, 0x00000000bd980000, 0x00000000e0000000)
  object space 484864K, 50% used [0x00000000a0000000,0x00000000aed04e28,0x00000000bd980000)
 Metaspace       used 150218K, capacity 156814K, committed 157772K, reserved 1185792K
  class space    used 19376K, capacity 20701K, committed 20852K, reserved 1048576K
Event: 2219.395 GC heap after
Heap after GC invocations=29 (full 5):
 PSYoungGen      total 433152K, used 18402K [0x00000000e0000000, 0x00000000ff980000, 0x0000000100000000)
  eden space 355840K, 0% used [0x00000000e0000000,0x00000000e0000000,0x00000000f5b80000)
  from space 77312K, 23% used [0x00000000fae00000,0x00000000fbff8b28,0x00000000ff980000)
  to   space 80896K, 0% used [0x00000000f5b80000,0x00000000f5b80000,0x00000000faa80000)
 ParOldGen       total 484864K, used 248111K [0x00000000a0000000, 0x00000000bd980000, 0x00000000e0000000)
  object space 484864K, 51% used [0x00000000a0000000,0x00000000af24bf28,0x00000000bd980000)
 Metaspace       used 150218K, capacity 156814K, committed 157772K, reserved 1185792K
  class space    used 19376K, capacity 20701K, committed 20852K, reserved 1048576K
}
Event: 2388.767 GC heap before
{Heap before GC invocations=30 (full 5):
 PSYoungGen      total 433152K, used 374242K [0x00000000e0000000, 0x00000000ff980000, 0x0000000100000000)
  eden space 355840K, 100% used [0x00000000e0000000,0x00000000f5b80000,0x00000000f5b80000)
  from space 77312K, 23% used [0x00000000fae00000,0x00000000fbff8b28,0x00000000ff980000)
  to   space 80896K, 0% used [0x00000000f5b80000,0x00000000f5b80000,0x00000000faa80000)
 ParOldGen       total 484864K, used 248111K [0x00000000a0000000, 0x00000000bd980000, 0x00000000e0000000)
  object space 484864K, 51% used [0x00000000a0000000,0x00000000af24bf28,0x00000000bd980000)
 Metaspace       used 150619K, capacity 157374K, committed 158156K, reserved 1185792K
  class space    used 19407K, capacity 20771K, committed 20980K, reserved 1048576K
Event: 2388.819 GC heap after
Heap after GC invocations=30 (full 5):
 PSYoungGen      total 436736K, used 37593K [0x00000000e0000000, 0x00000000fff80000, 0x0000000100000000)
  eden space 355840K, 0% used [0x00000000e0000000,0x00000000e0000000,0x00000000f5b80000)
  from space 80896K, 46% used [0x00000000f5b80000,0x00000000f8036410,0x00000000faa80000)
  to   space 78848K, 0% used [0x00000000fb280000,0x00000000fb280000,0x00000000fff80000)
 ParOldGen       total 484864K, used 248119K [0x00000000a0000000, 0x00000000bd980000, 0x00000000e0000000)
  object space 484864K, 51% used [0x00000000a0000000,0x00000000af24df28,0x00000000bd980000)
 Metaspace       used 150619K, capacity 157374K, committed 158156K, reserved 1185792K
  class space    used 19407K, capacity 20771K, committed 20980K, reserved 1048576K
}
Event: 2391.660 GC heap before
{Heap before GC invocations=31 (full 5):
 PSYoungGen      total 436736K, used 393433K [0x00000000e0000000, 0x00000000fff80000, 0x0000000100000000)
  eden space 355840K, 100% used [0x00000000e0000000,0x00000000f5b80000,0x00000000f5b80000)
  from space 80896K, 46% used [0x00000000f5b80000,0x00000000f8036410,0x00000000faa80000)
  to   space 78848K, 0% used [0x00000000fb280000,0x00000000fb280000,0x00000000fff80000)
 ParOldGen       total 484864K, used 248119K [0x00000000a0000000, 0x00000000bd980000, 0x00000000e0000000)
  object space 484864K, 51% used [0x00000000a0000000,0x00000000af24df28,0x00000000bd980000)
 Metaspace       used 157918K, capacity 164654K, committed 165580K, reserved 1193984K
  class space    used 20204K, capacity 21547K, committed 21748K, reserved 1048576K
Event: 2391.794 GC heap after
Heap after GC invocations=31 (full 5):
 PSYoungGen      total 394240K, used 78831K [0x00000000e0000000, 0x0000000100000000, 0x0000000100000000)
  eden space 315392K, 0% used [0x00000000e0000000,0x00000000e0000000,0x00000000f3400000)
  from space 78848K, 99% used [0x00000000fb280000,0x00000000fff7bf08,0x00000000fff80000)
  to   space 104448K, 0% used [0x00000000f3400000,0x00000000f3400000,0x00000000f9a00000)
 ParOldGen       total 484864K, used 283291K [0x00000000a0000000, 0x00000000bd980000, 0x00000000e0000000)
  object space 484864K, 58% used [0x00000000a0000000,0x00000000b14a6f38,0x00000000bd980000)
 Metaspace       used 157918K, capacity 164654K, committed 165580K, reserved 1193984K
  class space    used 20204K, capacity 21547K, committed 21748K, reserved 1048576K
}
Event: 2395.127 GC heap before
{Heap before GC invocations=32 (full 5):
 PSYoungGen      total 394240K, used 394223K [0x00000000e0000000, 0x0000000100000000, 0x0000000100000000)
  eden space 315392K, 100% used [0x00000000e0000000,0x00000000f3400000,0x00000000f3400000)
  from space 78848K, 99% used [0x00000000fb280000,0x00000000fff7bf08,0x00000000fff80000)
  to   space 104448K, 0% used [0x00000000f3400000,0x00000000f3400000,0x00000000f9a00000)
 ParOldGen       total 484864K, used 283291K [0x00000000a0000000, 0x00000000bd980000, 0x00000000e0000000)
  object space 484864K, 58% used [0x00000000a0000000,0x00000000b14a6f38,0x00000000bd980000)
 Metaspace       used 157941K, capacity 164654K, committed 165580K, reserved 1193984K
  class space    used 20204K, capacity 21547K, committed 21748K, reserved 1048576K

Deoptimization events (10 events):
Event: 2393.939 Thread 0x000000001ac7e000 Uncommon trap: reason=unstable_if action=reinterpret pc=0x00000000071ad748 method=com.sun.tools.javac.comp.Attr.visitIdent(Lcom/sun/tools/javac/tree/JCTree$JCIdent;)V @ 360
Event: 2394.138 Thread 0x000000001ac7e000 Uncommon trap: reason=unstable_if action=reinterpret pc=0x0000000007f53a00 method=com.sun.tools.javac.comp.Check.checkOverride(Lcom/sun/tools/javac/tree/JCTree$JCMethodDecl;Lcom/sun/tools/javac/code/Symbol$MethodSymbol;)V @ 18
Event: 2394.138 Thread 0x000000001ac7e000 Uncommon trap: reason=class_check action=maybe_recompile pc=0x0000000006b677d0 method=com.sun.tools.javac.comp.Attr.checkEnumInitializer(Lcom/sun/tools/javac/tree/JCTree;Lcom/sun/tools/javac/comp/Env;Lcom/sun/tools/javac/code/Symbol$VarSymbol;)V @ 21
Event: 2394.139 Thread 0x000000001ac7e000 Uncommon trap: reason=unstable_if action=reinterpret pc=0x00000000071c7e28 method=com.sun.tools.javac.comp.Infer$GraphSolver.solve(Lcom/sun/tools/javac/comp/Infer$GraphStrategy;)V @ 98
Event: 2394.139 Thread 0x000000001ac7e000 Uncommon trap: reason=speculate_class_check action=maybe_recompile pc=0x00000000070c15d8 method=com.sun.tools.javac.code.Type.hasTag(Lcom/sun/tools/javac/code/TypeTag;)Z @ 2
Event: 2394.139 Thread 0x000000001ac7e000 Uncommon trap: reason=class_check action=maybe_recompile pc=0x0000000006517c28 method=com.sun.tools.javac.code.Type$ClassType.isErroneous()Z @ 28
Event: 2394.139 Thread 0x000000001ac7e000 Uncommon trap: reason=class_check action=maybe_recompile pc=0x0000000006daf880 method=com.sun.tools.javac.code.Type$UndetVar.substBounds(Lcom/sun/tools/javac/util/List;Lcom/sun/tools/javac/util/List;Lcom/sun/tools/javac/code/Types;)V @ 225
Event: 2394.139 Thread 0x000000001ac7e000 Uncommon trap: reason=unstable_if action=reinterpret pc=0x0000000006d4c75c method=com.sun.tools.javac.comp.Lower.visitApply(Lcom/sun/tools/javac/tree/JCTree$JCMethodInvocation;)V @ 48
Event: 2394.140 Thread 0x000000001ac7e000 Uncommon trap: reason=unstable_if action=reinterpret pc=0x00000000067fe66c method=javax.lang.model.element.ElementKind.isField()Z @ 11
Event: 2394.888 Thread 0x000000001ac7e000 Uncommon trap: reason=unstable_if action=reinterpret pc=0x00000000080a3590 method=com.sun.tools.javac.comp.Resolve.isAccessible(Lcom/sun/tools/javac/comp/Env;Lcom/sun/tools/javac/code/Type;Lcom/sun/tools/javac/code/Symbol;Z)Z @ 213

Classes redefined (0 events):
No events

Internal exceptions (10 events):
Event: 2386.252 Thread 0x000000001ac7e000 Exception <a 'sun/nio/fs/WindowsException'> (0x00000000f04f88f0) thrown at [C:\src\AOSP-openjdk-git\hotspot\src\share\vm\prims\jni.cpp, line 710]
Event: 2386.253 Thread 0x000000001ac7e000 Exception <a 'sun/nio/fs/WindowsException'> (0x00000000f04fabb8) thrown at [C:\src\AOSP-openjdk-git\hotspot\src\share\vm\prims\jni.cpp, line 710]
Event: 2386.253 Thread 0x000000001ac7e000 Exception <a 'sun/nio/fs/WindowsException'> (0x00000000f04fb8b0) thrown at [C:\src\AOSP-openjdk-git\hotspot\src\share\vm\prims\jni.cpp, line 710]
Event: 2386.253 Thread 0x000000001ac7e000 Exception <a 'sun/nio/fs/WindowsException'> (0x00000000f04fdb90) thrown at [C:\src\AOSP-openjdk-git\hotspot\src\share\vm\prims\jni.cpp, line 710]
Event: 2386.253 Thread 0x000000001ac7e000 Exception <a 'sun/nio/fs/WindowsException'> (0x00000000f04fe890) thrown at [C:\src\AOSP-openjdk-git\hotspot\src\share\vm\prims\jni.cpp, line 710]
Event: 2386.254 Thread 0x000000001ac7e000 Exception <a 'sun/nio/fs/WindowsException'> (0x00000000f0501ff8) thrown at [C:\src\AOSP-openjdk-git\hotspot\src\share\vm\prims\jni.cpp, line 710]
Event: 2386.254 Thread 0x000000001ac7e000 Exception <a 'sun/nio/fs/WindowsException'> (0x00000000f0502d40) thrown at [C:\src\AOSP-openjdk-git\hotspot\src\share\vm\prims\jni.cpp, line 710]
Event: 2386.255 Thread 0x000000001ac7e000 Exception <a 'sun/nio/fs/WindowsException'> (0x00000000f0504bc0) thrown at [C:\src\AOSP-openjdk-git\hotspot\src\share\vm\prims\jni.cpp, line 710]
Event: 2386.255 Thread 0x000000001ac7e000 Exception <a 'sun/nio/fs/WindowsException'> (0x00000000f0505918) thrown at [C:\src\AOSP-openjdk-git\hotspot\src\share\vm\prims\jni.cpp, line 710]
Event: 2393.467 Thread 0x000000001ac7e000 Implicit null exception at 0x0000000007f3e7d4 to 0x0000000007f41c79

Events (10 events):
Event: 2394.345 Thread 0x000000001ac7e000 DEOPT PACKING pc=0x0000000006b6629b sp=0x000000002b64b3d0
Event: 2394.345 Thread 0x000000001ac7e000 DEOPT UNPACKING pc=0x00000000030875d0 sp=0x000000002b64b140 mode 0
Event: 2394.391 Thread 0x000000001ac7e000 DEOPT PACKING pc=0x0000000006af17e7 sp=0x000000002b64b7b0
Event: 2394.391 Thread 0x000000001ac7e000 DEOPT UNPACKING pc=0x00000000030875d0 sp=0x000000002b64b538 mode 0
Event: 2394.855 Thread 0x000000001ac7e000 DEOPT PACKING pc=0x0000000006b63047 sp=0x000000002b64b5b0
Event: 2394.855 Thread 0x000000001ac7e000 DEOPT UNPACKING pc=0x00000000030875d0 sp=0x000000002b64b450 mode 0
Event: 2394.888 Thread 0x000000001ac7e000 Uncommon trap: trap_request=0xffffff65 fr.pc=0x00000000080a3590
Event: 2394.888 Thread 0x000000001ac7e000 DEOPT PACKING pc=0x00000000080a3590 sp=0x000000002b649b10
Event: 2394.888 Thread 0x000000001ac7e000 DEOPT UNPACKING pc=0x000000000308557b sp=0x000000002b649aa8 mode 2
Event: 2395.126 Executing VM operation: ParallelGCFailedAllocation


Dynamic libraries:
0x00007ff6a26b0000 - 0x00007ff6a26e1000 	C:\Program Files\Android\Android Studio\jre\bin\java.exe
0x00007ffaf3c00000 - 0x00007ffaf3df0000 	C:\WINDOWS\SYSTEM32\ntdll.dll
0x00007ffaf38e0000 - 0x00007ffaf3992000 	C:\WINDOWS\System32\KERNEL32.DLL
0x00007ffaf0c20000 - 0x00007ffaf0ec5000 	C:\WINDOWS\System32\KERNELBASE.dll
0x00007ffaf3030000 - 0x00007ffaf30d3000 	C:\WINDOWS\System32\ADVAPI32.dll
0x00007ffaf2420000 - 0x00007ffaf24be000 	C:\WINDOWS\System32\msvcrt.dll
0x00007ffaf1cb0000 - 0x00007ffaf1d47000 	C:\WINDOWS\System32\sechost.dll
0x00007ffaf1e50000 - 0x00007ffaf1f70000 	C:\WINDOWS\System32\RPCRT4.dll
0x00007ffaf21b0000 - 0x00007ffaf2344000 	C:\WINDOWS\System32\USER32.dll
0x00007ffaf1c20000 - 0x00007ffaf1c41000 	C:\WINDOWS\System32\win32u.dll
0x00007ffaf1d50000 - 0x00007ffaf1d76000 	C:\WINDOWS\System32\GDI32.dll
0x00007ffaf18e0000 - 0x00007ffaf1a76000 	C:\WINDOWS\System32\gdi32full.dll
0x00007ffaf1740000 - 0x00007ffaf17de000 	C:\WINDOWS\System32\msvcp_win.dll
0x00007ffaf17e0000 - 0x00007ffaf18da000 	C:\WINDOWS\System32\ucrtbase.dll
0x00007ffae0fc0000 - 0x00007ffae1244000 	C:\WINDOWS\WinSxS\amd64_microsoft.windows.common-controls_6595b64144ccf1df_6.0.18362.1256_none_9e7e379be45e40e2\COMCTL32.dll
0x00007ffaf3460000 - 0x00007ffaf3796000 	C:\WINDOWS\System32\combase.dll
0x00007ffaf16b0000 - 0x00007ffaf1731000 	C:\WINDOWS\System32\bcryptPrimitives.dll
0x00007ffaf3800000 - 0x00007ffaf382e000 	C:\WINDOWS\System32\IMM32.DLL
0x00000000715b0000 - 0x0000000071682000 	C:\Program Files\Android\Android Studio\jre\jre\bin\msvcr100.dll
0x000000006efc0000 - 0x000000006f80b000 	C:\Program Files\Android\Android Studio\jre\jre\bin\server\jvm.dll
0x00007ffaf2400000 - 0x00007ffaf2408000 	C:\WINDOWS\System32\PSAPI.DLL
0x00007ffae7950000 - 0x00007ffae795a000 	C:\WINDOWS\SYSTEM32\VERSION.dll
0x00007ffaee680000 - 0x00007ffaee6a4000 	C:\WINDOWS\SYSTEM32\WINMM.dll
0x00007ffadac10000 - 0x00007ffadac19000 	C:\WINDOWS\SYSTEM32\WSOCK32.dll
0x00007ffaf30e0000 - 0x00007ffaf314f000 	C:\WINDOWS\System32\WS2_32.dll
0x00007ffaee550000 - 0x00007ffaee57d000 	C:\WINDOWS\SYSTEM32\WINMMBASE.dll
0x00007ffaf0ed0000 - 0x00007ffaf0f1a000 	C:\WINDOWS\System32\cfgmgr32.dll
0x00007ffaea410000 - 0x00007ffaea41f000 	C:\Program Files\Android\Android Studio\jre\jre\bin\verify.dll
0x00007ffae92f0000 - 0x00007ffae9319000 	C:\Program Files\Android\Android Studio\jre\jre\bin\java.dll
0x00007ffae8e80000 - 0x00007ffae8e96000 	C:\Program Files\Android\Android Studio\jre\jre\bin\zip.dll
0x00007ffaf24c0000 - 0x00007ffaf2ba7000 	C:\WINDOWS\System32\SHELL32.dll
0x00007ffaf3830000 - 0x00007ffaf38d9000 	C:\WINDOWS\System32\shcore.dll
0x00007ffaf0f20000 - 0x00007ffaf16a1000 	C:\WINDOWS\System32\windows.storage.dll
0x00007ffaf0b40000 - 0x00007ffaf0b63000 	C:\WINDOWS\System32\profapi.dll
0x00007ffaf0ad0000 - 0x00007ffaf0b1a000 	C:\WINDOWS\System32\powrprof.dll
0x00007ffaf0aa0000 - 0x00007ffaf0ab0000 	C:\WINDOWS\System32\UMPDC.dll
0x00007ffaf39a0000 - 0x00007ffaf39f2000 	C:\WINDOWS\System32\shlwapi.dll
0x00007ffaf0b20000 - 0x00007ffaf0b31000 	C:\WINDOWS\System32\kernel.appcore.dll
0x00007ffaf1a80000 - 0x00007ffaf1a97000 	C:\WINDOWS\System32\cryptsp.dll
0x00007ffae8be0000 - 0x00007ffae8bfa000 	C:\Program Files\Android\Android Studio\jre\jre\bin\net.dll
0x00007ffaf02f0000 - 0x00007ffaf0357000 	C:\WINDOWS\system32\mswsock.dll
0x00007ffae5160000 - 0x00007ffae5173000 	C:\Program Files\Android\Android Studio\jre\jre\bin\nio.dll
0x00007ffad1db0000 - 0x00007ffad1dd7000 	C:\Users\Sachin\.gradle\native\f6784746aeab05261644944871eae4fe03e0ef1612fff0a4a95f87b438bc6780\windows-amd64\native-platform.dll
0x00007ffaea1b0000 - 0x00007ffaea1bd000 	C:\Program Files\Android\Android Studio\jre\jre\bin\management.dll
0x00007ffaefe60000 - 0x00007ffaefe93000 	C:\WINDOWS\system32\rsaenh.dll
0x00007ffaf1aa0000 - 0x00007ffaf1ac6000 	C:\WINDOWS\System32\bcrypt.dll
0x00007ffaf0980000 - 0x00007ffaf09a5000 	C:\WINDOWS\SYSTEM32\USERENV.dll
0x00007ffaf04c0000 - 0x00007ffaf04cc000 	C:\WINDOWS\SYSTEM32\CRYPTBASE.dll
0x00007ffaf0000000 - 0x00007ffaf003a000 	C:\WINDOWS\SYSTEM32\IPHLPAPI.DLL
0x00007ffaf3020000 - 0x00007ffaf3028000 	C:\WINDOWS\System32\NSI.dll
0x00007ffae2940000 - 0x00007ffae2956000 	C:\WINDOWS\SYSTEM32\dhcpcsvc6.DLL
0x00007ffae3c20000 - 0x00007ffae3c3c000 	C:\WINDOWS\SYSTEM32\dhcpcsvc.DLL
0x00007ffaf0040000 - 0x00007ffaf010b000 	C:\WINDOWS\SYSTEM32\DNSAPI.dll
0x00007ffae3c40000 - 0x00007ffae3c4b000 	C:\WINDOWS\SYSTEM32\WINNSI.DLL
0x00007ffade5a0000 - 0x00007ffade5c4000 	C:\Program Files\Android\Android Studio\jre\jre\bin\sunec.dll
0x00007ffae0c20000 - 0x00007ffae0c2a000 	C:\Windows\System32\rasadhlp.dll
0x00007ffae2670000 - 0x00007ffae26e7000 	C:\WINDOWS\System32\fwpuclnt.dll
0x00007ffae92e0000 - 0x00007ffae92eb000 	C:\Program Files\Android\Android Studio\jre\jre\bin\sunmscapi.dll
0x00007ffaf1ad0000 - 0x00007ffaf1c19000 	C:\WINDOWS\System32\CRYPT32.dll
0x00007ffaf0ab0000 - 0x00007ffaf0ac2000 	C:\WINDOWS\System32\MSASN1.dll
0x00007ffaefb50000 - 0x00007ffaefb81000 	C:\WINDOWS\SYSTEM32\ntmarta.dll
0x0000000066e00000 - 0x0000000066f03000 	C:\Users\Sachin\AppData\Local\Temp\room-fc147972-8117-441f-8d1d-cbe1785d7489\sqlite-3.25.2-23c912c7-1256-46bd-85cb-b0a30d4a5213-sqlitejdbc.dll
0x0000000030d40000 - 0x0000000030e43000 	C:\Users\Sachin\AppData\Local\Temp\room-9a065cc8-bc8f-40cd-b6f9-467a4b940627\sqlite-3.25.2-29b187d7-e4c4-4005-b991-6a651704b859-sqlitejdbc.dll
0x00007ffad9f00000 - 0x00007ffada0f4000 	C:\WINDOWS\SYSTEM32\dbghelp.dll

VM Arguments:
jvm_args: -Xmx1536m -Dfile.encoding=windows-1252 -Duser.country=US -Duser.language=en -Duser.variant 
java_command: org.gradle.launcher.daemon.bootstrap.GradleDaemon 6.5
java_class_path (initial): C:\Users\Sachin\.gradle\wrapper\dists\gradle-6.5-all\2oz4ud9k3tuxjg84bbf55q0tn\gradle-6.5\lib\gradle-launcher-6.5.jar
Launcher Type: SUN_STANDARD

Environment Variables:
PATH=C:\Program Files (x86)\Common Files\Oracle\Java\javapath;C:\WINDOWS\system32;C:\WINDOWS;C:\WINDOWS\System32\Wbem;C:\WINDOWS\System32\WindowsPowerShell\v1.0\;C:\WINDOWS\System32\OpenSSH\;C:\Android;C:\Windows\System32;C:\Program Files\nodejs\;C:\Program Files\TortoiseSVN\bin;C:\Users\Sachin\AppData\Local\Microsoft\WindowsApps;C:\Users\Sachin\AppData\Local\Programs\Git\cmd;C:\Users\Sachin\AppData\Local\Programs\Microsoft VS Code\bin;C:\Users\Sachin\AppData\Roaming\npm;
USERNAME=Sachin
OS=Windows_NT
PROCESSOR_IDENTIFIER=Intel64 Family 6 Model 61 Stepping 4, GenuineIntel



---------------  S Y S T E M  ---------------

OS: Windows 10.0 , 64 bit Build 18362 (10.0.18362.1110)

CPU:total 4 (initial active 4) (2 cores per cpu, 2 threads per core) family 6 model 61 stepping 4, cmov, cx8, fxsr, mmx, sse, sse2, sse3, ssse3, sse4.1, sse4.2, popcnt, avx, avx2, aes, clmul, erms, 3dnowpref, lzcnt, ht, tsc, tscinvbit, bmi1, bmi2, adx

Memory: 4k page, physical 16671028k(8121992k free), swap 19161396k(7837312k free)

vm_info: OpenJDK 64-Bit Server VM (25.242-b01) for windows-amd64 JRE (1.8.0_242-release-1644-b01), built by "builder" with MS VC++ 10.0 (VS2010)

time: Fri Jan 01 17:35:02 2021
timezone: India Standard Time
elapsed time: 2395 seconds (0d 0h 39m 55s)

