#
# A fatal error has been detected by the Java Runtime Environment:
#
#  EXCEPTION_ACCESS_VIOLATION (0xc0000005) at pc=0x0000000065d8f4d8, pid=14112, tid=0x00000000000036cc
#
# JRE version: OpenJDK Runtime Environment (8.0_202-b03) (build 1.8.0_202-release-1483-b03)
# Java VM: OpenJDK 64-Bit Server VM (25.202-b03 mixed mode windows-amd64 compressed oops)
# Problematic frame:
# V  [jvm.dll+0xef4d8]
#
# Failed to write core dump. Minidumps are not enabled by default on client versions of Windows
#
# If you would like to submit a bug report, please visit:
#   http://bugreport.java.com/bugreport/crash.jsp
#

---------------  T H R E A D  ---------------

Current thread (0x0000000002a38800):  GCTaskThread [stack: 0x00000000124f0000,0x00000000125f0000] [id=14028]

siginfo: ExceptionCode=0xc0000005, reading address 0xffffffffffffffff

Registers:
RAX=0x00000000127f0000, RBX=0x0000000000000100, RCX=0x0000000000000000, RDX=0x0000000000000020
RSP=0x00000000125ef680, RBP=0x00000000ad442430, RSI=0x0000000002b0ae80, RDI=0x0000000002b0ae80
R8 =0x007fffffffb00000, R9 =0x0000000100a9f338, R10=0x000000000000000c, R11=0x000000006626ade8
R12=0x00000000ad442438, R13=0x0000000100a9f610, R14=0x0000000100a9f618, R15=0x00000000ad442420
RIP=0x0000000065d8f4d8, EFLAGS=0x0000000000010202

Top of Stack: (sp=0x00000000125ef680)
0x00000000125ef680:   0000000100a9f338 00000000ad442524
0x00000000125ef690:   0000000000000003 0000000065e967f2
0x00000000125ef6a0:   0000000000000000 0000000002a390d0
0x00000000125ef6b0:   0000000002a2e880 0000000000000001
0x00000000125ef6c0:   000000000000077e 0000000066065f40
0x00000000125ef6d0:   0000000016b61c38 0000000000000000
0x00000000125ef6e0:   0000000002b0ae80 00000000662b7ba8
0x00000000125ef6f0:   00000000a9991488 0000000002b0ae80
0x00000000125ef700:   00000000ae171c48 0000000000000004
0x00000000125ef710:   00000000a9991488 0000000065db5541
0x00000000125ef720:   00000000163d44b0 0000000b00000041
0x00000000125ef730:   0000000002a38800 0000000002a2e880
0x00000000125ef740:   0000000002a390e0 0000000002a390d0
0x00000000125ef750:   00000000662b7ba8 0000000000000001
0x00000000125ef760:   000000001c8e7a70 0000000000000000
0x00000000125ef770:   0000000002b0ae80 00000000660638a0 

Instructions: (pc=0x0000000065d8f4d8)
0x0000000065d8f4b8:   05 73 aa 6d 00 49 c1 e8 03 49 d3 e8 41 0f b6 c0
0x0000000065d8f4c8:   49 c1 e8 06 24 3f 0f b6 d0 48 8b 05 88 aa 6d 00
0x0000000065d8f4d8:   4a 8b 0c c0 48 0f a3 d1 0f 82 59 01 00 00 0f b6
0x0000000065d8f4e8:   15 84 09 6d 00 84 d2 74 16 44 8b 43 08 8b 0d 1d 


Register to memory mapping:

RAX=0x00000000127f0000 is an unknown value
RBX=0x0000000000000100 is an unknown value
RCX=0x0000000000000000 is an unknown value
RDX=0x0000000000000020 is an unknown value
RSP=0x00000000125ef680 is an unknown value
RBP=0x00000000ad442430 is pointing into object: 0x00000000ad442420
com.sun.tools.javac.tree.JCTree$JCExpressionStatement 
 - klass: 'com/sun/tools/javac/tree/JCTree$JCExpressionStatement'
RSI=0x0000000002b0ae80 is an unknown value
RDI=0x0000000002b0ae80 is an unknown value
R8 =0x007fffffffb00000 is an unknown value
R9 =0x0000000100a9f338 is pointing into metadata
R10=0x000000000000000c is an unknown value
R11=0x000000006626ade8 is an unknown value
R12=0x00000000ad442438 is an oop
com.sun.tools.javac.tree.JCTree$JCMethodInvocation 
 - klass: 'com/sun/tools/javac/tree/JCTree$JCMethodInvocation'
R13=0x0000000100a9f610 is pointing into metadata
R14=0x0000000100a9f618 is pointing into metadata
R15=0x00000000ad442420 is an oop
com.sun.tools.javac.tree.JCTree$JCExpressionStatement 
 - klass: 'com/sun/tools/javac/tree/JCTree$JCExpressionStatement'


Stack: [0x00000000124f0000,0x00000000125f0000],  sp=0x00000000125ef680,  free space=1021k
Native frames: (J=compiled Java code, j=interpreted, Vv=VM code, C=native code)
V  [jvm.dll+0xef4d8]
V  [jvm.dll+0x3c5f40]
V  [jvm.dll+0x3c38a0]
V  [jvm.dll+0x3c0d9e]
V  [jvm.dll+0x26f5ba]
C  [msvcr100.dll+0x21d9f]
C  [msvcr100.dll+0x21e3b]
C  [KERNEL32.DLL+0x17c24]
C  [ntdll.dll+0x6cea1]


---------------  P R O C E S S  ---------------

Java Threads: ( => current thread )
  0x0000000019b00000 JavaThread "Cache worker for Java compile cache (E:\SachinWorkspace\TechPlatform-DevOrg-Android\.gradle\5.4.1\javaCompile)" [_thread_blocked, id=1600, stack(0x00000000261a0000,0x00000000262a0000)]
  0x0000000019afb800 JavaThread "Cache worker for Java compile cache (C:\Users\Sachin\.gradle\caches\5.4.1\javaCompile)" [_thread_blocked, id=4428, stack(0x0000000000d30000,0x0000000000e30000)]
  0x0000000019b02000 JavaThread "WorkerExecutor Queue Thread 2" [_thread_blocked, id=13864, stack(0x0000000025ea0000,0x0000000025fa0000)]
  0x0000000019afa800 JavaThread "stdout" [_thread_in_native, id=1676, stack(0x0000000025ca0000,0x0000000025da0000)]
  0x0000000019b01800 JavaThread "stderr" [_thread_in_native, id=8300, stack(0x00000000256f0000,0x00000000257f0000)]
  0x0000000019afe800 JavaThread "pool-2-thread-1" [_thread_blocked, id=11484, stack(0x000000001ac40000,0x000000001ad40000)]
  0x0000000019af7000 JavaThread "WorkerExecutor Queue" [_thread_blocked, id=10596, stack(0x00000000027d0000,0x00000000028d0000)]
  0x0000000019af8800 JavaThread "Cache worker for execution history cache (E:\SachinWorkspace\TechPlatform-DevOrg-Android\.gradle\5.4.1\executionHistory)" [_thread_blocked, id=11788, stack(0x0000000000b00000,0x0000000000c00000)]
  0x000000001b8fd800 JavaThread "Execution worker for ':' Thread 3" [_thread_blocked, id=12432, stack(0x0000000024220000,0x0000000024320000)]
  0x000000001b900800 JavaThread "Execution worker for ':' Thread 2" [_thread_blocked, id=4692, stack(0x0000000024120000,0x0000000024220000)]
  0x000000001b902000 JavaThread "Execution worker for ':'" [_thread_blocked, id=1524, stack(0x0000000024020000,0x0000000024120000)]
  0x000000001b8fe800 JavaThread "Cache worker for file content cache (E:\SachinWorkspace\TechPlatform-DevOrg-Android\.gradle\5.4.1\fileContent)" [_thread_blocked, id=1420, stack(0x0000000022220000,0x0000000022320000)]
  0x000000001b901800 JavaThread "Cache worker for file content cache (C:\Users\Sachin\.gradle\caches\5.4.1\fileContent)" [_thread_blocked, id=12184, stack(0x0000000022120000,0x0000000022220000)]
  0x000000001b8ff000 JavaThread "Memory manager" [_thread_blocked, id=2540, stack(0x0000000021b60000,0x0000000021c60000)]
  0x000000001b8fc000 JavaThread "Cache worker for Build Output Cleanup Cache (E:\SachinWorkspace\TechPlatform-DevOrg-Android\.gradle\buildOutputCleanup)" [_thread_blocked, id=9996, stack(0x0000000021260000,0x0000000021360000)]
  0x000000001b8f7000 JavaThread "Build operations Thread 4" [_thread_blocked, id=8948, stack(0x0000000020900000,0x0000000020a00000)]
  0x000000001b8fa000 JavaThread "Build operations Thread 3" [_thread_blocked, id=13200, stack(0x0000000020800000,0x0000000020900000)]
  0x000000001b8fa800 JavaThread "Build operations Thread 2" [_thread_blocked, id=14220, stack(0x0000000020700000,0x0000000020800000)]
  0x000000001b8fd000 JavaThread "Build operations" [_thread_blocked, id=1560, stack(0x0000000020600000,0x0000000020700000)]
  0x000000001b8f9000 JavaThread "Cache worker for execution history cache (C:\Users\Sachin\.gradle\caches\5.4.1\executionHistory)" [_thread_blocked, id=292, stack(0x0000000020500000,0x0000000020600000)]
  0x000000001b8fb800 JavaThread "Cache worker for cache directory md-rule (C:\Users\Sachin\.gradle\caches\5.4.1\md-rule)" [_thread_blocked, id=7824, stack(0x000000001e950000,0x000000001ea50000)]
  0x000000001b8f8800 JavaThread "Cache worker for cache directory md-supplier (C:\Users\Sachin\.gradle\caches\5.4.1\md-supplier)" [_thread_blocked, id=13852, stack(0x000000001e6b0000,0x000000001e7b0000)]
  0x0000000019836800 JavaThread "Cache worker for file hash cache (E:\SachinWorkspace\TechPlatform-DevOrg-Android\.gradle\5.4.1\fileHashes)" [_thread_blocked, id=14212, stack(0x000000001e850000,0x000000001e950000)]
  0x0000000019836000 JavaThread "Cache worker for journal cache (C:\Users\Sachin\.gradle\caches\journal-1)" [_thread_blocked, id=3496, stack(0x000000001b040000,0x000000001b140000)]
  0x0000000019839000 JavaThread "File lock request listener" [_thread_in_native, id=13808, stack(0x000000001af40000,0x000000001b040000)]
  0x0000000019829800 JavaThread "Cache worker for file hash cache (C:\Users\Sachin\.gradle\caches\5.4.1\fileHashes)" [_thread_blocked, id=1920, stack(0x000000001ae40000,0x000000001af40000)]
  0x00000000193d1800 JavaThread "Thread-9" [_thread_blocked, id=10508, stack(0x000000001ad40000,0x000000001ae40000)]
  0x000000001937e800 JavaThread "Asynchronous log dispatcher for DefaultDaemonConnection: socket connection from /127.0.0.1:54665 to /127.0.0.1:54666" [_thread_blocked, id=11640, stack(0x000000001ab40000,0x000000001ac40000)]
  0x00000000193c3000 JavaThread "Daemon worker" [_thread_blocked, id=12708, stack(0x000000001aa40000,0x000000001ab40000)]
  0x00000000193c2800 JavaThread "Cancel handler" [_thread_blocked, id=8792, stack(0x000000001a940000,0x000000001aa40000)]
  0x00000000196c8800 JavaThread "Handler for socket connection from /127.0.0.1:54665 to /127.0.0.1:54666" [_thread_in_native, id=8052, stack(0x000000001a640000,0x000000001a740000)]
  0x000000001918d800 JavaThread "Daemon" [_thread_blocked, id=8872, stack(0x000000001a540000,0x000000001a640000)]
  0x0000000019168000 JavaThread "Daemon periodic checks" [_thread_blocked, id=10924, stack(0x000000001a440000,0x000000001a540000)]
  0x0000000019166800 JavaThread "Incoming local TCP Connector on port 54665" [_thread_in_native, id=12128, stack(0x000000001a200000,0x000000001a300000)]
  0x00000000191c4000 JavaThread "Daemon health stats" [_thread_blocked, id=11796, stack(0x0000000019bc0000,0x0000000019cc0000)]
  0x0000000017e18800 JavaThread "Service Thread" daemon [_thread_blocked, id=2800, stack(0x00000000181f0000,0x00000000182f0000)]
  0x000000001649a000 JavaThread "C1 CompilerThread2" daemon [_thread_blocked, id=12788, stack(0x0000000017cf0000,0x0000000017df0000)]
  0x0000000016491000 JavaThread "C2 CompilerThread1" daemon [_thread_blocked, id=11528, stack(0x0000000017bf0000,0x0000000017cf0000)]
  0x000000001648c000 JavaThread "C2 CompilerThread0" daemon [_thread_blocked, id=13868, stack(0x0000000017af0000,0x0000000017bf0000)]
  0x000000001648a800 JavaThread "Attach Listener" daemon [_thread_blocked, id=8284, stack(0x00000000179f0000,0x0000000017af0000)]
  0x0000000016489000 JavaThread "Signal Dispatcher" daemon [_thread_blocked, id=11276, stack(0x00000000178f0000,0x00000000179f0000)]
  0x0000000002b1b000 JavaThread "Finalizer" daemon [_thread_blocked, id=13624, stack(0x00000000176f0000,0x00000000177f0000)]
  0x0000000016479000 JavaThread "Reference Handler" daemon [_thread_blocked, id=10256, stack(0x00000000175f0000,0x00000000176f0000)]
  0x000000000291d800 JavaThread "main" [_thread_blocked, id=912, stack(0x0000000002920000,0x0000000002a20000)]

Other Threads:
  0x0000000016457000 VMThread [stack: 0x00000000174f0000,0x00000000175f0000] [id=13844]
  0x00000000164ca000 WatcherThread [stack: 0x00000000182f0000,0x00000000183f0000] [id=9600]

=>0x0000000002a38800 (exited) GCTaskThread [stack: 0x00000000124f0000,0x00000000125f0000] [id=14028]

VM state:at safepoint (normal execution)

VM Mutex/Monitor currently owned by a thread:  ([mutex/lock_event])
[0x000000000291c560] Threads_lock - owner thread: 0x0000000016457000
[0x000000000291c760] Heap_lock - owner thread: 0x000000001b8fd800

heap address: 0x00000000a0000000, size: 1536 MB, Compressed Oops mode: 32-bit
Narrow klass base: 0x0000000000000000, Narrow klass shift: 3
Compressed class space size: 1073741824 Address: 0x0000000100000000

Heap:
 PSYoungGen      total 394752K, used 87284K [0x00000000e0000000, 0x0000000100000000, 0x0000000100000000)
  eden space 307200K, 0% used [0x00000000e0000000,0x00000000e0000000,0x00000000f2c00000)
  from space 87552K, 99% used [0x00000000f2c00000,0x00000000f813d228,0x00000000f8180000)
  to   space 118784K, 0% used [0x00000000f8c00000,0x00000000f8c00000,0x0000000100000000)
 ParOldGen       total 281600K, used 243197K [0x00000000a0000000, 0x00000000b1300000, 0x00000000e0000000)
  object space 281600K, 86% used [0x00000000a0000000,0x00000000aed7f678,0x00000000b1300000)
 Metaspace       used 89517K, capacity 92290K, committed 92584K, reserved 1130496K
  class space    used 11477K, capacity 12165K, committed 12200K, reserved 1048576K

Card table byte_map: [0x0000000011ee0000,0x00000000121f0000] byte_map_base: 0x00000000119e0000

Marking Bits: (ParMarkBitMap*) 0x0000000066469f30
 Begin Bits: [0x00000000127f0000, 0x0000000013ff0000)
 End Bits:   [0x0000000013ff0000, 0x00000000157f0000)

Polling page: 0x0000000000ea0000

CodeCache: size=245760Kb used=45739Kb max_used=46157Kb free=200020Kb
 bounds [0x0000000002b20000, 0x0000000005880000, 0x0000000011b20000]
 total_blobs=14109 nmethods=13216 adapters=803
 compilation: enabled

Compilation events (10 events):
Event: 109.656 Thread 0x0000000016491000 nmethod 16097 0x00000000047f43d0 code [0x00000000047f4640, 0x00000000047f5550]
Event: 109.656 Thread 0x0000000016491000 16122       4       com.sun.tools.javac.code.Symbol$ClassSymbol::erasure (38 bytes)
Event: 109.661 Thread 0x0000000016491000 nmethod 16122 0x00000000058553d0 code [0x0000000005855540, 0x0000000005855838]
Event: 109.661 Thread 0x0000000016491000 16142       4       com.sun.tools.javac.jvm.ClassReader::readClassSymbol (55 bytes)
Event: 109.663 Thread 0x0000000016491000 nmethod 16142 0x000000000581a510 code [0x000000000581a660, 0x000000000581a708]
Event: 109.663 Thread 0x0000000016491000 16157       4       com.sun.tools.javac.code.Types::isSameType (38 bytes)
Event: 109.664 Thread 0x0000000016491000 nmethod 16157 0x0000000004f1b690 code [0x0000000004f1b7e0, 0x0000000004f1b8d8]
Event: 109.664 Thread 0x0000000016491000 16150       4       com.sun.tools.javac.code.Types$SameTypeVisitor::visitClassType (10 bytes)
Event: 109.666 Thread 0x0000000016491000 nmethod 16150 0x000000000586a190 code [0x000000000586a2e0, 0x000000000586a3a8]
Event: 109.666 Thread 0x0000000016491000 16158       4       com.sun.tools.javac.code.Types$SameTypeVisitor::visitClassType (339 bytes)

GC Heap History (10 events):
Event: 62.813 GC heap after
Heap after GC invocations=22 (full 3):
 PSYoungGen      total 427008K, used 10594K [0x00000000e0000000, 0x00000000ffc80000, 0x0000000100000000)
  eden space 375808K, 0% used [0x00000000e0000000,0x00000000e0000000,0x00000000f6f00000)
  from space 51200K, 20% used [0x00000000f6f00000,0x00000000f7958b40,0x00000000fa100000)
  to   space 50688K, 0% used [0x00000000fcb00000,0x00000000fcb00000,0x00000000ffc80000)
 ParOldGen       total 281600K, used 81822K [0x00000000a0000000, 0x00000000b1300000, 0x00000000e0000000)
  object space 281600K, 29% used [0x00000000a0000000,0x00000000a4fe7a40,0x00000000b1300000)
 Metaspace       used 67497K, capacity 69998K, committed 70056K, reserved 1110016K
  class space    used 9008K, capacity 9616K, committed 9640K, reserved 1048576K
}
Event: 69.283 GC heap before
{Heap before GC invocations=23 (full 3):
 PSYoungGen      total 427008K, used 386402K [0x00000000e0000000, 0x00000000ffc80000, 0x0000000100000000)
  eden space 375808K, 100% used [0x00000000e0000000,0x00000000f6f00000,0x00000000f6f00000)
  from space 51200K, 20% used [0x00000000f6f00000,0x00000000f7958b40,0x00000000fa100000)
  to   space 50688K, 0% used [0x00000000fcb00000,0x00000000fcb00000,0x00000000ffc80000)
 ParOldGen       total 281600K, used 81822K [0x00000000a0000000, 0x00000000b1300000, 0x00000000e0000000)
  object space 281600K, 29% used [0x00000000a0000000,0x00000000a4fe7a40,0x00000000b1300000)
 Metaspace       used 74211K, capacity 76776K, committed 77096K, reserved 1116160K
  class space    used 9837K, capacity 10448K, committed 10536K, reserved 1048576K
Event: 69.357 GC heap after
Heap after GC invocations=23 (full 3):
 PSYoungGen      total 463360K, used 43854K [0x00000000e0000000, 0x0000000100000000, 0x0000000100000000)
  eden space 412672K, 0% used [0x00000000e0000000,0x00000000e0000000,0x00000000f9300000)
  from space 50688K, 86% used [0x00000000fcb00000,0x00000000ff5d3bb0,0x00000000ffc80000)
  to   space 55808K, 0% used [0x00000000f9300000,0x00000000f9300000,0x00000000fc980000)
 ParOldGen       total 281600K, used 85144K [0x00000000a0000000, 0x00000000b1300000, 0x00000000e0000000)
  object space 281600K, 30% used [0x00000000a0000000,0x00000000a5326098,0x00000000b1300000)
 Metaspace       used 74211K, capacity 76776K, committed 77096K, reserved 1116160K
  class space    used 9837K, capacity 10448K, committed 10536K, reserved 1048576K
}
Event: 102.593 GC heap before
{Heap before GC invocations=24 (full 3):
 PSYoungGen      total 463360K, used 456526K [0x00000000e0000000, 0x0000000100000000, 0x0000000100000000)
  eden space 412672K, 100% used [0x00000000e0000000,0x00000000f9300000,0x00000000f9300000)
  from space 50688K, 86% used [0x00000000fcb00000,0x00000000ff5d3bb0,0x00000000ffc80000)
  to   space 55808K, 0% used [0x00000000f9300000,0x00000000f9300000,0x00000000fc980000)
 ParOldGen       total 281600K, used 85144K [0x00000000a0000000, 0x00000000b1300000, 0x00000000e0000000)
  object space 281600K, 30% used [0x00000000a0000000,0x00000000a5326098,0x00000000b1300000)
 Metaspace       used 80733K, capacity 83506K, committed 83752K, reserved 1122304K
  class space    used 10592K, capacity 11293K, committed 11304K, reserved 1048576K
Event: 102.664 GC heap after
Heap after GC invocations=24 (full 3):
 PSYoungGen      total 468480K, used 55786K [0x00000000e0000000, 0x0000000100000000, 0x0000000100000000)
  eden space 412672K, 0% used [0x00000000e0000000,0x00000000e0000000,0x00000000f9300000)
  from space 55808K, 99% used [0x00000000f9300000,0x00000000fc97a850,0x00000000fc980000)
  to   space 55808K, 0% used [0x00000000fc980000,0x00000000fc980000,0x0000000100000000)
 ParOldGen       total 281600K, used 95812K [0x00000000a0000000, 0x00000000b1300000, 0x00000000e0000000)
  object space 281600K, 34% used [0x00000000a0000000,0x00000000a5d91390,0x00000000b1300000)
 Metaspace       used 80733K, capacity 83506K, committed 83752K, reserved 1122304K
  class space    used 10592K, capacity 11293K, committed 11304K, reserved 1048576K
}
Event: 107.712 GC heap before
{Heap before GC invocations=25 (full 3):
 PSYoungGen      total 468480K, used 468458K [0x00000000e0000000, 0x0000000100000000, 0x0000000100000000)
  eden space 412672K, 100% used [0x00000000e0000000,0x00000000f9300000,0x00000000f9300000)
  from space 55808K, 99% used [0x00000000f9300000,0x00000000fc97a850,0x00000000fc980000)
  to   space 55808K, 0% used [0x00000000fc980000,0x00000000fc980000,0x0000000100000000)
 ParOldGen       total 281600K, used 95812K [0x00000000a0000000, 0x00000000b1300000, 0x00000000e0000000)
  object space 281600K, 34% used [0x00000000a0000000,0x00000000a5d91390,0x00000000b1300000)
 Metaspace       used 89501K, capacity 92226K, committed 92584K, reserved 1130496K
  class space    used 11476K, capacity 12165K, committed 12200K, reserved 1048576K
Event: 107.920 GC heap after
Heap after GC invocations=25 (full 3):
 PSYoungGen      total 363008K, used 55799K [0x00000000e0000000, 0x0000000100000000, 0x0000000100000000)
  eden space 307200K, 0% used [0x00000000e0000000,0x00000000e0000000,0x00000000f2c00000)
  from space 55808K, 99% used [0x00000000fc980000,0x00000000ffffdf50,0x0000000100000000)
  to   space 108544K, 0% used [0x00000000f2c00000,0x00000000f2c00000,0x00000000f9600000)
 ParOldGen       total 281600K, used 187818K [0x00000000a0000000, 0x00000000b1300000, 0x00000000e0000000)
  object space 281600K, 66% used [0x00000000a0000000,0x00000000ab76aae0,0x00000000b1300000)
 Metaspace       used 89501K, capacity 92226K, committed 92584K, reserved 1130496K
  class space    used 11476K, capacity 12165K, committed 12200K, reserved 1048576K
}
Event: 109.683 GC heap before
{Heap before GC invocations=26 (full 3):
 PSYoungGen      total 363008K, used 362999K [0x00000000e0000000, 0x0000000100000000, 0x0000000100000000)
  eden space 307200K, 100% used [0x00000000e0000000,0x00000000f2c00000,0x00000000f2c00000)
  from space 55808K, 99% used [0x00000000fc980000,0x00000000ffffdf50,0x0000000100000000)
  to   space 108544K, 0% used [0x00000000f2c00000,0x00000000f2c00000,0x00000000f9600000)
 ParOldGen       total 281600K, used 187818K [0x00000000a0000000, 0x00000000b1300000, 0x00000000e0000000)
  object space 281600K, 66% used [0x00000000a0000000,0x00000000ab76aae0,0x00000000b1300000)
 Metaspace       used 89517K, capacity 92290K, committed 92584K, reserved 1130496K
  class space    used 11477K, capacity 12165K, committed 12200K, reserved 1048576K
Event: 109.877 GC heap after
Heap after GC invocations=26 (full 3):
 PSYoungGen      total 394752K, used 87284K [0x00000000e0000000, 0x0000000100000000, 0x0000000100000000)
  eden space 307200K, 0% used [0x00000000e0000000,0x00000000e0000000,0x00000000f2c00000)
  from space 87552K, 99% used [0x00000000f2c00000,0x00000000f813d228,0x00000000f8180000)
  to   space 118784K, 0% used [0x00000000f8c00000,0x00000000f8c00000,0x0000000100000000)
 ParOldGen       total 281600K, used 243197K [0x00000000a0000000, 0x00000000b1300000, 0x00000000e0000000)
  object space 281600K, 86% used [0x00000000a0000000,0x00000000aed7f678,0x00000000b1300000)
 Metaspace       used 89517K, capacity 92290K, committed 92584K, reserved 1130496K
  class space    used 11477K, capacity 12165K, committed 12200K, reserved 1048576K
}
Event: 109.877 GC heap before
{Heap before GC invocations=27 (full 4):
 PSYoungGen      total 394752K, used 87284K [0x00000000e0000000, 0x0000000100000000, 0x0000000100000000)
  eden space 307200K, 0% used [0x00000000e0000000,0x00000000e0000000,0x00000000f2c00000)
  from space 87552K, 99% used [0x00000000f2c00000,0x00000000f813d228,0x00000000f8180000)
  to   space 118784K, 0% used [0x00000000f8c00000,0x00000000f8c00000,0x0000000100000000)
 ParOldGen       total 281600K, used 243197K [0x00000000a0000000, 0x00000000b1300000, 0x00000000e0000000)
  object space 281600K, 86% used [0x00000000a0000000,0x00000000aed7f678,0x00000000b1300000)
 Metaspace       used 89517K, capacity 92290K, committed 92584K, reserved 1130496K
  class space    used 11477K, capacity 12165K, committed 12200K, reserved 1048576K

Deoptimization events (10 events):
Event: 108.127 Thread 0x000000001b8fd800 Uncommon trap: reason=class_check action=maybe_recompile pc=0x0000000005811cb8 method=com.sun.tools.javac.tree.JCTree$JCMethodInvocation.accept(Lcom/sun/tools/javac/tree/JCTree$Visitor;)V @ 2
Event: 108.228 Thread 0x000000001b8fd800 Uncommon trap: reason=class_check action=maybe_recompile pc=0x00000000058140d0 method=com.sun.tools.javac.tree.JCTree$JCBinary.accept(Lcom/sun/tools/javac/tree/JCTree$Visitor;)V @ 2
Event: 108.335 Thread 0x000000001b8fd800 Uncommon trap: reason=class_check action=maybe_recompile pc=0x00000000058140d0 method=com.sun.tools.javac.tree.JCTree$JCBinary.accept(Lcom/sun/tools/javac/tree/JCTree$Visitor;)V @ 2
Event: 108.367 Thread 0x000000001b8fd800 Uncommon trap: reason=class_check action=maybe_recompile pc=0x00000000058140d0 method=com.sun.tools.javac.tree.JCTree$JCBinary.accept(Lcom/sun/tools/javac/tree/JCTree$Visitor;)V @ 2
Event: 108.368 Thread 0x000000001b8fd800 Uncommon trap: reason=class_check action=maybe_recompile pc=0x00000000058140d0 method=com.sun.tools.javac.tree.JCTree$JCBinary.accept(Lcom/sun/tools/javac/tree/JCTree$Visitor;)V @ 2
Event: 108.439 Thread 0x000000001b8fd800 Uncommon trap: reason=unstable_if action=reinterpret pc=0x0000000005428598 method=com.sun.tools.javac.comp.Resolve.findInheritedMemberType(Lcom/sun/tools/javac/comp/Env;Lcom/sun/tools/javac/code/Type;Lcom/sun/tools/javac/util/Name;Lcom/sun/tools/javac/cod
Event: 108.439 Thread 0x000000001b8fd800 Uncommon trap: reason=unstable_if action=reinterpret pc=0x00000000053e4310 method=com.sun.tools.javac.comp.Resolve.findInheritedMemberType(Lcom/sun/tools/javac/comp/Env;Lcom/sun/tools/javac/code/Type;Lcom/sun/tools/javac/util/Name;Lcom/sun/tools/javac/cod
Event: 108.689 Thread 0x000000001b8fd800 Uncommon trap: reason=class_check action=maybe_recompile pc=0x000000000541b514 method=com.sun.tools.javac.util.ListBuffer.next()Ljava/lang/Object; @ 12
Event: 109.328 Thread 0x000000001b8fd800 Uncommon trap: reason=null_check action=make_not_entrant pc=0x0000000004ef22f4 method=com.sun.tools.javac.code.TypeAnnotations$TypeAnnotationPositions.pop()Lcom/sun/tools/javac/tree/JCTree; @ 7
Event: 109.402 Thread 0x000000001b8fd800 Uncommon trap: reason=class_check action=maybe_recompile pc=0x000000000541b514 method=com.sun.tools.javac.util.ListBuffer.next()Ljava/lang/Object; @ 12

Classes redefined (0 events):
No events

Internal exceptions (10 events):
Event: 72.039 Thread 0x000000001b8fd800 Exception <a 'java/lang/NoSuchMethodError': <clinit>> (0x00000000e848f0e0) thrown at [D:\src\AOSP-openjdk-cygwin\jdk8u\hotspot\src\share\vm\prims\jni.cpp, line 1614]
Event: 72.040 Thread 0x000000001b8fd800 Exception <a 'java/lang/NoSuchMethodError': <clinit>> (0x00000000e84a8360) thrown at [D:\src\AOSP-openjdk-cygwin\jdk8u\hotspot\src\share\vm\prims\jni.cpp, line 1614]
Event: 72.042 Thread 0x000000001b8fd800 Exception <a 'java/lang/NoSuchMethodError': <clinit>> (0x00000000e84c07c8) thrown at [D:\src\AOSP-openjdk-cygwin\jdk8u\hotspot\src\share\vm\prims\jni.cpp, line 1614]
Event: 72.050 Thread 0x000000001b8fd800 Exception <a 'java/lang/NoSuchMethodError': <clinit>> (0x00000000e8529268) thrown at [D:\src\AOSP-openjdk-cygwin\jdk8u\hotspot\src\share\vm\prims\jni.cpp, line 1614]
Event: 72.074 Thread 0x0000000019af7000 Implicit null exception at 0x000000000467b34a to 0x000000000467b744
Event: 72.660 Thread 0x0000000019af7000 Exception <a 'java/lang/NoSuchMethodError': java.lang.Object.lambda$negate$1(Ljava/lang/Object;)Z> (0x00000000e8d0c408) thrown at [D:\src\AOSP-openjdk-cygwin\jdk8u\hotspot\src\share\vm\interpreter\linkResolver.cpp, line 620]
Event: 102.667 Thread 0x000000001b8fd800 Implicit null exception at 0x000000000318fa5a to 0x000000000319014d
Event: 106.990 Thread 0x000000001b8fd800 Implicit null exception at 0x0000000002d0256f to 0x0000000002d025d9
Event: 107.581 Thread 0x000000001b8fd800 Implicit null exception at 0x0000000005325e91 to 0x0000000005326219
Event: 109.328 Thread 0x000000001b8fd800 Implicit null exception at 0x0000000004ef0e30 to 0x0000000004ef22d1

Events (10 events):
Event: 109.348 Thread 0x000000001b8fd800 DEOPT PACKING pc=0x0000000005424230 sp=0x000000002431a870
Event: 109.348 Thread 0x000000001b8fd800 DEOPT UNPACKING pc=0x0000000002b675d0 sp=0x000000002431a650 mode 0
Event: 109.402 Thread 0x000000001b8fd800 Uncommon trap: trap_request=0xffffffde fr.pc=0x000000000541b514
Event: 109.402 Thread 0x000000001b8fd800 DEOPT PACKING pc=0x000000000541b514 sp=0x000000002431af80
Event: 109.402 Thread 0x000000001b8fd800 DEOPT UNPACKING pc=0x0000000002b6557b sp=0x000000002431af20 mode 2
Event: 109.418 loading class com/sun/tools/javac/processing/JavacProcessingEnvironment$ServiceIterator
Event: 109.418 loading class com/sun/tools/javac/processing/JavacProcessingEnvironment$ServiceIterator done
Event: 109.480 Thread 0x000000001b8fd800 DEOPT PACKING pc=0x000000000529800f sp=0x0000000024319d90
Event: 109.480 Thread 0x000000001b8fd800 DEOPT UNPACKING pc=0x0000000002b675d0 sp=0x0000000024319b90 mode 0
Event: 109.683 Executing VM operation: ParallelGCFailedAllocation


Dynamic libraries:
0x00007ff641be0000 - 0x00007ff641c11000 	C:\Program Files\Android\Android Studio\jre\bin\java.exe
0x00007ff9c9de0000 - 0x00007ff9c9fd0000 	C:\WINDOWS\SYSTEM32\ntdll.dll
0x00007ff9c8740000 - 0x00007ff9c87f2000 	C:\WINDOWS\System32\KERNEL32.DLL
0x00007ff9c7be0000 - 0x00007ff9c7e85000 	C:\WINDOWS\System32\KERNELBASE.dll
0x00007ff9c8a80000 - 0x00007ff9c8b23000 	C:\WINDOWS\System32\ADVAPI32.dll
0x00007ff9c9b40000 - 0x00007ff9c9bde000 	C:\WINDOWS\System32\msvcrt.dll
0x00007ff9c9410000 - 0x00007ff9c94a7000 	C:\WINDOWS\System32\sechost.dll
0x00007ff9c7e90000 - 0x00007ff9c7fb0000 	C:\WINDOWS\System32\RPCRT4.dll
0x00007ff9c88e0000 - 0x00007ff9c8a74000 	C:\WINDOWS\System32\USER32.dll
0x00007ff9c7b50000 - 0x00007ff9c7b71000 	C:\WINDOWS\System32\win32u.dll
0x00007ff9c9300000 - 0x00007ff9c9326000 	C:\WINDOWS\System32\GDI32.dll
0x00007ff9c6d70000 - 0x00007ff9c6f06000 	C:\WINDOWS\System32\gdi32full.dll
0x00007ff9c7ab0000 - 0x00007ff9c7b4e000 	C:\WINDOWS\System32\msvcp_win.dll
0x00007ff9c7880000 - 0x00007ff9c797a000 	C:\WINDOWS\System32\ucrtbase.dll
0x00007ff9ba850000 - 0x00007ff9baad4000 	C:\WINDOWS\WinSxS\amd64_microsoft.windows.common-controls_6595b64144ccf1df_6.0.18362.1139_none_9e7bf2d3e4605ac6\COMCTL32.dll
0x00007ff9c9560000 - 0x00007ff9c9895000 	C:\WINDOWS\System32\combase.dll
0x00007ff9c7800000 - 0x00007ff9c7880000 	C:\WINDOWS\System32\bcryptPrimitives.dll
0x00007ff9c7fb0000 - 0x00007ff9c7fde000 	C:\WINDOWS\System32\IMM32.DLL
0x0000000065a10000 - 0x0000000065ae2000 	C:\Program Files\Android\Android Studio\jre\jre\bin\msvcr100.dll
0x0000000065ca0000 - 0x00000000664e6000 	C:\Program Files\Android\Android Studio\jre\jre\bin\server\jvm.dll
0x00007ff9c9980000 - 0x00007ff9c9988000 	C:\WINDOWS\System32\PSAPI.DLL
0x00007ff9b2740000 - 0x00007ff9b2749000 	C:\WINDOWS\SYSTEM32\WSOCK32.dll
0x00007ff9c9220000 - 0x00007ff9c928f000 	C:\WINDOWS\System32\WS2_32.dll
0x00007ff9c4710000 - 0x00007ff9c4734000 	C:\WINDOWS\SYSTEM32\WINMM.dll
0x00007ff9c46e0000 - 0x00007ff9c470d000 	C:\WINDOWS\SYSTEM32\WINMMBASE.dll
0x00007ff9c1990000 - 0x00007ff9c199a000 	C:\WINDOWS\SYSTEM32\VERSION.dll
0x00007ff9c7a30000 - 0x00007ff9c7a7a000 	C:\WINDOWS\System32\cfgmgr32.dll
0x00007ff9be2f0000 - 0x00007ff9be2ff000 	C:\Program Files\Android\Android Studio\jre\jre\bin\verify.dll
0x00007ff9afd20000 - 0x00007ff9afd49000 	C:\Program Files\Android\Android Studio\jre\jre\bin\java.dll
0x00007ff9ad350000 - 0x00007ff9ad366000 	C:\Program Files\Android\Android Studio\jre\jre\bin\zip.dll
0x00007ff9c8b30000 - 0x00007ff9c9217000 	C:\WINDOWS\System32\SHELL32.dll
0x00007ff9c94b0000 - 0x00007ff9c9559000 	C:\WINDOWS\System32\shcore.dll
0x00007ff9c7060000 - 0x00007ff9c77e0000 	C:\WINDOWS\System32\windows.storage.dll
0x00007ff9c6d40000 - 0x00007ff9c6d63000 	C:\WINDOWS\System32\profapi.dll
0x00007ff9c6cb0000 - 0x00007ff9c6cfa000 	C:\WINDOWS\System32\powrprof.dll
0x00007ff9c6ca0000 - 0x00007ff9c6cb0000 	C:\WINDOWS\System32\UMPDC.dll
0x00007ff9c9be0000 - 0x00007ff9c9c32000 	C:\WINDOWS\System32\shlwapi.dll
0x00007ff9c6d00000 - 0x00007ff9c6d11000 	C:\WINDOWS\System32\kernel.appcore.dll
0x00007ff9c77e0000 - 0x00007ff9c77f7000 	C:\WINDOWS\System32\cryptsp.dll
0x00007ff9ad330000 - 0x00007ff9ad34a000 	C:\Program Files\Android\Android Studio\jre\jre\bin\net.dll
0x00007ff9c64f0000 - 0x00007ff9c6557000 	C:\WINDOWS\system32\mswsock.dll
0x00007ff9a93f0000 - 0x00007ff9a9401000 	C:\Program Files\Android\Android Studio\jre\jre\bin\nio.dll
0x00007ff9aeeb0000 - 0x00007ff9aeed6000 	C:\Users\Sachin\.gradle\native\29\windows-amd64\native-platform.dll
0x00007ff9acf60000 - 0x00007ff9acf6d000 	C:\Program Files\Android\Android Studio\jre\jre\bin\management.dll
0x00007ff9c6060000 - 0x00007ff9c6093000 	C:\WINDOWS\system32\rsaenh.dll
0x00007ff9c7a80000 - 0x00007ff9c7aa6000 	C:\WINDOWS\System32\bcrypt.dll
0x00007ff9c6b80000 - 0x00007ff9c6ba5000 	C:\WINDOWS\SYSTEM32\USERENV.dll
0x00007ff9c66c0000 - 0x00007ff9c66cc000 	C:\WINDOWS\SYSTEM32\CRYPTBASE.dll
0x00007ff9c6200000 - 0x00007ff9c623a000 	C:\WINDOWS\SYSTEM32\IPHLPAPI.DLL
0x00007ff9c9400000 - 0x00007ff9c9408000 	C:\WINDOWS\System32\NSI.dll
0x00007ff9c0f60000 - 0x00007ff9c0f76000 	C:\WINDOWS\SYSTEM32\dhcpcsvc6.DLL
0x00007ff9c0fc0000 - 0x00007ff9c0fdc000 	C:\WINDOWS\SYSTEM32\dhcpcsvc.DLL
0x00007ff9c6290000 - 0x00007ff9c635b000 	C:\WINDOWS\SYSTEM32\DNSAPI.dll
0x00007ff9ad620000 - 0x00007ff9ad644000 	C:\Program Files\Android\Android Studio\jre\jre\bin\sunec.dll
0x00007ff9bbd20000 - 0x00007ff9bbd2a000 	C:\Windows\System32\rasadhlp.dll
0x00007ff9c0df0000 - 0x00007ff9c0e67000 	C:\WINDOWS\System32\fwpuclnt.dll
0x00007ff9b01b0000 - 0x00007ff9b01bb000 	C:\Program Files\Android\Android Studio\jre\jre\bin\sunmscapi.dll
0x00007ff9c6f10000 - 0x00007ff9c7059000 	C:\WINDOWS\System32\CRYPT32.dll
0x00007ff9c6d20000 - 0x00007ff9c6d32000 	C:\WINDOWS\System32\MSASN1.dll
0x0000000066e00000 - 0x0000000066f03000 	C:\Users\Sachin\AppData\Local\Temp\room-3f5f05c1-3b9a-44a3-96a0-7d3a234a7b19\sqlite-3.25.2-41278fad-cba0-4722-82d6-af85919345f0-sqlitejdbc.dll
0x00007ff9b1e20000 - 0x00007ff9b2014000 	C:\WINDOWS\SYSTEM32\dbghelp.dll

VM Arguments:
jvm_args: -Xmx1536m -Dfile.encoding=windows-1252 -Duser.country=US -Duser.language=en -Duser.variant 
java_command: org.gradle.launcher.daemon.bootstrap.GradleDaemon 5.4.1
java_class_path (initial): C:\Users\Sachin\.gradle\wrapper\dists\gradle-5.4.1-all\3221gyojl5jsh0helicew7rwx\gradle-5.4.1\lib\gradle-launcher-5.4.1.jar
Launcher Type: SUN_STANDARD

Environment Variables:
PATH=C:\Program Files (x86)\Common Files\Oracle\Java\javapath;C:\WINDOWS\system32;C:\WINDOWS;C:\WINDOWS\System32\Wbem;C:\WINDOWS\System32\WindowsPowerShell\v1.0\;C:\WINDOWS\System32\OpenSSH\;C:\Android;C:\Windows\System32;C:\Program Files\nodejs\;C:\Program Files\TortoiseSVN\bin;C:\Users\Sachin\AppData\Local\Microsoft\WindowsApps;C:\Users\Sachin\AppData\Local\Programs\Git\cmd;C:\Users\Sachin\AppData\Local\Programs\Microsoft VS Code\bin;C:\Users\Sachin\AppData\Roaming\npm;
USERNAME=Sachin
OS=Windows_NT
PROCESSOR_IDENTIFIER=Intel64 Family 6 Model 61 Stepping 4, GenuineIntel



---------------  S Y S T E M  ---------------

OS: Windows 10.0 , 64 bit Build 18362 (10.0.18362.1110)

CPU:total 4 (initial active 4) (2 cores per cpu, 2 threads per core) family 6 model 61 stepping 4, cmov, cx8, fxsr, mmx, sse, sse2, sse3, ssse3, sse4.1, sse4.2, popcnt, avx, avx2, aes, clmul, erms, 3dnowpref, lzcnt, ht, tsc, tscinvbit, bmi1, bmi2, adx

Memory: 4k page, physical 16671028k(8660804k free), swap 19161396k(9112144k free)

vm_info: OpenJDK 64-Bit Server VM (25.202-b03) for windows-amd64 JRE (1.8.0_202-release-1483-b03), built by "builder" with MS VC++ 10.0 (VS2010)

time: Sat Oct 17 17:12:42 2020
timezone: India Standard Time
elapsed time: 110 seconds (0d 0h 1m 50s)

