#
# There is insufficient memory for the Java Runtime Environment to continue.
# Native memory allocation (malloc) failed to allocate 65552 bytes for Chunk::new
# Possible reasons:
#   The system is out of physical RAM or swap space
#   The process is running with CompressedOops enabled, and the Java Heap may be blocking the growth of the native heap
# Possible solutions:
#   Reduce memory load on the system
#   Increase physical memory or swap space
#   Check if swap backing store is full
#   Decrease Java heap size (-Xmx/-Xms)
#   Decrease number of Java threads
#   Decrease Java thread stack sizes (-Xss)
#   Set larger code cache with -XX:ReservedCodeCacheSize=
#   JVM is running with Unscaled Compressed Oops mode in which the Java heap is
#     placed in the first 4GB address space. The Java Heap base address is the
#     maximum limit for the native heap growth. Please use -XX:HeapBaseMinAddress
#     to set the Java Heap base and to place the Java Heap above 4GB virtual address.
# This output file may be truncated or incomplete.
#
#  Out of Memory Error (./src/hotspot/share/memory/arena.cpp:197), pid=10984, tid=8944
#
# JRE version: OpenJDK Runtime Environment (11.0.8+10) (build 11.0.8+10-b944.6842174)
# Java VM: OpenJDK 64-Bit Server VM (11.0.8+10-b944.6842174, mixed mode, tiered, compressed oops, g1 gc, windows-amd64)
# No core dump will be written. Minidumps are not enabled by default on client versions of Windows
#

---------------  S U M M A R Y ------------

Command Line: --add-opens=java.base/java.util=ALL-UNNAMED --add-opens=java.base/java.lang=ALL-UNNAMED --add-opens=java.base/java.lang.invoke=ALL-UNNAMED --add-opens=java.prefs/java.util.prefs=ALL-UNNAMED -Xmx1536m -Dfile.encoding=windows-1252 -Duser.country=IN -Duser.language=en -Duser.variant org.gradle.launcher.daemon.bootstrap.GradleDaemon 6.5

Host: Intel(R) Core(TM) i5-7200U CPU @ 2.50GHz, 4 cores, 15G,  Windows 10 , 64 bit Build 18362 (10.0.18362.1350)
Time: Thu May 13 12:46:07 2021 India Standard Time elapsed time: 39 seconds (0d 0h 0m 39s)

---------------  T H R E A D  ---------------

Current thread (0x00000233c703a000):  JavaThread "C2 CompilerThread0" daemon [_thread_in_native, id=8944, stack(0x000000d3ca000000,0x000000d3ca100000)]


Current CompileTask:
C2:  39376 3845       4       java.lang.ClassLoader::defineClass (43 bytes)

Stack: [0x000000d3ca000000,0x000000d3ca100000]
Native frames: (J=compiled Java code, j=interpreted, Vv=VM code, C=native code)
V  [jvm.dll+0x5de50a]
V  [jvm.dll+0x7122f5]
V  [jvm.dll+0x71384d]
V  [jvm.dll+0x713f03]
V  [jvm.dll+0x23e728]
V  [jvm.dll+0xb899c]
V  [jvm.dll+0xb8e9c]
V  [jvm.dll+0xb8a98]
V  [jvm.dll+0x5be3b0]
V  [jvm.dll+0x50c40c]
V  [jvm.dll+0x4f8d2b]
V  [jvm.dll+0x4fab23]
V  [jvm.dll+0x4fa8eb]
V  [jvm.dll+0x4fa866]
V  [jvm.dll+0x502678]
V  [jvm.dll+0x1f8efd]
V  [jvm.dll+0x1f685f]
V  [jvm.dll+0x17f32c]
V  [jvm.dll+0x205047]
V  [jvm.dll+0x203891]
V  [jvm.dll+0x6dad3f]
V  [jvm.dll+0x6d3895]
V  [jvm.dll+0x5dd4a6]
C  [ucrtbase.dll+0x210b2]
C  [KERNEL32.DLL+0x17c24]
C  [ntdll.dll+0x6d721]


---------------  P R O C E S S  ---------------

Threads class SMR info:
_java_thread_list=0x00000233cb4dcbd0, length=51, elements={
0x00000233ae00a000, 0x00000233c6fd2800, 0x00000233c6fde000, 0x00000233c7036000,
0x00000233c7039000, 0x00000233c703a000, 0x00000233c709f800, 0x00000233c70ac800,
0x00000233c719b800, 0x00000233c71e7800, 0x00000233c8223800, 0x00000233c864f800,
0x00000233c7b65000, 0x00000233c83db800, 0x00000233c7b6c000, 0x00000233c7af2000,
0x00000233c90a8800, 0x00000233c80a2000, 0x00000233c8051800, 0x00000233c8052000,
0x00000233c72d4800, 0x00000233c72d3000, 0x00000233c72d4000, 0x00000233c72d1800,
0x00000233c72d6800, 0x00000233c72d0800, 0x00000233c72d2000, 0x00000233c72d5800,
0x00000233c72d7000, 0x00000233c99c6800, 0x00000233c99c4000, 0x00000233c99c5800,
0x00000233c99c8000, 0x00000233c99c7000, 0x00000233c99ca800, 0x00000233c99c9000,
0x00000233c99c9800, 0x00000233c99c5000, 0x00000233c99ce800, 0x00000233c99cc000,
0x00000233c99cf800, 0x00000233c99d0000, 
[error occurred during error reporting (printing all threads), id 0xc0000005, EXCEPTION_ACCESS_VIOLATION (0xc0000005) at pc=0x00007ffcf4e9eee3]

VM state:not at safepoint (normal execution)

VM Mutex/Monitor currently owned by a thread: None

OutOfMemory and StackOverflow Exception counts:
OutOfMemoryError java_heap_errors=3
LinkageErrors=99

Heap address: 0x00000000a0000000, size: 1536 MB, Compressed Oops mode: 32-bit
Narrow klass base: 0x0000000000000000, Narrow klass shift: 3
Compressed class space size: 1073741824 Address: 0x0000000100000000

Heap:
 garbage-first heap   total 258048K, used 39955K [0x00000000a0000000, 0x0000000100000000)
  region size 1024K, 16 young (16384K), 13 survivors (13312K)
 Metaspace       used 43918K, capacity 44880K, committed 45104K, reserved 1095680K
  class space    used 5411K, capacity 5733K, committed 5760K, reserved 1048576K
Heap Regions: E=young(eden), S=young(survivor), O=old, HS=humongous(starts), HC=humongous(continues), CS=collection set, F=free, A=archive, TAMS=top-at-mark-start (previous, next)
|   0|0x00000000a0000000, 0x00000000a0100000, 0x00000000a0100000|100%| O|  |TAMS 0x00000000a0100000, 0x00000000a0000000| Untracked 
|   1|0x00000000a0100000, 0x00000000a0200000, 0x00000000a0200000|100%| O|  |TAMS 0x00000000a0200000, 0x00000000a0100000| Untracked 
|   2|0x00000000a0200000, 0x00000000a0300000, 0x00000000a0300000|100%| O|  |TAMS 0x00000000a0300000, 0x00000000a0200000| Untracked 
|   3|0x00000000a0300000, 0x00000000a0400000, 0x00000000a0400000|100%|HS|  |TAMS 0x00000000a0400000, 0x00000000a0300000| Complete 
|   4|0x00000000a0400000, 0x00000000a0500000, 0x00000000a0500000|100%|HC|  |TAMS 0x00000000a0500000, 0x00000000a0400000| Complete 
|   5|0x00000000a0500000, 0x00000000a0600000, 0x00000000a0600000|100%|HC|  |TAMS 0x00000000a0600000, 0x00000000a0500000| Complete 
|   6|0x00000000a0600000, 0x00000000a0700000, 0x00000000a0700000|100%| O|  |TAMS 0x00000000a0700000, 0x00000000a0600000| Untracked 
|   7|0x00000000a0700000, 0x00000000a0800000, 0x00000000a0800000|100%| O|  |TAMS 0x00000000a0800000, 0x00000000a0700000| Untracked 
|   8|0x00000000a0800000, 0x00000000a0900000, 0x00000000a0900000|100%| O|  |TAMS 0x00000000a0900000, 0x00000000a0800000| Untracked 
|   9|0x00000000a0900000, 0x00000000a0a00000, 0x00000000a0a00000|100%| O|  |TAMS 0x00000000a0a00000, 0x00000000a0900000| Untracked 
|  10|0x00000000a0a00000, 0x00000000a0b00000, 0x00000000a0b00000|100%| O|  |TAMS 0x00000000a0b00000, 0x00000000a0a00000| Untracked 
|  11|0x00000000a0b00000, 0x00000000a0c00000, 0x00000000a0c00000|100%| O|  |TAMS 0x00000000a0c00000, 0x00000000a0b00000| Untracked 
|  12|0x00000000a0c00000, 0x00000000a0d00000, 0x00000000a0d00000|100%| O|  |TAMS 0x00000000a0d00000, 0x00000000a0c00000| Untracked 
|  13|0x00000000a0d00000, 0x00000000a0e00000, 0x00000000a0e00000|100%|HS|  |TAMS 0x00000000a0e00000, 0x00000000a0d00000| Complete 
|  14|0x00000000a0e00000, 0x00000000a0f00000, 0x00000000a0f00000|100%|HC|  |TAMS 0x00000000a0f00000, 0x00000000a0e00000| Complete 
|  15|0x00000000a0f00000, 0x00000000a1000000, 0x00000000a1000000|100%|HS|  |TAMS 0x00000000a1000000, 0x00000000a0f00000| Complete 
|  16|0x00000000a1000000, 0x00000000a1100000, 0x00000000a1100000|100%|HC|  |TAMS 0x00000000a1100000, 0x00000000a1000000| Complete 
|  17|0x00000000a1100000, 0x00000000a1200000, 0x00000000a1200000|100%|HC|  |TAMS 0x00000000a1200000, 0x00000000a1100000| Complete 
|  18|0x00000000a1200000, 0x00000000a1300000, 0x00000000a1300000|100%|HS|  |TAMS 0x00000000a1300000, 0x00000000a1200000| Complete 
|  19|0x00000000a1300000, 0x00000000a1400000, 0x00000000a1400000|100%|HC|  |TAMS 0x00000000a1400000, 0x00000000a1300000| Complete 
|  20|0x00000000a1400000, 0x00000000a1500000, 0x00000000a1500000|100%|HC|  |TAMS 0x00000000a1500000, 0x00000000a1400000| Complete 
|  21|0x00000000a1500000, 0x00000000a1600000, 0x00000000a1600000|100%|HC|  |TAMS 0x00000000a1600000, 0x00000000a1500000| Complete 
|  22|0x00000000a1600000, 0x00000000a1600000, 0x00000000a1700000|  0%| F|  |TAMS 0x00000000a1600000, 0x00000000a1600000| Untracked 
|  23|0x00000000a1700000, 0x00000000a1700000, 0x00000000a1800000|  0%| F|  |TAMS 0x00000000a1700000, 0x00000000a1700000| Untracked 
|  24|0x00000000a1800000, 0x00000000a1800000, 0x00000000a1900000|  0%| F|  |TAMS 0x00000000a1800000, 0x00000000a1800000| Untracked 
|  25|0x00000000a1900000, 0x00000000a1a00000, 0x00000000a1a00000|100%| O|  |TAMS 0x00000000a1a00000, 0x00000000a1900000| Untracked 
|  26|0x00000000a1a00000, 0x00000000a1b00000, 0x00000000a1b00000|100%| O|  |TAMS 0x00000000a1b00000, 0x00000000a1a00000| Untracked 
|  27|0x00000000a1b00000, 0x00000000a1b3a400, 0x00000000a1c00000| 22%| O|  |TAMS 0x00000000a1b3a400, 0x00000000a1b00000| Untracked 
|  28|0x00000000a1c00000, 0x00000000a1c00000, 0x00000000a1d00000|  0%| F|  |TAMS 0x00000000a1c00000, 0x00000000a1c00000| Untracked 
|  29|0x00000000a1d00000, 0x00000000a1d00000, 0x00000000a1e00000|  0%| F|  |TAMS 0x00000000a1d00000, 0x00000000a1d00000| Untracked 
|  30|0x00000000a1e00000, 0x00000000a1e00000, 0x00000000a1f00000|  0%| F|  |TAMS 0x00000000a1e00000, 0x00000000a1e00000| Untracked 
|  31|0x00000000a1f00000, 0x00000000a1f00000, 0x00000000a2000000|  0%| F|  |TAMS 0x00000000a1f00000, 0x00000000a1f00000| Untracked 
|  32|0x00000000a2000000, 0x00000000a2000000, 0x00000000a2100000|  0%| F|  |TAMS 0x00000000a2000000, 0x00000000a2000000| Untracked 
|  33|0x00000000a2100000, 0x00000000a2100000, 0x00000000a2200000|  0%| F|  |TAMS 0x00000000a2100000, 0x00000000a2100000| Untracked 
|  34|0x00000000a2200000, 0x00000000a2200000, 0x00000000a2300000|  0%| F|  |TAMS 0x00000000a2200000, 0x00000000a2200000| Untracked 
|  35|0x00000000a2300000, 0x00000000a2300000, 0x00000000a2400000|  0%| F|  |TAMS 0x00000000a2300000, 0x00000000a2300000| Untracked 
|  36|0x00000000a2400000, 0x00000000a2400000, 0x00000000a2500000|  0%| F|  |TAMS 0x00000000a2400000, 0x00000000a2400000| Untracked 
|  37|0x00000000a2500000, 0x00000000a2500000, 0x00000000a2600000|  0%| F|  |TAMS 0x00000000a2500000, 0x00000000a2500000| Untracked 
|  38|0x00000000a2600000, 0x00000000a2600000, 0x00000000a2700000|  0%| F|  |TAMS 0x00000000a2600000, 0x00000000a2600000| Untracked 
|  39|0x00000000a2700000, 0x00000000a2700000, 0x00000000a2800000|  0%| F|  |TAMS 0x00000000a2700000, 0x00000000a2700000| Untracked 
|  40|0x00000000a2800000, 0x00000000a2800000, 0x00000000a2900000|  0%| F|  |TAMS 0x00000000a2800000, 0x00000000a2800000| Untracked 
|  41|0x00000000a2900000, 0x00000000a2900000, 0x00000000a2a00000|  0%| F|  |TAMS 0x00000000a2900000, 0x00000000a2900000| Untracked 
|  42|0x00000000a2a00000, 0x00000000a2a00000, 0x00000000a2b00000|  0%| F|  |TAMS 0x00000000a2a00000, 0x00000000a2a00000| Untracked 
|  43|0x00000000a2b00000, 0x00000000a2b00000, 0x00000000a2c00000|  0%| F|  |TAMS 0x00000000a2b00000, 0x00000000a2b00000| Untracked 
|  44|0x00000000a2c00000, 0x00000000a2c00000, 0x00000000a2d00000|  0%| F|  |TAMS 0x00000000a2c00000, 0x00000000a2c00000| Untracked 
|  45|0x00000000a2d00000, 0x00000000a2d00000, 0x00000000a2e00000|  0%| F|  |TAMS 0x00000000a2d00000, 0x00000000a2d00000| Untracked 
|  46|0x00000000a2e00000, 0x00000000a2e00000, 0x00000000a2f00000|  0%| F|  |TAMS 0x00000000a2e00000, 0x00000000a2e00000| Untracked 
|  47|0x00000000a2f00000, 0x00000000a2f00000, 0x00000000a3000000|  0%| F|  |TAMS 0x00000000a2f00000, 0x00000000a2f00000| Untracked 
|  48|0x00000000a3000000, 0x00000000a3000000, 0x00000000a3100000|  0%| F|  |TAMS 0x00000000a3000000, 0x00000000a3000000| Untracked 
|  49|0x00000000a3100000, 0x00000000a3100000, 0x00000000a3200000|  0%| F|  |TAMS 0x00000000a3100000, 0x00000000a3100000| Untracked 
|  50|0x00000000a3200000, 0x00000000a3200000, 0x00000000a3300000|  0%| F|  |TAMS 0x00000000a3200000, 0x00000000a3200000| Untracked 
|  51|0x00000000a3300000, 0x00000000a3300000, 0x00000000a3400000|  0%| F|  |TAMS 0x00000000a3300000, 0x00000000a3300000| Untracked 
|  52|0x00000000a3400000, 0x00000000a3400000, 0x00000000a3500000|  0%| F|  |TAMS 0x00000000a3400000, 0x00000000a3400000| Untracked 
|  53|0x00000000a3500000, 0x00000000a3500000, 0x00000000a3600000|  0%| F|  |TAMS 0x00000000a3500000, 0x00000000a3500000| Untracked 
|  54|0x00000000a3600000, 0x00000000a3600000, 0x00000000a3700000|  0%| F|  |TAMS 0x00000000a3600000, 0x00000000a3600000| Untracked 
|  55|0x00000000a3700000, 0x00000000a3700000, 0x00000000a3800000|  0%| F|  |TAMS 0x00000000a3700000, 0x00000000a3700000| Untracked 
|  56|0x00000000a3800000, 0x00000000a3800000, 0x00000000a3900000|  0%| F|  |TAMS 0x00000000a3800000, 0x00000000a3800000| Untracked 
|  57|0x00000000a3900000, 0x00000000a3900000, 0x00000000a3a00000|  0%| F|  |TAMS 0x00000000a3900000, 0x00000000a3900000| Untracked 
|  58|0x00000000a3a00000, 0x00000000a3a00000, 0x00000000a3b00000|  0%| F|  |TAMS 0x00000000a3a00000, 0x00000000a3a00000| Untracked 
|  59|0x00000000a3b00000, 0x00000000a3b00000, 0x00000000a3c00000|  0%| F|  |TAMS 0x00000000a3b00000, 0x00000000a3b00000| Untracked 
|  60|0x00000000a3c00000, 0x00000000a3c00000, 0x00000000a3d00000|  0%| F|  |TAMS 0x00000000a3c00000, 0x00000000a3c00000| Untracked 
|  61|0x00000000a3d00000, 0x00000000a3d00000, 0x00000000a3e00000|  0%| F|  |TAMS 0x00000000a3d00000, 0x00000000a3d00000| Untracked 
|  62|0x00000000a3e00000, 0x00000000a3e00000, 0x00000000a3f00000|  0%| F|  |TAMS 0x00000000a3e00000, 0x00000000a3e00000| Untracked 
|  63|0x00000000a3f00000, 0x00000000a3f00000, 0x00000000a4000000|  0%| F|  |TAMS 0x00000000a3f00000, 0x00000000a3f00000| Untracked 
|  64|0x00000000a4000000, 0x00000000a4000000, 0x00000000a4100000|  0%| F|  |TAMS 0x00000000a4000000, 0x00000000a4000000| Untracked 
|  65|0x00000000a4100000, 0x00000000a4100000, 0x00000000a4200000|  0%| F|  |TAMS 0x00000000a4100000, 0x00000000a4100000| Untracked 
|  66|0x00000000a4200000, 0x00000000a4200000, 0x00000000a4300000|  0%| F|  |TAMS 0x00000000a4200000, 0x00000000a4200000| Untracked 
|  67|0x00000000a4300000, 0x00000000a4300000, 0x00000000a4400000|  0%| F|  |TAMS 0x00000000a4300000, 0x00000000a4300000| Untracked 
|  68|0x00000000a4400000, 0x00000000a4400000, 0x00000000a4500000|  0%| F|  |TAMS 0x00000000a4400000, 0x00000000a4400000| Untracked 
|  69|0x00000000a4500000, 0x00000000a4500000, 0x00000000a4600000|  0%| F|  |TAMS 0x00000000a4500000, 0x00000000a4500000| Untracked 
|  70|0x00000000a4600000, 0x00000000a4600000, 0x00000000a4700000|  0%| F|  |TAMS 0x00000000a4600000, 0x00000000a4600000| Untracked 
|  71|0x00000000a4700000, 0x00000000a4700000, 0x00000000a4800000|  0%| F|  |TAMS 0x00000000a4700000, 0x00000000a4700000| Untracked 
|  72|0x00000000a4800000, 0x00000000a4800000, 0x00000000a4900000|  0%| F|  |TAMS 0x00000000a4800000, 0x00000000a4800000| Untracked 
|  73|0x00000000a4900000, 0x00000000a4900000, 0x00000000a4a00000|  0%| F|  |TAMS 0x00000000a4900000, 0x00000000a4900000| Untracked 
|  74|0x00000000a4a00000, 0x00000000a4a00000, 0x00000000a4b00000|  0%| F|  |TAMS 0x00000000a4a00000, 0x00000000a4a00000| Untracked 
|  75|0x00000000a4b00000, 0x00000000a4b00000, 0x00000000a4c00000|  0%| F|  |TAMS 0x00000000a4b00000, 0x00000000a4b00000| Untracked 
|  76|0x00000000a4c00000, 0x00000000a4c00000, 0x00000000a4d00000|  0%| F|  |TAMS 0x00000000a4c00000, 0x00000000a4c00000| Untracked 
|  77|0x00000000a4d00000, 0x00000000a4d00000, 0x00000000a4e00000|  0%| F|  |TAMS 0x00000000a4d00000, 0x00000000a4d00000| Untracked 
|  78|0x00000000a4e00000, 0x00000000a4e00000, 0x00000000a4f00000|  0%| F|  |TAMS 0x00000000a4e00000, 0x00000000a4e00000| Untracked 
|  79|0x00000000a4f00000, 0x00000000a4f00000, 0x00000000a5000000|  0%| F|  |TAMS 0x00000000a4f00000, 0x00000000a4f00000| Untracked 
|  80|0x00000000a5000000, 0x00000000a5000000, 0x00000000a5100000|  0%| F|  |TAMS 0x00000000a5000000, 0x00000000a5000000| Untracked 
|  81|0x00000000a5100000, 0x00000000a5100000, 0x00000000a5200000|  0%| F|  |TAMS 0x00000000a5100000, 0x00000000a5100000| Untracked 
|  82|0x00000000a5200000, 0x00000000a5200000, 0x00000000a5300000|  0%| F|  |TAMS 0x00000000a5200000, 0x00000000a5200000| Untracked 
|  83|0x00000000a5300000, 0x00000000a5300000, 0x00000000a5400000|  0%| F|  |TAMS 0x00000000a5300000, 0x00000000a5300000| Untracked 
|  84|0x00000000a5400000, 0x00000000a5400000, 0x00000000a5500000|  0%| F|  |TAMS 0x00000000a5400000, 0x00000000a5400000| Untracked 
|  85|0x00000000a5500000, 0x00000000a5500000, 0x00000000a5600000|  0%| F|  |TAMS 0x00000000a5500000, 0x00000000a5500000| Untracked 
|  86|0x00000000a5600000, 0x00000000a5600000, 0x00000000a5700000|  0%| F|  |TAMS 0x00000000a5600000, 0x00000000a5600000| Untracked 
|  87|0x00000000a5700000, 0x00000000a5700000, 0x00000000a5800000|  0%| F|  |TAMS 0x00000000a5700000, 0x00000000a5700000| Untracked 
|  88|0x00000000a5800000, 0x00000000a5800000, 0x00000000a5900000|  0%| F|  |TAMS 0x00000000a5800000, 0x00000000a5800000| Untracked 
|  89|0x00000000a5900000, 0x00000000a5900000, 0x00000000a5a00000|  0%| F|  |TAMS 0x00000000a5900000, 0x00000000a5900000| Untracked 
|  90|0x00000000a5a00000, 0x00000000a5a00000, 0x00000000a5b00000|  0%| F|  |TAMS 0x00000000a5a00000, 0x00000000a5a00000| Untracked 
|  91|0x00000000a5b00000, 0x00000000a5b00000, 0x00000000a5c00000|  0%| F|  |TAMS 0x00000000a5b00000, 0x00000000a5b00000| Untracked 
|  92|0x00000000a5c00000, 0x00000000a5c00000, 0x00000000a5d00000|  0%| F|  |TAMS 0x00000000a5c00000, 0x00000000a5c00000| Untracked 
|  93|0x00000000a5d00000, 0x00000000a5d00000, 0x00000000a5e00000|  0%| F|  |TAMS 0x00000000a5d00000, 0x00000000a5d00000| Untracked 
|  94|0x00000000a5e00000, 0x00000000a5e00000, 0x00000000a5f00000|  0%| F|  |TAMS 0x00000000a5e00000, 0x00000000a5e00000| Untracked 
|  95|0x00000000a5f00000, 0x00000000a5f00000, 0x00000000a6000000|  0%| F|  |TAMS 0x00000000a5f00000, 0x00000000a5f00000| Untracked 
|  96|0x00000000a6000000, 0x00000000a6000000, 0x00000000a6100000|  0%| F|  |TAMS 0x00000000a6000000, 0x00000000a6000000| Untracked 
|  97|0x00000000a6100000, 0x00000000a6100000, 0x00000000a6200000|  0%| F|  |TAMS 0x00000000a6100000, 0x00000000a6100000| Untracked 
|  98|0x00000000a6200000, 0x00000000a6200000, 0x00000000a6300000|  0%| F|  |TAMS 0x00000000a6200000, 0x00000000a6200000| Untracked 
|  99|0x00000000a6300000, 0x00000000a6300000, 0x00000000a6400000|  0%| F|  |TAMS 0x00000000a6300000, 0x00000000a6300000| Untracked 
| 100|0x00000000a6400000, 0x00000000a6400000, 0x00000000a6500000|  0%| F|  |TAMS 0x00000000a6400000, 0x00000000a6400000| Untracked 
| 101|0x00000000a6500000, 0x00000000a6500000, 0x00000000a6600000|  0%| F|  |TAMS 0x00000000a6500000, 0x00000000a6500000| Untracked 
| 102|0x00000000a6600000, 0x00000000a6600000, 0x00000000a6700000|  0%| F|  |TAMS 0x00000000a6600000, 0x00000000a6600000| Untracked 
| 103|0x00000000a6700000, 0x00000000a6700000, 0x00000000a6800000|  0%| F|  |TAMS 0x00000000a6700000, 0x00000000a6700000| Untracked 
| 104|0x00000000a6800000, 0x00000000a6800000, 0x00000000a6900000|  0%| F|  |TAMS 0x00000000a6800000, 0x00000000a6800000| Untracked 
| 105|0x00000000a6900000, 0x00000000a6900000, 0x00000000a6a00000|  0%| F|  |TAMS 0x00000000a6900000, 0x00000000a6900000| Untracked 
| 106|0x00000000a6a00000, 0x00000000a6a00000, 0x00000000a6b00000|  0%| F|  |TAMS 0x00000000a6a00000, 0x00000000a6a00000| Untracked 
| 107|0x00000000a6b00000, 0x00000000a6b00000, 0x00000000a6c00000|  0%| F|  |TAMS 0x00000000a6b00000, 0x00000000a6b00000| Untracked 
| 108|0x00000000a6c00000, 0x00000000a6c00000, 0x00000000a6d00000|  0%| F|  |TAMS 0x00000000a6c00000, 0x00000000a6c00000| Untracked 
| 109|0x00000000a6d00000, 0x00000000a6d00000, 0x00000000a6e00000|  0%| F|  |TAMS 0x00000000a6d00000, 0x00000000a6d00000| Untracked 
| 110|0x00000000a6e00000, 0x00000000a6e00000, 0x00000000a6f00000|  0%| F|  |TAMS 0x00000000a6e00000, 0x00000000a6e00000| Untracked 
| 111|0x00000000a6f00000, 0x00000000a6f00000, 0x00000000a7000000|  0%| F|  |TAMS 0x00000000a6f00000, 0x00000000a6f00000| Untracked 
| 112|0x00000000a7000000, 0x00000000a7000000, 0x00000000a7100000|  0%| F|  |TAMS 0x00000000a7000000, 0x00000000a7000000| Untracked 
| 113|0x00000000a7100000, 0x00000000a7100000, 0x00000000a7200000|  0%| F|  |TAMS 0x00000000a7100000, 0x00000000a7100000| Untracked 
| 114|0x00000000a7200000, 0x00000000a7200000, 0x00000000a7300000|  0%| F|  |TAMS 0x00000000a7200000, 0x00000000a7200000| Untracked 
| 115|0x00000000a7300000, 0x00000000a7300000, 0x00000000a7400000|  0%| F|  |TAMS 0x00000000a7300000, 0x00000000a7300000| Untracked 
| 116|0x00000000a7400000, 0x00000000a7400000, 0x00000000a7500000|  0%| F|  |TAMS 0x00000000a7400000, 0x00000000a7400000| Untracked 
| 117|0x00000000a7500000, 0x00000000a7500000, 0x00000000a7600000|  0%| F|  |TAMS 0x00000000a7500000, 0x00000000a7500000| Untracked 
| 118|0x00000000a7600000, 0x00000000a7600000, 0x00000000a7700000|  0%| F|  |TAMS 0x00000000a7600000, 0x00000000a7600000| Untracked 
| 119|0x00000000a7700000, 0x00000000a7700000, 0x00000000a7800000|  0%| F|  |TAMS 0x00000000a7700000, 0x00000000a7700000| Untracked 
| 120|0x00000000a7800000, 0x00000000a7800000, 0x00000000a7900000|  0%| F|  |TAMS 0x00000000a7800000, 0x00000000a7800000| Untracked 
| 121|0x00000000a7900000, 0x00000000a7900000, 0x00000000a7a00000|  0%| F|  |TAMS 0x00000000a7900000, 0x00000000a7900000| Untracked 
| 122|0x00000000a7a00000, 0x00000000a7a00000, 0x00000000a7b00000|  0%| F|  |TAMS 0x00000000a7a00000, 0x00000000a7a00000| Untracked 
| 123|0x00000000a7b00000, 0x00000000a7b00000, 0x00000000a7c00000|  0%| F|  |TAMS 0x00000000a7b00000, 0x00000000a7b00000| Untracked 
| 124|0x00000000a7c00000, 0x00000000a7c00000, 0x00000000a7d00000|  0%| F|  |TAMS 0x00000000a7c00000, 0x00000000a7c00000| Untracked 
| 125|0x00000000a7d00000, 0x00000000a7d00000, 0x00000000a7e00000|  0%| F|  |TAMS 0x00000000a7d00000, 0x00000000a7d00000| Untracked 
| 126|0x00000000a7e00000, 0x00000000a7e00000, 0x00000000a7f00000|  0%| F|  |TAMS 0x00000000a7e00000, 0x00000000a7e00000| Untracked 
| 127|0x00000000a7f00000, 0x00000000a7f00000, 0x00000000a8000000|  0%| F|  |TAMS 0x00000000a7f00000, 0x00000000a7f00000| Untracked 
| 128|0x00000000a8000000, 0x00000000a8000000, 0x00000000a8100000|  0%| F|  |TAMS 0x00000000a8000000, 0x00000000a8000000| Untracked 
| 129|0x00000000a8100000, 0x00000000a8100000, 0x00000000a8200000|  0%| F|  |TAMS 0x00000000a8100000, 0x00000000a8100000| Untracked 
| 130|0x00000000a8200000, 0x00000000a8200000, 0x00000000a8300000|  0%| F|  |TAMS 0x00000000a8200000, 0x00000000a8200000| Untracked 
| 131|0x00000000a8300000, 0x00000000a8300000, 0x00000000a8400000|  0%| F|  |TAMS 0x00000000a8300000, 0x00000000a8300000| Untracked 
| 132|0x00000000a8400000, 0x00000000a8400000, 0x00000000a8500000|  0%| F|  |TAMS 0x00000000a8400000, 0x00000000a8400000| Untracked 
| 133|0x00000000a8500000, 0x00000000a8500000, 0x00000000a8600000|  0%| F|  |TAMS 0x00000000a8500000, 0x00000000a8500000| Untracked 
| 134|0x00000000a8600000, 0x00000000a8600000, 0x00000000a8700000|  0%| F|  |TAMS 0x00000000a8600000, 0x00000000a8600000| Untracked 
| 135|0x00000000a8700000, 0x00000000a8700000, 0x00000000a8800000|  0%| F|  |TAMS 0x00000000a8700000, 0x00000000a8700000| Untracked 
| 136|0x00000000a8800000, 0x00000000a8800000, 0x00000000a8900000|  0%| F|  |TAMS 0x00000000a8800000, 0x00000000a8800000| Untracked 
| 137|0x00000000a8900000, 0x00000000a8900000, 0x00000000a8a00000|  0%| F|  |TAMS 0x00000000a8900000, 0x00000000a8900000| Untracked 
| 138|0x00000000a8a00000, 0x00000000a8a00000, 0x00000000a8b00000|  0%| F|  |TAMS 0x00000000a8a00000, 0x00000000a8a00000| Untracked 
| 139|0x00000000a8b00000, 0x00000000a8b00000, 0x00000000a8c00000|  0%| F|  |TAMS 0x00000000a8b00000, 0x00000000a8b00000| Untracked 
| 140|0x00000000a8c00000, 0x00000000a8c00000, 0x00000000a8d00000|  0%| F|  |TAMS 0x00000000a8c00000, 0x00000000a8c00000| Untracked 
| 141|0x00000000a8d00000, 0x00000000a8d00000, 0x00000000a8e00000|  0%| F|  |TAMS 0x00000000a8d00000, 0x00000000a8d00000| Untracked 
| 142|0x00000000a8e00000, 0x00000000a8e00000, 0x00000000a8f00000|  0%| F|  |TAMS 0x00000000a8e00000, 0x00000000a8e00000| Untracked 
| 143|0x00000000a8f00000, 0x00000000a8f00000, 0x00000000a9000000|  0%| F|  |TAMS 0x00000000a8f00000, 0x00000000a8f00000| Untracked 
| 144|0x00000000a9000000, 0x00000000a9000000, 0x00000000a9100000|  0%| F|  |TAMS 0x00000000a9000000, 0x00000000a9000000| Untracked 
| 145|0x00000000a9100000, 0x00000000a9100000, 0x00000000a9200000|  0%| F|  |TAMS 0x00000000a9100000, 0x00000000a9100000| Untracked 
| 146|0x00000000a9200000, 0x00000000a9200000, 0x00000000a9300000|  0%| F|  |TAMS 0x00000000a9200000, 0x00000000a9200000| Untracked 
| 147|0x00000000a9300000, 0x00000000a9300000, 0x00000000a9400000|  0%| F|  |TAMS 0x00000000a9300000, 0x00000000a9300000| Untracked 
| 148|0x00000000a9400000, 0x00000000a9400000, 0x00000000a9500000|  0%| F|  |TAMS 0x00000000a9400000, 0x00000000a9400000| Untracked 
| 149|0x00000000a9500000, 0x00000000a9500000, 0x00000000a9600000|  0%| F|  |TAMS 0x00000000a9500000, 0x00000000a9500000| Untracked 
| 150|0x00000000a9600000, 0x00000000a9600000, 0x00000000a9700000|  0%| F|  |TAMS 0x00000000a9600000, 0x00000000a9600000| Untracked 
| 151|0x00000000a9700000, 0x00000000a9700000, 0x00000000a9800000|  0%| F|  |TAMS 0x00000000a9700000, 0x00000000a9700000| Untracked 
| 152|0x00000000a9800000, 0x00000000a9800000, 0x00000000a9900000|  0%| F|  |TAMS 0x00000000a9800000, 0x00000000a9800000| Untracked 
| 153|0x00000000a9900000, 0x00000000a9900000, 0x00000000a9a00000|  0%| F|  |TAMS 0x00000000a9900000, 0x00000000a9900000| Untracked 
| 154|0x00000000a9a00000, 0x00000000a9a00000, 0x00000000a9b00000|  0%| F|  |TAMS 0x00000000a9a00000, 0x00000000a9a00000| Untracked 
| 155|0x00000000a9b00000, 0x00000000a9b00000, 0x00000000a9c00000|  0%| F|  |TAMS 0x00000000a9b00000, 0x00000000a9b00000| Untracked 
| 156|0x00000000a9c00000, 0x00000000a9ccabc0, 0x00000000a9d00000| 79%| S|CS|TAMS 0x00000000a9c00000, 0x00000000a9c00000| Complete 
| 157|0x00000000a9d00000, 0x00000000a9e00000, 0x00000000a9e00000|100%| S|CS|TAMS 0x00000000a9d00000, 0x00000000a9d00000| Complete 
| 158|0x00000000a9e00000, 0x00000000a9f00000, 0x00000000a9f00000|100%| S|CS|TAMS 0x00000000a9e00000, 0x00000000a9e00000| Complete 
| 159|0x00000000a9f00000, 0x00000000aa000000, 0x00000000aa000000|100%| S|CS|TAMS 0x00000000a9f00000, 0x00000000a9f00000| Complete 
| 160|0x00000000aa000000, 0x00000000aa100000, 0x00000000aa100000|100%| S|CS|TAMS 0x00000000aa000000, 0x00000000aa000000| Complete 
| 161|0x00000000aa100000, 0x00000000aa200000, 0x00000000aa200000|100%| S|CS|TAMS 0x00000000aa100000, 0x00000000aa100000| Complete 
| 162|0x00000000aa200000, 0x00000000aa300000, 0x00000000aa300000|100%| S|CS|TAMS 0x00000000aa200000, 0x00000000aa200000| Complete 
| 163|0x00000000aa300000, 0x00000000aa400000, 0x00000000aa400000|100%| S|CS|TAMS 0x00000000aa300000, 0x00000000aa300000| Complete 
| 164|0x00000000aa400000, 0x00000000aa500000, 0x00000000aa500000|100%| S|CS|TAMS 0x00000000aa400000, 0x00000000aa400000| Complete 
| 165|0x00000000aa500000, 0x00000000aa600000, 0x00000000aa600000|100%| S|CS|TAMS 0x00000000aa500000, 0x00000000aa500000| Complete 
| 166|0x00000000aa600000, 0x00000000aa700000, 0x00000000aa700000|100%| S|CS|TAMS 0x00000000aa600000, 0x00000000aa600000| Complete 
| 167|0x00000000aa700000, 0x00000000aa800000, 0x00000000aa800000|100%| S|CS|TAMS 0x00000000aa700000, 0x00000000aa700000| Complete 
| 168|0x00000000aa800000, 0x00000000aa900000, 0x00000000aa900000|100%| S|CS|TAMS 0x00000000aa800000, 0x00000000aa800000| Complete 
| 169|0x00000000aa900000, 0x00000000aa900000, 0x00000000aaa00000|  0%| F|  |TAMS 0x00000000aa900000, 0x00000000aa900000| Untracked 
| 170|0x00000000aaa00000, 0x00000000aaa00000, 0x00000000aab00000|  0%| F|  |TAMS 0x00000000aaa00000, 0x00000000aaa00000| Untracked 
| 171|0x00000000aab00000, 0x00000000aab00000, 0x00000000aac00000|  0%| F|  |TAMS 0x00000000aab00000, 0x00000000aab00000| Untracked 
| 172|0x00000000aac00000, 0x00000000aac00000, 0x00000000aad00000|  0%| F|  |TAMS 0x00000000aac00000, 0x00000000aac00000| Untracked 
| 173|0x00000000aad00000, 0x00000000aad00000, 0x00000000aae00000|  0%| F|  |TAMS 0x00000000aad00000, 0x00000000aad00000| Untracked 
| 174|0x00000000aae00000, 0x00000000aae00000, 0x00000000aaf00000|  0%| F|  |TAMS 0x00000000aae00000, 0x00000000aae00000| Untracked 
| 175|0x00000000aaf00000, 0x00000000aaf00000, 0x00000000ab000000|  0%| F|  |TAMS 0x00000000aaf00000, 0x00000000aaf00000| Untracked 
| 176|0x00000000ab000000, 0x00000000ab000000, 0x00000000ab100000|  0%| F|  |TAMS 0x00000000ab000000, 0x00000000ab000000| Untracked 
| 177|0x00000000ab100000, 0x00000000ab100000, 0x00000000ab200000|  0%| F|  |TAMS 0x00000000ab100000, 0x00000000ab100000| Untracked 
| 178|0x00000000ab200000, 0x00000000ab200000, 0x00000000ab300000|  0%| F|  |TAMS 0x00000000ab200000, 0x00000000ab200000| Untracked 
| 179|0x00000000ab300000, 0x00000000ab300000, 0x00000000ab400000|  0%| F|  |TAMS 0x00000000ab300000, 0x00000000ab300000| Untracked 
| 180|0x00000000ab400000, 0x00000000ab400000, 0x00000000ab500000|  0%| F|  |TAMS 0x00000000ab400000, 0x00000000ab400000| Untracked 
| 181|0x00000000ab500000, 0x00000000ab500000, 0x00000000ab600000|  0%| F|  |TAMS 0x00000000ab500000, 0x00000000ab500000| Untracked 
| 182|0x00000000ab600000, 0x00000000ab600000, 0x00000000ab700000|  0%| F|  |TAMS 0x00000000ab600000, 0x00000000ab600000| Untracked 
| 183|0x00000000ab700000, 0x00000000ab700000, 0x00000000ab800000|  0%| F|  |TAMS 0x00000000ab700000, 0x00000000ab700000| Untracked 
| 184|0x00000000ab800000, 0x00000000ab800000, 0x00000000ab900000|  0%| F|  |TAMS 0x00000000ab800000, 0x00000000ab800000| Untracked 
| 185|0x00000000ab900000, 0x00000000ab900000, 0x00000000aba00000|  0%| F|  |TAMS 0x00000000ab900000, 0x00000000ab900000| Untracked 
| 186|0x00000000aba00000, 0x00000000aba00000, 0x00000000abb00000|  0%| F|  |TAMS 0x00000000aba00000, 0x00000000aba00000| Untracked 
| 187|0x00000000abb00000, 0x00000000abb00000, 0x00000000abc00000|  0%| F|  |TAMS 0x00000000abb00000, 0x00000000abb00000| Untracked 
| 188|0x00000000abc00000, 0x00000000abc00000, 0x00000000abd00000|  0%| F|  |TAMS 0x00000000abc00000, 0x00000000abc00000| Untracked 
| 189|0x00000000abd00000, 0x00000000abd00000, 0x00000000abe00000|  0%| F|  |TAMS 0x00000000abd00000, 0x00000000abd00000| Untracked 
| 190|0x00000000abe00000, 0x00000000abe00000, 0x00000000abf00000|  0%| F|  |TAMS 0x00000000abe00000, 0x00000000abe00000| Untracked 
| 191|0x00000000abf00000, 0x00000000abf00000, 0x00000000ac000000|  0%| F|  |TAMS 0x00000000abf00000, 0x00000000abf00000| Untracked 
| 192|0x00000000ac000000, 0x00000000ac000000, 0x00000000ac100000|  0%| F|  |TAMS 0x00000000ac000000, 0x00000000ac000000| Untracked 
| 193|0x00000000ac100000, 0x00000000ac100000, 0x00000000ac200000|  0%| F|  |TAMS 0x00000000ac100000, 0x00000000ac100000| Untracked 
| 194|0x00000000ac200000, 0x00000000ac200000, 0x00000000ac300000|  0%| F|  |TAMS 0x00000000ac200000, 0x00000000ac200000| Untracked 
| 195|0x00000000ac300000, 0x00000000ac300000, 0x00000000ac400000|  0%| F|  |TAMS 0x00000000ac300000, 0x00000000ac300000| Untracked 
| 196|0x00000000ac400000, 0x00000000ac400000, 0x00000000ac500000|  0%| F|  |TAMS 0x00000000ac400000, 0x00000000ac400000| Untracked 
| 197|0x00000000ac500000, 0x00000000ac500000, 0x00000000ac600000|  0%| F|  |TAMS 0x00000000ac500000, 0x00000000ac500000| Untracked 
| 198|0x00000000ac600000, 0x00000000ac600000, 0x00000000ac700000|  0%| F|  |TAMS 0x00000000ac600000, 0x00000000ac600000| Untracked 
| 199|0x00000000ac700000, 0x00000000ac700000, 0x00000000ac800000|  0%| F|  |TAMS 0x00000000ac700000, 0x00000000ac700000| Untracked 
| 200|0x00000000ac800000, 0x00000000ac800000, 0x00000000ac900000|  0%| F|  |TAMS 0x00000000ac800000, 0x00000000ac800000| Untracked 
| 201|0x00000000ac900000, 0x00000000ac900000, 0x00000000aca00000|  0%| F|  |TAMS 0x00000000ac900000, 0x00000000ac900000| Untracked 
| 202|0x00000000aca00000, 0x00000000aca00000, 0x00000000acb00000|  0%| F|  |TAMS 0x00000000aca00000, 0x00000000aca00000| Untracked 
| 203|0x00000000acb00000, 0x00000000acb00000, 0x00000000acc00000|  0%| F|  |TAMS 0x00000000acb00000, 0x00000000acb00000| Untracked 
| 204|0x00000000acc00000, 0x00000000acc00000, 0x00000000acd00000|  0%| F|  |TAMS 0x00000000acc00000, 0x00000000acc00000| Untracked 
| 205|0x00000000acd00000, 0x00000000acd00000, 0x00000000ace00000|  0%| F|  |TAMS 0x00000000acd00000, 0x00000000acd00000| Untracked 
| 206|0x00000000ace00000, 0x00000000ace00000, 0x00000000acf00000|  0%| F|  |TAMS 0x00000000ace00000, 0x00000000ace00000| Untracked 
| 207|0x00000000acf00000, 0x00000000acf00000, 0x00000000ad000000|  0%| F|  |TAMS 0x00000000acf00000, 0x00000000acf00000| Untracked 
| 208|0x00000000ad000000, 0x00000000ad000000, 0x00000000ad100000|  0%| F|  |TAMS 0x00000000ad000000, 0x00000000ad000000| Untracked 
| 209|0x00000000ad100000, 0x00000000ad100000, 0x00000000ad200000|  0%| F|  |TAMS 0x00000000ad100000, 0x00000000ad100000| Untracked 
| 210|0x00000000ad200000, 0x00000000ad200000, 0x00000000ad300000|  0%| F|  |TAMS 0x00000000ad200000, 0x00000000ad200000| Untracked 
| 211|0x00000000ad300000, 0x00000000ad300000, 0x00000000ad400000|  0%| F|  |TAMS 0x00000000ad300000, 0x00000000ad300000| Untracked 
| 212|0x00000000ad400000, 0x00000000ad400000, 0x00000000ad500000|  0%| F|  |TAMS 0x00000000ad400000, 0x00000000ad400000| Untracked 
| 213|0x00000000ad500000, 0x00000000ad500000, 0x00000000ad600000|  0%| F|  |TAMS 0x00000000ad500000, 0x00000000ad500000| Untracked 
| 214|0x00000000ad600000, 0x00000000ad600000, 0x00000000ad700000|  0%| F|  |TAMS 0x00000000ad600000, 0x00000000ad600000| Untracked 
| 215|0x00000000ad700000, 0x00000000ad700000, 0x00000000ad800000|  0%| F|  |TAMS 0x00000000ad700000, 0x00000000ad700000| Untracked 
| 216|0x00000000ad800000, 0x00000000ad800000, 0x00000000ad900000|  0%| F|  |TAMS 0x00000000ad800000, 0x00000000ad800000| Untracked 
| 217|0x00000000ad900000, 0x00000000ad900000, 0x00000000ada00000|  0%| F|  |TAMS 0x00000000ad900000, 0x00000000ad900000| Untracked 
| 218|0x00000000ada00000, 0x00000000ada00000, 0x00000000adb00000|  0%| F|  |TAMS 0x00000000ada00000, 0x00000000ada00000| Untracked 
| 219|0x00000000adb00000, 0x00000000adb00000, 0x00000000adc00000|  0%| F|  |TAMS 0x00000000adb00000, 0x00000000adb00000| Untracked 
| 220|0x00000000adc00000, 0x00000000adc00000, 0x00000000add00000|  0%| F|  |TAMS 0x00000000adc00000, 0x00000000adc00000| Untracked 
| 221|0x00000000add00000, 0x00000000add00000, 0x00000000ade00000|  0%| F|  |TAMS 0x00000000add00000, 0x00000000add00000| Untracked 
| 222|0x00000000ade00000, 0x00000000ade00000, 0x00000000adf00000|  0%| F|  |TAMS 0x00000000ade00000, 0x00000000ade00000| Untracked 
| 223|0x00000000adf00000, 0x00000000adf00000, 0x00000000ae000000|  0%| F|  |TAMS 0x00000000adf00000, 0x00000000adf00000| Untracked 
| 224|0x00000000ae000000, 0x00000000ae000000, 0x00000000ae100000|  0%| F|  |TAMS 0x00000000ae000000, 0x00000000ae000000| Untracked 
| 225|0x00000000ae100000, 0x00000000ae100000, 0x00000000ae200000|  0%| F|  |TAMS 0x00000000ae100000, 0x00000000ae100000| Untracked 
| 226|0x00000000ae200000, 0x00000000ae200000, 0x00000000ae300000|  0%| F|  |TAMS 0x00000000ae200000, 0x00000000ae200000| Untracked 
| 227|0x00000000ae300000, 0x00000000ae300000, 0x00000000ae400000|  0%| F|  |TAMS 0x00000000ae300000, 0x00000000ae300000| Untracked 
| 228|0x00000000ae400000, 0x00000000ae400000, 0x00000000ae500000|  0%| F|  |TAMS 0x00000000ae400000, 0x00000000ae400000| Untracked 
| 229|0x00000000ae500000, 0x00000000ae500000, 0x00000000ae600000|  0%| F|  |TAMS 0x00000000ae500000, 0x00000000ae500000| Untracked 
| 230|0x00000000ae600000, 0x00000000ae600000, 0x00000000ae700000|  0%| F|  |TAMS 0x00000000ae600000, 0x00000000ae600000| Untracked 
| 231|0x00000000ae700000, 0x00000000ae700000, 0x00000000ae800000|  0%| F|  |TAMS 0x00000000ae700000, 0x00000000ae700000| Untracked 
| 232|0x00000000ae800000, 0x00000000ae800000, 0x00000000ae900000|  0%| F|  |TAMS 0x00000000ae800000, 0x00000000ae800000| Untracked 
| 233|0x00000000ae900000, 0x00000000ae900000, 0x00000000aea00000|  0%| F|  |TAMS 0x00000000ae900000, 0x00000000ae900000| Untracked 
| 234|0x00000000aea00000, 0x00000000aea00000, 0x00000000aeb00000|  0%| F|  |TAMS 0x00000000aea00000, 0x00000000aea00000| Untracked 
| 235|0x00000000aeb00000, 0x00000000aeb00000, 0x00000000aec00000|  0%| F|  |TAMS 0x00000000aeb00000, 0x00000000aeb00000| Untracked 
| 236|0x00000000aec00000, 0x00000000aec00000, 0x00000000aed00000|  0%| F|  |TAMS 0x00000000aec00000, 0x00000000aec00000| Untracked 
| 237|0x00000000aed00000, 0x00000000aed00000, 0x00000000aee00000|  0%| F|  |TAMS 0x00000000aed00000, 0x00000000aed00000| Untracked 
| 238|0x00000000aee00000, 0x00000000aee00000, 0x00000000aef00000|  0%| F|  |TAMS 0x00000000aee00000, 0x00000000aee00000| Untracked 
| 239|0x00000000aef00000, 0x00000000aef00000, 0x00000000af000000|  0%| F|  |TAMS 0x00000000aef00000, 0x00000000aef00000| Untracked 
| 240|0x00000000af000000, 0x00000000af000000, 0x00000000af100000|  0%| F|  |TAMS 0x00000000af000000, 0x00000000af000000| Untracked 
| 241|0x00000000af100000, 0x00000000af100000, 0x00000000af200000|  0%| F|  |TAMS 0x00000000af100000, 0x00000000af100000| Untracked 
| 242|0x00000000af200000, 0x00000000af200000, 0x00000000af300000|  0%| F|  |TAMS 0x00000000af200000, 0x00000000af200000| Untracked 
| 243|0x00000000af300000, 0x00000000af300000, 0x00000000af400000|  0%| F|  |TAMS 0x00000000af300000, 0x00000000af300000| Untracked 
| 244|0x00000000af400000, 0x00000000af400000, 0x00000000af500000|  0%| F|  |TAMS 0x00000000af400000, 0x00000000af400000| Untracked 
| 245|0x00000000af500000, 0x00000000af500000, 0x00000000af600000|  0%| F|  |TAMS 0x00000000af500000, 0x00000000af500000| Untracked 
| 246|0x00000000af600000, 0x00000000af600000, 0x00000000af700000|  0%| F|  |TAMS 0x00000000af600000, 0x00000000af600000| Untracked 
| 247|0x00000000af700000, 0x00000000af700000, 0x00000000af800000|  0%| F|  |TAMS 0x00000000af700000, 0x00000000af700000| Untracked 
| 248|0x00000000af800000, 0x00000000af800800, 0x00000000af900000|  0%| E|  |TAMS 0x00000000af800000, 0x00000000af800000| Complete 
| 249|0x00000000af900000, 0x00000000afa00000, 0x00000000afa00000|100%| E|CS|TAMS 0x00000000af900000, 0x00000000af900000| Complete 
| 250|0x00000000afa00000, 0x00000000afb00000, 0x00000000afb00000|100%| E|CS|TAMS 0x00000000afa00000, 0x00000000afa00000| Complete 
| 251|0x00000000afb00000, 0x00000000afc00000, 0x00000000afc00000|100%| E|CS|TAMS 0x00000000afb00000, 0x00000000afb00000| Complete 

Card table byte_map: [0x00000233c0c70000,0x00000233c0f70000] _byte_map_base: 0x00000233c0770000

Marking Bits (Prev, Next): (CMBitMap*) 0x00000233ae0436b0, (CMBitMap*) 0x00000233ae043678
 Prev Bits: [0x00000233c2a70000, 0x00000233c4270000)
 Next Bits: [0x00000233c1270000, 0x00000233c2a70000)

Polling page: 0x00000233abee0000

Metaspace:

Usage:
  Non-class:     38.33 MB capacity,    37.69 MB ( 98%) used,   561.29 KB (  1%) free+waste,    88.69 KB ( <1%) overhead. 
      Class:      5.61 MB capacity,     5.29 MB ( 94%) used,   281.42 KB (  5%) free+waste,    41.88 KB ( <1%) overhead. 
       Both:     43.94 MB capacity,    42.99 MB ( 98%) used,   842.71 KB (  2%) free+waste,   130.56 KB ( <1%) overhead. 

Virtual space:
  Non-class space:       46.00 MB reserved,      38.42 MB ( 84%) committed 
      Class space:        1.00 GB reserved,       5.63 MB ( <1%) committed 
             Both:        1.04 GB reserved,      44.05 MB (  4%) committed 

Chunk freelists:
   Non-Class:  31.00 KB
       Class:  0 bytes
        Both:  31.00 KB

MaxMetaspaceSize: 17179869184.00 GB
CompressedClassSpaceSize: 1.00 GB

CodeHeap 'non-profiled nmethods': size=120064Kb used=2035Kb max_used=2035Kb free=118028Kb
 bounds [0x00000233b9430000, 0x00000233b96a0000, 0x00000233c0970000]
CodeHeap 'profiled nmethods': size=120000Kb used=8352Kb max_used=8352Kb free=111647Kb
 bounds [0x00000233b1f00000, 0x00000233b2730000, 0x00000233b9430000]
CodeHeap 'non-nmethods': size=5696Kb used=2206Kb max_used=2249Kb free=3489Kb
 bounds [0x00000233b1970000, 0x00000233b1be0000, 0x00000233b1f00000]
 total_blobs=4513 nmethods=3730 adapters=693
 compilation: enabled
              stopped_count=0, restarted_count=0
 full_count=0

Compilation events (20 events):
Event: 39.353 Thread 0x00000233c709f800 3868       3       org.codehaus.groovy.vmplugin.v5.Java5::setMethodDefaultValue (42 bytes)
Event: 39.354 Thread 0x00000233c709f800 nmethod 3868 0x00000233b26e7790 code [0x00000233b26e79e0, 0x00000233b26e8158]
Event: 39.354 Thread 0x00000233c709f800 3869       3       java.lang.reflect.Method::getDeclaredAnnotations (5 bytes)
Event: 39.354 Thread 0x00000233c709f800 nmethod 3869 0x00000233b26e8410 code [0x00000233b26e8600, 0x00000233b26e8a68]
Event: 39.354 Thread 0x00000233c709f800 3872       1       org.codehaus.groovy.ast.FieldNode::getName (5 bytes)
Event: 39.354 Thread 0x00000233c709f800 nmethod 3872 0x00000233b9623790 code [0x00000233b9623940, 0x00000233b96239f8]
Event: 39.355 Thread 0x00000233c709f800 3874       2       java.util.Collections$SetFromMap::remove (19 bytes)
Event: 39.355 Thread 0x00000233c709f800 nmethod 3874 0x00000233b26e8c10 code [0x00000233b26e8dc0, 0x00000233b26e8ee8]
Event: 39.355 Thread 0x00000233c709f800 3875       2       java.nio.DirectByteBuffer::ix (10 bytes)
Event: 39.356 Thread 0x00000233c709f800 nmethod 3875 0x00000233b26e8f90 code [0x00000233b26e9140, 0x00000233b26e9238]
Event: 39.356 Thread 0x00000233c709f800 3876   !   3       sun.reflect.annotation.AnnotationParser::parseAnnotation2 (284 bytes)
Event: 39.358 Thread 0x00000233c709f800 nmethod 3876 0x00000233b26e9310 code [0x00000233b26e9720, 0x00000233b26eb3b8]
Event: 39.359 Thread 0x00000233c709f800 3877       3       java.lang.StackTraceElement::<init> (10 bytes)
Event: 39.359 Thread 0x00000233c709f800 nmethod 3877 0x00000233b26ebe90 code [0x00000233b26ec040, 0x00000233b26ec198]
Event: 39.360 Thread 0x00000233c709f800 3878       3       java.lang.ModuleLayer::boot (4 bytes)
Event: 39.360 Thread 0x00000233c709f800 nmethod 3878 0x00000233b26ec290 code [0x00000233b26ec440, 0x00000233b26ec538]
Event: 39.360 Thread 0x00000233c709f800 3879  s!   3       java.lang.StackTraceElement::computeFormat (71 bytes)
Event: 39.361 Thread 0x00000233c709f800 nmethod 3879 0x00000233b26ec590 code [0x00000233b26ec7c0, 0x00000233b26ed0f8]
Event: 39.361 Thread 0x00000233c709f800 3880       1       java.lang.StackTraceElement::getLineNumber (5 bytes)
Event: 39.361 Thread 0x00000233c709f800 nmethod 3880 0x00000233b9623a90 code [0x00000233b9623c40, 0x00000233b9623cf8]

GC Heap History (16 events):
Event: 0.985 GC heap before
{Heap before GC invocations=0 (full 0):
 garbage-first heap   total 258048K, used 20480K [0x00000000a0000000, 0x0000000100000000)
  region size 1024K, 14 young (14336K), 0 survivors (0K)
 Metaspace       used 7550K, capacity 7731K, committed 7936K, reserved 1056768K
  class space    used 695K, capacity 748K, committed 768K, reserved 1048576K
}
Event: 1.005 GC heap after
{Heap after GC invocations=1 (full 0):
 garbage-first heap   total 258048K, used 8210K [0x00000000a0000000, 0x0000000100000000)
  region size 1024K, 2 young (2048K), 2 survivors (2048K)
 Metaspace       used 7550K, capacity 7731K, committed 7936K, reserved 1056768K
  class space    used 695K, capacity 748K, committed 768K, reserved 1048576K
}
Event: 1.858 GC heap before
{Heap before GC invocations=1 (full 0):
 garbage-first heap   total 258048K, used 19474K [0x00000000a0000000, 0x0000000100000000)
  region size 1024K, 13 young (13312K), 2 survivors (2048K)
 Metaspace       used 10919K, capacity 11137K, committed 11264K, reserved 1058816K
  class space    used 1148K, capacity 1203K, committed 1280K, reserved 1048576K
}
Event: 1.861 GC heap after
{Heap after GC invocations=2 (full 0):
 garbage-first heap   total 258048K, used 9007K [0x00000000a0000000, 0x0000000100000000)
  region size 1024K, 1 young (1024K), 1 survivors (1024K)
 Metaspace       used 10919K, capacity 11137K, committed 11264K, reserved 1058816K
  class space    used 1148K, capacity 1203K, committed 1280K, reserved 1048576K
}
Event: 2.845 GC heap before
{Heap before GC invocations=2 (full 0):
 garbage-first heap   total 258048K, used 35631K [0x00000000a0000000, 0x0000000100000000)
  region size 1024K, 28 young (28672K), 1 survivors (1024K)
 Metaspace       used 11112K, capacity 11330K, committed 11520K, reserved 1058816K
  class space    used 1150K, capacity 1203K, committed 1280K, reserved 1048576K
}
Event: 2.849 GC heap after
{Heap after GC invocations=3 (full 0):
 garbage-first heap   total 258048K, used 13125K [0x00000000a0000000, 0x0000000100000000)
  region size 1024K, 4 young (4096K), 4 survivors (4096K)
 Metaspace       used 11112K, capacity 11330K, committed 11520K, reserved 1058816K
  class space    used 1150K, capacity 1203K, committed 1280K, reserved 1048576K
}
Event: 7.426 GC heap before
{Heap before GC invocations=3 (full 0):
 garbage-first heap   total 258048K, used 54085K [0x00000000a0000000, 0x0000000100000000)
  region size 1024K, 44 young (45056K), 4 survivors (4096K)
 Metaspace       used 18700K, capacity 19150K, committed 19328K, reserved 1067008K
  class space    used 2255K, capacity 2407K, committed 2432K, reserved 1048576K
}
Event: 7.436 GC heap after
{Heap after GC invocations=4 (full 0):
 garbage-first heap   total 258048K, used 15893K [0x00000000a0000000, 0x0000000100000000)
  region size 1024K, 3 young (3072K), 3 survivors (3072K)
 Metaspace       used 18700K, capacity 19150K, committed 19328K, reserved 1067008K
  class space    used 2255K, capacity 2407K, committed 2432K, reserved 1048576K
}
Event: 8.477 GC heap before
{Heap before GC invocations=4 (full 0):
 garbage-first heap   total 258048K, used 26133K [0x00000000a0000000, 0x0000000100000000)
  region size 1024K, 14 young (14336K), 3 survivors (3072K)
 Metaspace       used 20689K, capacity 21137K, committed 21296K, reserved 1069056K
  class space    used 2432K, capacity 2579K, committed 2688K, reserved 1048576K
}
Event: 8.485 GC heap after
{Heap after GC invocations=5 (full 0):
 garbage-first heap   total 258048K, used 16173K [0x00000000a0000000, 0x0000000100000000)
  region size 1024K, 4 young (4096K), 4 survivors (4096K)
 Metaspace       used 20689K, capacity 21137K, committed 21296K, reserved 1069056K
  class space    used 2432K, capacity 2579K, committed 2688K, reserved 1048576K
}
Event: 20.067 GC heap before
{Heap before GC invocations=6 (full 0):
 garbage-first heap   total 258048K, used 79661K [0x00000000a0000000, 0x0000000100000000)
  region size 1024K, 58 young (59392K), 4 survivors (4096K)
 Metaspace       used 26799K, capacity 27555K, committed 27696K, reserved 1073152K
  class space    used 3415K, capacity 3680K, committed 3712K, reserved 1048576K
}
Event: 20.075 GC heap after
{Heap after GC invocations=7 (full 0):
 garbage-first heap   total 258048K, used 29938K [0x00000000a0000000, 0x0000000100000000)
  region size 1024K, 8 young (8192K), 8 survivors (8192K)
 Metaspace       used 26799K, capacity 27555K, committed 27696K, reserved 1073152K
  class space    used 3415K, capacity 3680K, committed 3712K, reserved 1048576K
}
Event: 31.259 GC heap before
{Heap before GC invocations=7 (full 0):
 garbage-first heap   total 258048K, used 73970K [0x00000000a0000000, 0x0000000100000000)
  region size 1024K, 53 young (54272K), 8 survivors (8192K)
 Metaspace       used 34860K, capacity 35647K, committed 35888K, reserved 1081344K
  class space    used 4418K, capacity 4718K, committed 4736K, reserved 1048576K
}
Event: 31.272 GC heap after
{Heap after GC invocations=8 (full 0):
 garbage-first heap   total 258048K, used 33234K [0x00000000a0000000, 0x0000000100000000)
  region size 1024K, 11 young (11264K), 11 survivors (11264K)
 Metaspace       used 34860K, capacity 35647K, committed 35888K, reserved 1081344K
  class space    used 4418K, capacity 4718K, committed 4736K, reserved 1048576K
}
Event: 39.295 GC heap before
{Heap before GC invocations=9 (full 0):
 garbage-first heap   total 258048K, used 107986K [0x00000000a0000000, 0x0000000100000000)
  region size 1024K, 83 young (84992K), 11 survivors (11264K)
 Metaspace       used 43604K, capacity 44518K, committed 44592K, reserved 1093632K
  class space    used 5377K, capacity 5687K, committed 5760K, reserved 1048576K
}
Event: 39.334 GC heap after
{Heap after GC invocations=10 (full 0):
 garbage-first heap   total 258048K, used 37907K [0x00000000a0000000, 0x0000000100000000)
  region size 1024K, 13 young (13312K), 13 survivors (13312K)
 Metaspace       used 43604K, capacity 44518K, committed 44592K, reserved 1093632K
  class space    used 5377K, capacity 5687K, committed 5760K, reserved 1048576K
}

Deoptimization events (20 events):
Event: 38.169 Thread 0x00000233c90a8800 DEOPT PACKING pc=0x00000233b1f9169b sp=0x000000d3cb1f91a0
Event: 38.169 Thread 0x00000233c90a8800 DEOPT UNPACKING pc=0x00000233b19972ce sp=0x000000d3cb1f86e0 mode 0
Event: 38.170 Thread 0x00000233c90a8800 Uncommon trap: trap_request=0xffffffc6 fr.pc=0x00000233b954f224 relative=0x00000000000052e4
Event: 38.170 Thread 0x00000233c90a8800 Uncommon trap: reason=bimorphic_or_optimized_type_check action=maybe_recompile pc=0x00000233b954f224 method=java.net.URL.<init>(Ljava/net/URL;Ljava/lang/String;Ljava/net/URLStreamHandler;)V @ 504 c2
Event: 38.170 Thread 0x00000233c90a8800 DEOPT PACKING pc=0x00000233b954f224 sp=0x000000d3cb1f93b0
Event: 38.170 Thread 0x00000233c90a8800 DEOPT UNPACKING pc=0x00000233b19974af sp=0x000000d3cb1f9350 mode 2
Event: 38.173 Thread 0x00000233c90a8800 Uncommon trap: trap_request=0xffffffc6 fr.pc=0x00000233b954f224 relative=0x00000000000052e4
Event: 38.173 Thread 0x00000233c90a8800 Uncommon trap: reason=bimorphic_or_optimized_type_check action=maybe_recompile pc=0x00000233b954f224 method=java.net.URL.<init>(Ljava/net/URL;Ljava/lang/String;Ljava/net/URLStreamHandler;)V @ 504 c2
Event: 38.173 Thread 0x00000233c90a8800 DEOPT PACKING pc=0x00000233b954f224 sp=0x000000d3cb1f93b0
Event: 38.173 Thread 0x00000233c90a8800 DEOPT UNPACKING pc=0x00000233b19974af sp=0x000000d3cb1f9350 mode 2
Event: 38.195 Thread 0x00000233c90a8800 Uncommon trap: trap_request=0xffffffc6 fr.pc=0x00000233b954f224 relative=0x00000000000052e4
Event: 38.195 Thread 0x00000233c90a8800 Uncommon trap: reason=bimorphic_or_optimized_type_check action=maybe_recompile pc=0x00000233b954f224 method=java.net.URL.<init>(Ljava/net/URL;Ljava/lang/String;Ljava/net/URLStreamHandler;)V @ 504 c2
Event: 38.195 Thread 0x00000233c90a8800 DEOPT PACKING pc=0x00000233b954f224 sp=0x000000d3cb1f93b0
Event: 38.195 Thread 0x00000233c90a8800 DEOPT UNPACKING pc=0x00000233b19974af sp=0x000000d3cb1f9350 mode 2
Event: 39.017 Thread 0x00000233c90a8800 DEOPT PACKING pc=0x00000233b1f9169b sp=0x000000d3cb1f50c0
Event: 39.017 Thread 0x00000233c90a8800 DEOPT UNPACKING pc=0x00000233b19972ce sp=0x000000d3cb1f4600 mode 0
Event: 39.354 Thread 0x00000233c90a8800 Uncommon trap: trap_request=0xffffffde fr.pc=0x00000233b9510f54 relative=0x0000000000000514
Event: 39.354 Thread 0x00000233c90a8800 Uncommon trap: reason=class_check action=maybe_recompile pc=0x00000233b9510f54 method=java.lang.Throwable.<init>(Ljava/lang/String;Ljava/lang/Throwable;)V @ 24 c2
Event: 39.354 Thread 0x00000233c90a8800 DEOPT PACKING pc=0x00000233b9510f54 sp=0x000000d3cb1fb430
Event: 39.354 Thread 0x00000233c90a8800 DEOPT UNPACKING pc=0x00000233b19974af sp=0x000000d3cb1fb3f8 mode 2

Classes redefined (0 events):
No events

Internal exceptions (20 events):
Event: 36.290 Thread 0x00000233c90a8800 Exception <a 'java/lang/NoSuchMethodError'{0x00000000ad8e16c8}: 'int java.lang.invoke.DirectMethodHandle$Holder.invokeInterface(java.lang.Object, java.lang.Object)'> (0x00000000ad8e16c8) thrown at [./src/hotspot/share/interpreter/linkResolver.cpp, line 773]
Event: 36.303 Thread 0x00000233c90a8800 Exception <a 'java/lang/IncompatibleClassChangeError'{0x00000000ad8e4f00}: Found class java.lang.Object, but interface was expected> (0x00000000ad8e4f00) thrown at [./src/hotspot/share/interpreter/linkResolver.cpp, line 839]
Event: 36.458 Thread 0x00000233c90a8800 Exception <a 'java/lang/NoSuchMethodError'{0x00000000ad39de90}: 'int java.lang.invoke.DirectMethodHandle$Holder.invokeStaticInit(java.lang.Object)'> (0x00000000ad39de90) thrown at [./src/hotspot/share/interpreter/linkResolver.cpp, line 773]
Event: 36.946 Thread 0x00000233c99d1000 Exception <a 'sun/nio/fs/WindowsException'{0x00000000ad02cfe0}> (0x00000000ad02cfe0) thrown at [./src/hotspot/share/prims/jni.cpp, line 615]
Event: 36.950 Thread 0x00000233c99d1000 Exception <a 'sun/nio/fs/WindowsException'{0x00000000ad02d1d8}> (0x00000000ad02d1d8) thrown at [./src/hotspot/share/prims/jni.cpp, line 615]
Event: 36.963 Thread 0x00000233c90a8800 Exception <a 'java/lang/ClassNotFoundException'{0x00000000ad0cb610}: sync_studio_tooling2_c9wd2alepva07grg50rm6w6euBeanInfo> (0x00000000ad0cb610) thrown at [./src/hotspot/share/classfile/systemDictionary.cpp, line 231]
Event: 36.963 Thread 0x00000233c90a8800 Exception <a 'java/lang/ClassNotFoundException'{0x00000000ad0d3770}: sync_studio_tooling2_c9wd2alepva07grg50rm6w6euCustomizer> (0x00000000ad0d3770) thrown at [./src/hotspot/share/classfile/systemDictionary.cpp, line 231]
Event: 36.981 Thread 0x00000233c90a8800 Exception <a 'java/lang/ClassNotFoundException'{0x00000000acff2188}: org/gradle/invocation/DefaultGradle_DecoratedBeanInfo> (0x00000000acff2188) thrown at [./src/hotspot/share/classfile/systemDictionary.cpp, line 231]
Event: 36.982 Thread 0x00000233c90a8800 Exception <a 'java/lang/ClassNotFoundException'{0x00000000ac30ba18}: org/gradle/invocation/DefaultGradleBeanInfo> (0x00000000ac30ba18) thrown at [./src/hotspot/share/classfile/systemDictionary.cpp, line 231]
Event: 36.983 Thread 0x00000233c90a8800 Exception <a 'java/lang/ClassNotFoundException'{0x00000000ac328800}: org/gradle/api/internal/project/AbstractPluginAwareBeanInfo> (0x00000000ac328800) thrown at [./src/hotspot/share/classfile/systemDictionary.cpp, line 231]
Event: 36.984 Thread 0x00000233c90a8800 Exception <a 'java/lang/ClassNotFoundException'{0x00000000ac344b60}: org/gradle/api/internal/project/AbstractPluginAwareCustomizer> (0x00000000ac344b60) thrown at [./src/hotspot/share/classfile/systemDictionary.cpp, line 231]
Event: 36.985 Thread 0x00000233c90a8800 Exception <a 'java/lang/ClassNotFoundException'{0x00000000ac366828}: org/gradle/invocation/DefaultGradleCustomizer> (0x00000000ac366828) thrown at [./src/hotspot/share/classfile/systemDictionary.cpp, line 231]
Event: 36.990 Thread 0x00000233c90a8800 Exception <a 'java/lang/ClassNotFoundException'{0x00000000ac3b0440}: org/gradle/invocation/DefaultGradle_DecoratedCustomizer> (0x00000000ac3b0440) thrown at [./src/hotspot/share/classfile/systemDictionary.cpp, line 231]
Event: 38.606 Thread 0x00000233c99d1000 Exception <a 'sun/nio/fs/WindowsException'{0x00000000ab2fa3a8}> (0x00000000ab2fa3a8) thrown at [./src/hotspot/share/prims/jni.cpp, line 615]
Event: 38.612 Thread 0x00000233c99d1000 Exception <a 'sun/nio/fs/WindowsException'{0x00000000ab2fa538}> (0x00000000ab2fa538) thrown at [./src/hotspot/share/prims/jni.cpp, line 615]
Event: 38.623 Thread 0x00000233c90a8800 Exception <a 'java/lang/ClassNotFoundException'{0x00000000ab271760}: ijinit4_czyvl97n7cwgyub79bfcsezktBeanInfo> (0x00000000ab271760) thrown at [./src/hotspot/share/classfile/systemDictionary.cpp, line 231]
Event: 38.624 Thread 0x00000233c90a8800 Exception <a 'java/lang/ClassNotFoundException'{0x00000000ab279328}: ijinit4_czyvl97n7cwgyub79bfcsezktCustomizer> (0x00000000ab279328) thrown at [./src/hotspot/share/classfile/systemDictionary.cpp, line 231]
Event: 39.353 Thread 0x00000233c90a8800 Exception <a 'java/lang/OutOfMemoryError'{0x00000000afb59e60}> (0x00000000afb59e60) thrown at [./src/hotspot/share/prims/jni.cpp, line 636]
Event: 39.353 Thread 0x00000233c90a8800 Exception <a 'java/lang/OutOfMemoryError'{0x00000000afb59e60}> (0x00000000afb59e60) thrown at [./src/hotspot/share/prims/jvm.cpp, line 1301]
Event: 39.353 Thread 0x00000233c90a8800 Exception <a 'java/lang/OutOfMemoryError'{0x00000000afb59e60}> (0x00000000afb59e60) thrown at [./src/hotspot/share/oops/instanceKlass.cpp, line 1029]

Events (20 events):
Event: 39.291 Executing VM operation: Deoptimize done
Event: 39.292 loading class org/codehaus/groovy/ast/tools/WideningCategories$1
Event: 39.292 loading class org/codehaus/groovy/ast/tools/WideningCategories$1 done
Event: 39.292 loading class org/codehaus/groovy/ast/tools/WideningCategories$2
Event: 39.292 loading class org/codehaus/groovy/ast/tools/WideningCategories$2 done
Event: 39.293 loading class jdk/internal/vm/annotation/Stable
Event: 39.293 loading class jdk/internal/vm/annotation/Stable done
Event: 39.295 Executing VM operation: CollectForMetadataAllocation
Event: 39.334 Executing VM operation: CollectForMetadataAllocation done
Event: 39.334 Thread 0x00000233cb091000 Thread exited: 0x00000233cb091000
Event: 39.352 loading class org/codehaus/groovy/ast/tools/WideningCategories$LowestUpperBoundClassNode$1
Event: 39.352 loading class org/codehaus/groovy/ast/tools/WideningCategories$LowestUpperBoundClassNode$1 done
Event: 39.353 loading class org/codehaus/groovy/transform/stc/UnionTypeClassNode
Event: 39.353 loading class org/codehaus/groovy/transform/stc/UnionTypeClassNode done
Event: 39.355 loading class org/gradle/api/tasks/TaskExecutionException
Event: 39.355 loading class org/gradle/api/tasks/TaskExecutionException done
Event: 39.356 loading class org/gradle/internal/exceptions/Contextual
Event: 39.356 loading class org/gradle/internal/exceptions/Contextual done
Event: 39.357 loading class java/lang/StackTraceElement$HashedModules
Event: 39.358 loading class java/lang/StackTraceElement$HashedModules done


Dynamic libraries:
0x00007ff6198c0000 - 0x00007ff6198ca000 	C:\Program Files\Android\Android Studio\jre\bin\java.exe
0x00007ffd34e40000 - 0x00007ffd35030000 	C:\WINDOWS\SYSTEM32\ntdll.dll
0x00007ffd32fa0000 - 0x00007ffd33052000 	C:\WINDOWS\System32\KERNEL32.DLL
0x00007ffd32070000 - 0x00007ffd32315000 	C:\WINDOWS\System32\KERNELBASE.dll
0x00007ffd2fb50000 - 0x00007ffd2fbdf000 	C:\WINDOWS\SYSTEM32\apphelp.dll
0x00007ffd32640000 - 0x00007ffd3273a000 	C:\WINDOWS\System32\ucrtbase.dll
0x00007ffd20e40000 - 0x00007ffd20e57000 	C:\Program Files\Android\Android Studio\jre\bin\VCRUNTIME140.dll
0x00007ffd20c20000 - 0x00007ffd20c39000 	C:\Program Files\Android\Android Studio\jre\bin\jli.dll
0x00007ffd33cc0000 - 0x00007ffd33e54000 	C:\WINDOWS\System32\USER32.dll
0x00007ffd31db0000 - 0x00007ffd31dd1000 	C:\WINDOWS\System32\win32u.dll
0x00007ffd1cf60000 - 0x00007ffd1d1e4000 	C:\WINDOWS\WinSxS\amd64_microsoft.windows.common-controls_6595b64144ccf1df_6.0.18362.1440_none_9e7dbfb9e45e8e67\COMCTL32.dll
0x00007ffd33060000 - 0x00007ffd33086000 	C:\WINDOWS\System32\GDI32.dll
0x00007ffd348f0000 - 0x00007ffd3498e000 	C:\WINDOWS\System32\msvcrt.dll
0x00007ffd32320000 - 0x00007ffd324b8000 	C:\WINDOWS\System32\gdi32full.dll
0x00007ffd34310000 - 0x00007ffd34646000 	C:\WINDOWS\System32\combase.dll
0x00007ffd31f20000 - 0x00007ffd31fbe000 	C:\WINDOWS\System32\msvcp_win.dll
0x00007ffd33fc0000 - 0x00007ffd340df000 	C:\WINDOWS\System32\RPCRT4.dll
0x00007ffd31e90000 - 0x00007ffd31f11000 	C:\WINDOWS\System32\bcryptPrimitives.dll
0x00007ffd33e60000 - 0x00007ffd33e8e000 	C:\WINDOWS\System32\IMM32.DLL
0x00007ffd1fc20000 - 0x00007ffd1fcbd000 	C:\Program Files\Android\Android Studio\jre\bin\msvcp140.dll
0x00007ffcf47c0000 - 0x00007ffcf527c000 	C:\Program Files\Android\Android Studio\jre\bin\server\jvm.dll
0x00007ffd32ef0000 - 0x00007ffd32f93000 	C:\WINDOWS\System32\ADVAPI32.dll
0x00007ffd33a30000 - 0x00007ffd33ac7000 	C:\WINDOWS\System32\sechost.dll
0x00007ffd341c0000 - 0x00007ffd341c8000 	C:\WINDOWS\System32\PSAPI.DLL
0x00007ffd17c90000 - 0x00007ffd17c99000 	C:\WINDOWS\SYSTEM32\WSOCK32.dll
0x00007ffd2f920000 - 0x00007ffd2f944000 	C:\WINDOWS\SYSTEM32\WINMM.dll
0x00007ffd29a80000 - 0x00007ffd29a8a000 	C:\WINDOWS\SYSTEM32\VERSION.dll
0x00007ffd33c50000 - 0x00007ffd33cbf000 	C:\WINDOWS\System32\WS2_32.dll
0x00007ffd2f3a0000 - 0x00007ffd2f3cd000 	C:\WINDOWS\SYSTEM32\WINMMBASE.dll
0x00007ffd32020000 - 0x00007ffd3206a000 	C:\WINDOWS\System32\cfgmgr32.dll
0x00007ffd31d40000 - 0x00007ffd31d51000 	C:\WINDOWS\System32\kernel.appcore.dll
0x00007ffd2af60000 - 0x00007ffd2af71000 	C:\Program Files\Android\Android Studio\jre\bin\verify.dll
0x00007ffd305a0000 - 0x00007ffd30794000 	C:\WINDOWS\SYSTEM32\DBGHELP.DLL
0x00007ffd1a910000 - 0x00007ffd1a93a000 	C:\WINDOWS\SYSTEM32\dbgcore.DLL
0x00007ffd1ff20000 - 0x00007ffd1ff49000 	C:\Program Files\Android\Android Studio\jre\bin\java.dll
0x00007ffd2baf0000 - 0x00007ffd2bafb000 	C:\Program Files\Android\Android Studio\jre\bin\jimage.dll
0x00007ffd1fea0000 - 0x00007ffd1feb8000 	C:\Program Files\Android\Android Studio\jre\bin\zip.dll
0x00007ffd33090000 - 0x00007ffd33778000 	C:\WINDOWS\System32\SHELL32.dll
0x00007ffd33f00000 - 0x00007ffd33fa7000 	C:\WINDOWS\System32\shcore.dll
0x00007ffd32740000 - 0x00007ffd32ebb000 	C:\WINDOWS\System32\windows.storage.dll
0x00007ffd31d00000 - 0x00007ffd31d1e000 	C:\WINDOWS\System32\profapi.dll
0x00007ffd31d60000 - 0x00007ffd31daa000 	C:\WINDOWS\System32\powrprof.dll
0x00007ffd31cf0000 - 0x00007ffd31d00000 	C:\WINDOWS\System32\UMPDC.dll
0x00007ffd34880000 - 0x00007ffd348d2000 	C:\WINDOWS\System32\shlwapi.dll
0x00007ffd32620000 - 0x00007ffd32637000 	C:\WINDOWS\System32\cryptsp.dll
0x00007ffd1fba0000 - 0x00007ffd1fbba000 	C:\Program Files\Android\Android Studio\jre\bin\net.dll
0x00007ffd1d3e0000 - 0x00007ffd1d4da000 	C:\WINDOWS\SYSTEM32\WINHTTP.dll
0x00007ffd314d0000 - 0x00007ffd31537000 	C:\WINDOWS\system32\mswsock.dll
0x00007ffd1fb80000 - 0x00007ffd1fb94000 	C:\Program Files\Android\Android Studio\jre\bin\nio.dll
0x00007ffd1fec0000 - 0x00007ffd1fee7000 	C:\Users\Sudhir Joshi\.gradle\native\f6784746aeab05261644944871eae4fe03e0ef1612fff0a4a95f87b438bc6780\windows-amd64\native-platform.dll
0x00007ffd2afa0000 - 0x00007ffd2afaa000 	C:\Program Files\Android\Android Studio\jre\bin\management.dll
0x00007ffd2af50000 - 0x00007ffd2af5c000 	C:\Program Files\Android\Android Studio\jre\bin\management_ext.dll
0x00007ffd31050000 - 0x00007ffd31083000 	C:\WINDOWS\system32\rsaenh.dll
0x00007ffd32ec0000 - 0x00007ffd32ee6000 	C:\WINDOWS\System32\bcrypt.dll
0x00007ffd31c10000 - 0x00007ffd31c35000 	C:\WINDOWS\SYSTEM32\USERENV.dll
0x00007ffd316a0000 - 0x00007ffd316ac000 	C:\WINDOWS\SYSTEM32\CRYPTBASE.dll
0x00007ffd311e0000 - 0x00007ffd3121a000 	C:\WINDOWS\SYSTEM32\IPHLPAPI.DLL
0x00007ffd348e0000 - 0x00007ffd348e8000 	C:\WINDOWS\System32\NSI.dll
0x00007ffd22cf0000 - 0x00007ffd22d06000 	C:\WINDOWS\SYSTEM32\dhcpcsvc6.DLL
0x00007ffd23bd0000 - 0x00007ffd23bec000 	C:\WINDOWS\SYSTEM32\dhcpcsvc.DLL
0x00007ffd31220000 - 0x00007ffd312eb000 	C:\WINDOWS\SYSTEM32\DNSAPI.dll
0x00007ffd23df0000 - 0x00007ffd23dfb000 	C:\WINDOWS\SYSTEM32\WINNSI.DLL

dbghelp: loaded successfully - version: 4.0.5 - missing functions: none
symbol engine: initialized successfully - sym options: 0x614 - pdb path: .;C:\Program Files\Android\Android Studio\jre\bin;C:\WINDOWS\SYSTEM32;C:\WINDOWS\WinSxS\amd64_microsoft.windows.common-controls_6595b64144ccf1df_6.0.18362.1440_none_9e7dbfb9e45e8e67;C:\Program Files\Android\Android Studio\jre\bin\server;C:\Users\Sudhir Joshi\.gradle\native\f6784746aeab05261644944871eae4fe03e0ef1612fff0a4a95f87b438bc6780\windows-amd64

VM Arguments:
jvm_args: --add-opens=java.base/java.util=ALL-UNNAMED --add-opens=java.base/java.lang=ALL-UNNAMED --add-opens=java.base/java.lang.invoke=ALL-UNNAMED --add-opens=java.prefs/java.util.prefs=ALL-UNNAMED -Xmx1536m -Dfile.encoding=windows-1252 -Duser.country=IN -Duser.language=en -Duser.variant 
java_command: org.gradle.launcher.daemon.bootstrap.GradleDaemon 6.5
java_class_path (initial): C:\Users\Sudhir Joshi\.gradle\wrapper\dists\gradle-6.5-all\2oz4ud9k3tuxjg84bbf55q0tn\gradle-6.5\lib\gradle-launcher-6.5.jar
Launcher Type: SUN_STANDARD

[Global flags]
     intx CICompilerCount                          = 3                                         {product} {ergonomic}
     uint ConcGCThreads                            = 1                                         {product} {ergonomic}
     uint G1ConcRefinementThreads                  = 4                                         {product} {ergonomic}
   size_t G1HeapRegionSize                         = 1048576                                   {product} {ergonomic}
    uintx GCDrainStackTargetSize                   = 64                                        {product} {ergonomic}
   size_t InitialHeapSize                          = 264241152                                 {product} {ergonomic}
   size_t MarkStackSize                            = 4194304                                   {product} {ergonomic}
   size_t MaxHeapSize                              = 1610612736                                {product} {command line}
   size_t MaxNewSize                               = 965738496                                 {product} {ergonomic}
   size_t MinHeapDeltaBytes                        = 1048576                                   {product} {ergonomic}
    uintx NonNMethodCodeHeapSize                   = 5830732                                {pd product} {ergonomic}
    uintx NonProfiledCodeHeapSize                  = 122913754                              {pd product} {ergonomic}
    uintx ProfiledCodeHeapSize                     = 122913754                              {pd product} {ergonomic}
    uintx ReservedCodeCacheSize                    = 251658240                              {pd product} {ergonomic}
     bool SegmentedCodeCache                       = true                                      {product} {ergonomic}
     bool UseCompressedClassPointers               = true                                 {lp64_product} {ergonomic}
     bool UseCompressedOops                        = true                                 {lp64_product} {ergonomic}
     bool UseG1GC                                  = true                                      {product} {ergonomic}
     bool UseLargePagesIndividualAllocation        = false                                  {pd product} {ergonomic}

Logging:
Log output configuration:
 #0: stdout all=warning uptime,level,tags
 #1: stderr all=off uptime,level,tags

Environment Variables:
PATH=C:\Program Files (x86)\Common Files\Oracle\Java\javapath;C:\WINDOWS\system32;C:\WINDOWS;C:\WINDOWS\System32\Wbem;C:\WINDOWS\System32\WindowsPowerShell\v1.0\;C:\WINDOWS\System32\OpenSSH\;C:\Users\Sudhir Joshi\AppData\Local\Microsoft\WindowsApps;C:\Users\Sudhir Joshi\AppData\Local\Programs\Git\cmd;
USERNAME=Sudhir Joshi
OS=Windows_NT
PROCESSOR_IDENTIFIER=Intel64 Family 6 Model 142 Stepping 9, GenuineIntel



---------------  S Y S T E M  ---------------

OS: Windows 10 , 64 bit Build 18362 (10.0.18362.1350)
OS uptime: 0 days 2:39 hours

CPU:total 4 (initial active 4) (2 cores per cpu, 2 threads per core) family 6 model 142 stepping 9, cmov, cx8, fxsr, mmx, sse, sse2, sse3, ssse3, sse4.1, sse4.2, popcnt, avx, avx2, aes, clmul, erms, 3dnowpref, lzcnt, ht, tsc, tscinvbit, bmi1, bmi2, adx, fma

Memory: 4k page, system-wide physical 16025M (9904M free)
TotalPageFile size 30889M (AvailPageFile size 1M)
current process WorkingSet (physical memory assigned to process): 272M, peak: 272M
current process commit charge ("private bytes"): 435M, peak: 440M

vm_info: OpenJDK 64-Bit Server VM (11.0.8+10-b944.6842174) for windows-amd64 JRE (11.0.8+10-b944.6842174), built on Sep 19 2020 01:11:42 by "builder" with MS VC++ 14.0 (VS2015)

END.
